<?xml version="1.0" encoding="UTF-8"?>
<testsuite xmlns:xsi="http://www.w3.org/2001/XMLSchema-instance" xsi:noNamespaceSchemaLocation="https://maven.apache.org/surefire/maven-surefire-plugin/xsd/surefire-test-report-3.0.xsd" version="3.0" name="com.samourai.wallet.crypto.CryptoUtilTest" time="0.568" tests="5" errors="0" skipped="0" failures="0">
  <properties>
[...]
</properties>
  <testcase name="encrypt" classname="com.samourai.wallet.crypto.CryptoUtilTest" time="0.155"/>
  <testcase name="createSignature" classname="com.samourai.wallet.crypto.CryptoUtilTest" time="0.071">
    <system-out><![CDATA[12:08:59.968 [main] INFO org.bitcoinj.Secp256k1Context - java.lang.UnsatisfiedLinkError: no wallycore in java.library.path: /Users/zacwatson/Library/Java/Extensions:/Library/Java/Extensions:/Network/Library/Java/Extensions:/System/Library/Java/Extensions:/usr/lib/java:.
12:09:00.018 [main] ERROR com.samourai.wallet.crypto.CryptoUtil - 
java.lang.RuntimeException: java.io.EOFException: DEF length 114 object truncated by 101
	at org.bitcoinj.core.ECKey$ECDSASignature.decodeFromDER(ECKey.java:577)
	at org.bitcoinj.core.ECKey.verify(ECKey.java:727)
	at org.bitcoinj.core.ECKey.verify(ECKey.java:737)
	at com.samourai.wallet.crypto.CryptoUtil.verifySignature(CryptoUtil.java:112)
	at com.samourai.wallet.crypto.CryptoUtilTest.createSignature(CryptoUtilTest.java:60)
	at java.base/jdk.internal.reflect.DirectMethodHandleAccessor.invoke(DirectMethodHandleAccessor.java:104)
	at java.base/java.lang.reflect.Method.invoke(Method.java:578)
	at org.junit.platform.commons.util.ReflectionUtils.invokeMethod(ReflectionUtils.java:725)
	at org.junit.jupiter.engine.execution.MethodInvocation.proceed(MethodInvocation.java:60)
	at org.junit.jupiter.engine.execution.InvocationInterceptorChain$ValidatingInvocation.proceed(InvocationInterceptorChain.java:131)
	at org.junit.jupiter.engine.extension.TimeoutExtension.intercept(TimeoutExtension.java:149)
	at org.junit.jupiter.engine.extension.TimeoutExtension.interceptTestableMethod(TimeoutExtension.java:140)
	at org.junit.jupiter.engine.extension.TimeoutExtension.interceptTestMethod(TimeoutExtension.java:84)
	at org.junit.jupiter.engine.execution.ExecutableInvoker$ReflectiveInterceptorCall.lambda$ofVoidMethod$0(ExecutableInvoker.java:115)
	at org.junit.jupiter.engine.execution.ExecutableInvoker.lambda$invoke$0(ExecutableInvoker.java:105)
	at org.junit.jupiter.engine.execution.InvocationInterceptorChain$InterceptedInvocation.proceed(InvocationInterceptorChain.java:106)
	at org.junit.jupiter.engine.execution.InvocationInterceptorChain.proceed(InvocationInterceptorChain.java:64)
	at org.junit.jupiter.engine.execution.InvocationInterceptorChain.chainAndInvoke(InvocationInterceptorChain.java:45)
	at org.junit.jupiter.engine.execution.InvocationInterceptorChain.invoke(InvocationInterceptorChain.java:37)
	at org.junit.jupiter.engine.execution.ExecutableInvoker.invoke(ExecutableInvoker.java:104)
	at org.junit.jupiter.engine.execution.ExecutableInvoker.invoke(ExecutableInvoker.java:98)
	at org.junit.jupiter.engine.descriptor.TestMethodTestDescriptor.lambda$invokeTestMethod$7(TestMethodTestDescriptor.java:214)
	at org.junit.platform.engine.support.hierarchical.ThrowableCollector.execute(ThrowableCollector.java:73)
	at org.junit.jupiter.engine.descriptor.TestMethodTestDescriptor.invokeTestMethod(TestMethodTestDescriptor.java:210)
	at org.junit.jupiter.engine.descriptor.TestMethodTestDescriptor.execute(TestMethodTestDescriptor.java:135)
	at org.junit.jupiter.engine.descriptor.TestMethodTestDescriptor.execute(TestMethodTestDescriptor.java:66)
	at org.junit.platform.engine.support.hierarchical.NodeTestTask.lambda$executeRecursively$6(NodeTestTask.java:151)
	at org.junit.platform.engine.support.hierarchical.ThrowableCollector.execute(ThrowableCollector.java:73)
	at org.junit.platform.engine.support.hierarchical.NodeTestTask.lambda$executeRecursively$8(NodeTestTask.java:141)
	at org.junit.platform.engine.support.hierarchical.Node.around(Node.java:137)
	at org.junit.platform.engine.support.hierarchical.NodeTestTask.lambda$executeRecursively$9(NodeTestTask.java:139)
	at org.junit.platform.engine.support.hierarchical.ThrowableCollector.execute(ThrowableCollector.java:73)
	at org.junit.platform.engine.support.hierarchical.NodeTestTask.executeRecursively(NodeTestTask.java:138)
	at org.junit.platform.engine.support.hierarchical.NodeTestTask.execute(NodeTestTask.java:95)
	at java.base/java.util.ArrayList.forEach(ArrayList.java:1511)
	at org.junit.platform.engine.support.hierarchical.SameThreadHierarchicalTestExecutorService.invokeAll(SameThreadHierarchicalTestExecutorService.java:41)
	at org.junit.platform.engine.support.hierarchical.NodeTestTask.lambda$executeRecursively$6(NodeTestTask.java:155)
	at org.junit.platform.engine.support.hierarchical.ThrowableCollector.execute(ThrowableCollector.java:73)
	at org.junit.platform.engine.support.hierarchical.NodeTestTask.lambda$executeRecursively$8(NodeTestTask.java:141)
	at org.junit.platform.engine.support.hierarchical.Node.around(Node.java:137)
	at org.junit.platform.engine.support.hierarchical.NodeTestTask.lambda$executeRecursively$9(NodeTestTask.java:139)
	at org.junit.platform.engine.support.hierarchical.ThrowableCollector.execute(ThrowableCollector.java:73)
	at org.junit.platform.engine.support.hierarchical.NodeTestTask.executeRecursively(NodeTestTask.java:138)
	at org.junit.platform.engine.support.hierarchical.NodeTestTask.execute(NodeTestTask.java:95)
	at java.base/java.util.ArrayList.forEach(ArrayList.java:1511)
	at org.junit.platform.engine.support.hierarchical.SameThreadHierarchicalTestExecutorService.invokeAll(SameThreadHierarchicalTestExecutorService.java:41)
	at org.junit.platform.engine.support.hierarchical.NodeTestTask.lambda$executeRecursively$6(NodeTestTask.java:155)
	at org.junit.platform.engine.support.hierarchical.ThrowableCollector.execute(ThrowableCollector.java:73)
	at org.junit.platform.engine.support.hierarchical.NodeTestTask.lambda$executeRecursively$8(NodeTestTask.java:141)
	at org.junit.platform.engine.support.hierarchical.Node.around(Node.java:137)
	at org.junit.platform.engine.support.hierarchical.NodeTestTask.lambda$executeRecursively$9(NodeTestTask.java:139)
	at org.junit.platform.engine.support.hierarchical.ThrowableCollector.execute(ThrowableCollector.java:73)
	at org.junit.platform.engine.support.hierarchical.NodeTestTask.executeRecursively(NodeTestTask.java:138)
	at org.junit.platform.engine.support.hierarchical.NodeTestTask.execute(NodeTestTask.java:95)
	at org.junit.platform.engine.support.hierarchical.SameThreadHierarchicalTestExecutorService.submit(SameThreadHierarchicalTestExecutorService.java:35)
	at org.junit.platform.engine.support.hierarchical.HierarchicalTestExecutor.execute(HierarchicalTestExecutor.java:57)
	at org.junit.platform.engine.support.hierarchical.HierarchicalTestEngine.execute(HierarchicalTestEngine.java:54)
	at org.junit.platform.launcher.core.EngineExecutionOrchestrator.execute(EngineExecutionOrchestrator.java:107)
	at org.junit.platform.launcher.core.EngineExecutionOrchestrator.execute(EngineExecutionOrchestrator.java:88)
	at org.junit.platform.launcher.core.EngineExecutionOrchestrator.lambda$execute$0(EngineExecutionOrchestrator.java:54)
	at org.junit.platform.launcher.core.EngineExecutionOrchestrator.withInterceptedStreams(EngineExecutionOrchestrator.java:67)
	at org.junit.platform.launcher.core.EngineExecutionOrchestrator.execute(EngineExecutionOrchestrator.java:52)
	at org.junit.platform.launcher.core.DefaultLauncher.execute(DefaultLauncher.java:114)
	at org.junit.platform.launcher.core.DefaultLauncher.execute(DefaultLauncher.java:86)
	at org.junit.platform.launcher.core.DefaultLauncherSession$DelegatingLauncher.execute(DefaultLauncherSession.java:86)
	at org.apache.maven.surefire.junitplatform.LazyLauncher.execute(LazyLauncher.java:56)
	at org.apache.maven.surefire.junitplatform.JUnitPlatformProvider.execute(JUnitPlatformProvider.java:184)
	at org.apache.maven.surefire.junitplatform.JUnitPlatformProvider.invokeAllTests(JUnitPlatformProvider.java:148)
	at org.apache.maven.surefire.junitplatform.JUnitPlatformProvider.invoke(JUnitPlatformProvider.java:122)
	at org.apache.maven.surefire.booter.ForkedBooter.runSuitesInProcess(ForkedBooter.java:385)
	at org.apache.maven.surefire.booter.ForkedBooter.execute(ForkedBooter.java:162)
	at org.apache.maven.surefire.booter.ForkedBooter.run(ForkedBooter.java:507)
	at org.apache.maven.surefire.booter.ForkedBooter.main(ForkedBooter.java:495)
Caused by: java.io.EOFException: DEF length 114 object truncated by 101
	at org.bouncycastle.asn1.DefiniteLengthInputStream.read(DefiniteLengthInputStream.java:59)
	at java.base/java.io.FilterInputStream.read(FilterInputStream.java:71)
	at org.bouncycastle.asn1.DefiniteLengthInputStream.read(DefiniteLengthInputStream.java:55)
	at java.base/java.io.FilterInputStream.read(FilterInputStream.java:71)
	at org.bouncycastle.asn1.DefiniteLengthInputStream.read(DefiniteLengthInputStream.java:55)
	at java.base/java.io.FilterInputStream.read(FilterInputStream.java:71)
	at org.bouncycastle.asn1.DefiniteLengthInputStream.read(DefiniteLengthInputStream.java:55)
	at java.base/java.io.FilterInputStream.read(FilterInputStream.java:71)
	at org.bouncycastle.asn1.DefiniteLengthInputStream.read(DefiniteLengthInputStream.java:55)
	at java.base/java.io.FilterInputStream.read(FilterInputStream.java:71)
	at org.bouncycastle.asn1.DefiniteLengthInputStream.read(DefiniteLengthInputStream.java:55)
	at java.base/java.io.FilterInputStream.read(FilterInputStream.java:71)
	at org.bouncycastle.asn1.DefiniteLengthInputStream.read(DefiniteLengthInputStream.java:55)
	at java.base/java.io.FilterInputStream.read(FilterInputStream.java:71)
	at org.bouncycastle.asn1.ASN1InputStream.readLength(ASN1InputStream.java:389)
	at org.bouncycastle.asn1.ASN1InputStream.readLength(ASN1InputStream.java:105)
	at org.bouncycastle.asn1.ASN1InputStream.readObject(ASN1InputStream.java:201)
	at org.bouncycastle.asn1.ASN1InputStream.readVector(ASN1InputStream.java:309)
	at org.bouncycastle.asn1.ASN1InputStream.readVector(ASN1InputStream.java:332)
	at org.bouncycastle.asn1.ASN1InputStream.readTaggedObjectDL(ASN1InputStream.java:303)
	at org.bouncycastle.asn1.ASN1InputStream.buildObject(ASN1InputStream.java:146)
	at org.bouncycastle.asn1.ASN1InputStream.readObject(ASN1InputStream.java:208)
	at org.bouncycastle.asn1.ASN1InputStream.readVector(ASN1InputStream.java:309)
	at org.bouncycastle.asn1.ASN1InputStream.readVector(ASN1InputStream.java:332)
	at org.bouncycastle.asn1.ASN1InputStream.readTaggedObjectDL(ASN1InputStream.java:303)
	at org.bouncycastle.asn1.ASN1InputStream.buildObject(ASN1InputStream.java:146)
	at org.bouncycastle.asn1.ASN1InputStream.readObject(ASN1InputStream.java:208)
	at org.bouncycastle.asn1.ASN1InputStream.readVector(ASN1InputStream.java:309)
	at org.bouncycastle.asn1.ASN1InputStream.readVector(ASN1InputStream.java:332)
	at org.bouncycastle.asn1.ASN1InputStream.readTaggedObjectDL(ASN1InputStream.java:303)
	at org.bouncycastle.asn1.ASN1InputStream.buildObject(ASN1InputStream.java:146)
	at org.bouncycastle.asn1.ASN1InputStream.readObject(ASN1InputStream.java:208)
	at org.bouncycastle.asn1.ASN1InputStream.readVector(ASN1InputStream.java:309)
	at org.bouncycastle.asn1.ASN1InputStream.readVector(ASN1InputStream.java:332)
	at org.bouncycastle.asn1.ASN1InputStream.readTaggedObjectDL(ASN1InputStream.java:303)
	at org.bouncycastle.asn1.ASN1InputStream.buildObject(ASN1InputStream.java:146)
	at org.bouncycastle.asn1.ASN1InputStream.readObject(ASN1InputStream.java:208)
	at org.bouncycastle.asn1.ASN1InputStream.readVector(ASN1InputStream.java:309)
	at org.bouncycastle.asn1.ASN1InputStream.readVector(ASN1InputStream.java:332)
	at org.bouncycastle.asn1.ASN1InputStream.readTaggedObjectDL(ASN1InputStream.java:303)
	at org.bouncycastle.asn1.ASN1InputStream.buildObject(ASN1InputStream.java:146)
	at org.bouncycastle.asn1.ASN1InputStream.readObject(ASN1InputStream.java:208)
	at org.bouncycastle.asn1.ASN1InputStream.readVector(ASN1InputStream.java:309)
	at org.bouncycastle.asn1.ASN1InputStream.readVector(ASN1InputStream.java:332)
	at org.bouncycastle.asn1.ASN1InputStream.readTaggedObjectDL(ASN1InputStream.java:303)
	at org.bouncycastle.asn1.ASN1InputStream.buildObject(ASN1InputStream.java:146)
	at org.bouncycastle.asn1.ASN1InputStream.readObject(ASN1InputStream.java:208)
	at org.bouncycastle.asn1.ASN1InputStream.readVector(ASN1InputStream.java:309)
	at org.bouncycastle.asn1.ASN1InputStream.readVector(ASN1InputStream.java:332)
	at org.bouncycastle.asn1.ASN1InputStream.readTaggedObjectDL(ASN1InputStream.java:303)
	at org.bouncycastle.asn1.ASN1InputStream.buildObject(ASN1InputStream.java:146)
	at org.bouncycastle.asn1.ASN1InputStream.readObject(ASN1InputStream.java:208)
	at org.bitcoinj.core.ECKey$ECDSASignature.decodeFromDER(ECKey.java:563)
	... 72 common frames omitted
]]></system-out>
  </testcase>
  <testcase name="getSharedSecret" classname="com.samourai.wallet.crypto.CryptoUtilTest" time="0.003"/>
  <testcase name="decrypt" classname="com.samourai.wallet.crypto.CryptoUtilTest" time="0.005"/>
  <testcase name="verifySignature" classname="com.samourai.wallet.crypto.CryptoUtilTest" time="0.005">
    <system-out><![CDATA[12:09:00.097 [main] ERROR com.samourai.wallet.crypto.CryptoUtil - 
java.lang.RuntimeException: java.io.EOFException: DEF length 114 object truncated by 101
	at org.bitcoinj.core.ECKey$ECDSASignature.decodeFromDER(ECKey.java:577)
	at org.bitcoinj.core.ECKey.verify(ECKey.java:727)
	at org.bitcoinj.core.ECKey.verify(ECKey.java:737)
	at com.samourai.wallet.crypto.CryptoUtil.verifySignature(CryptoUtil.java:112)
	at com.samourai.wallet.crypto.CryptoUtilTest.verifySignature(CryptoUtilTest.java:71)
	at java.base/jdk.internal.reflect.DirectMethodHandleAccessor.invoke(DirectMethodHandleAccessor.java:104)
	at java.base/java.lang.reflect.Method.invoke(Method.java:578)
	at org.junit.platform.commons.util.ReflectionUtils.invokeMethod(ReflectionUtils.java:725)
	at org.junit.jupiter.engine.execution.MethodInvocation.proceed(MethodInvocation.java:60)
	at org.junit.jupiter.engine.execution.InvocationInterceptorChain$ValidatingInvocation.proceed(InvocationInterceptorChain.java:131)
	at org.junit.jupiter.engine.extension.TimeoutExtension.intercept(TimeoutExtension.java:149)
	at org.junit.jupiter.engine.extension.TimeoutExtension.interceptTestableMethod(TimeoutExtension.java:140)
	at org.junit.jupiter.engine.extension.TimeoutExtension.interceptTestMethod(TimeoutExtension.java:84)
	at org.junit.jupiter.engine.execution.ExecutableInvoker$ReflectiveInterceptorCall.lambda$ofVoidMethod$0(ExecutableInvoker.java:115)
	at org.junit.jupiter.engine.execution.ExecutableInvoker.lambda$invoke$0(ExecutableInvoker.java:105)
	at org.junit.jupiter.engine.execution.InvocationInterceptorChain$InterceptedInvocation.proceed(InvocationInterceptorChain.java:106)
	at org.junit.jupiter.engine.execution.InvocationInterceptorChain.proceed(InvocationInterceptorChain.java:64)
	at org.junit.jupiter.engine.execution.InvocationInterceptorChain.chainAndInvoke(InvocationInterceptorChain.java:45)
	at org.junit.jupiter.engine.execution.InvocationInterceptorChain.invoke(InvocationInterceptorChain.java:37)
	at org.junit.jupiter.engine.execution.ExecutableInvoker.invoke(ExecutableInvoker.java:104)
	at org.junit.jupiter.engine.execution.ExecutableInvoker.invoke(ExecutableInvoker.java:98)
	at org.junit.jupiter.engine.descriptor.TestMethodTestDescriptor.lambda$invokeTestMethod$7(TestMethodTestDescriptor.java:214)
	at org.junit.platform.engine.support.hierarchical.ThrowableCollector.execute(ThrowableCollector.java:73)
	at org.junit.jupiter.engine.descriptor.TestMethodTestDescriptor.invokeTestMethod(TestMethodTestDescriptor.java:210)
	at org.junit.jupiter.engine.descriptor.TestMethodTestDescriptor.execute(TestMethodTestDescriptor.java:135)
	at org.junit.jupiter.engine.descriptor.TestMethodTestDescriptor.execute(TestMethodTestDescriptor.java:66)
	at org.junit.platform.engine.support.hierarchical.NodeTestTask.lambda$executeRecursively$6(NodeTestTask.java:151)
	at org.junit.platform.engine.support.hierarchical.ThrowableCollector.execute(ThrowableCollector.java:73)
	at org.junit.platform.engine.support.hierarchical.NodeTestTask.lambda$executeRecursively$8(NodeTestTask.java:141)
	at org.junit.platform.engine.support.hierarchical.Node.around(Node.java:137)
	at org.junit.platform.engine.support.hierarchical.NodeTestTask.lambda$executeRecursively$9(NodeTestTask.java:139)
	at org.junit.platform.engine.support.hierarchical.ThrowableCollector.execute(ThrowableCollector.java:73)
	at org.junit.platform.engine.support.hierarchical.NodeTestTask.executeRecursively(NodeTestTask.java:138)
	at org.junit.platform.engine.support.hierarchical.NodeTestTask.execute(NodeTestTask.java:95)
	at java.base/java.util.ArrayList.forEach(ArrayList.java:1511)
	at org.junit.platform.engine.support.hierarchical.SameThreadHierarchicalTestExecutorService.invokeAll(SameThreadHierarchicalTestExecutorService.java:41)
	at org.junit.platform.engine.support.hierarchical.NodeTestTask.lambda$executeRecursively$6(NodeTestTask.java:155)
	at org.junit.platform.engine.support.hierarchical.ThrowableCollector.execute(ThrowableCollector.java:73)
	at org.junit.platform.engine.support.hierarchical.NodeTestTask.lambda$executeRecursively$8(NodeTestTask.java:141)
	at org.junit.platform.engine.support.hierarchical.Node.around(Node.java:137)
	at org.junit.platform.engine.support.hierarchical.NodeTestTask.lambda$executeRecursively$9(NodeTestTask.java:139)
	at org.junit.platform.engine.support.hierarchical.ThrowableCollector.execute(ThrowableCollector.java:73)
	at org.junit.platform.engine.support.hierarchical.NodeTestTask.executeRecursively(NodeTestTask.java:138)
	at org.junit.platform.engine.support.hierarchical.NodeTestTask.execute(NodeTestTask.java:95)
	at java.base/java.util.ArrayList.forEach(ArrayList.java:1511)
	at org.junit.platform.engine.support.hierarchical.SameThreadHierarchicalTestExecutorService.invokeAll(SameThreadHierarchicalTestExecutorService.java:41)
	at org.junit.platform.engine.support.hierarchical.NodeTestTask.lambda$executeRecursively$6(NodeTestTask.java:155)
	at org.junit.platform.engine.support.hierarchical.ThrowableCollector.execute(ThrowableCollector.java:73)
	at org.junit.platform.engine.support.hierarchical.NodeTestTask.lambda$executeRecursively$8(NodeTestTask.java:141)
	at org.junit.platform.engine.support.hierarchical.Node.around(Node.java:137)
	at org.junit.platform.engine.support.hierarchical.NodeTestTask.lambda$executeRecursively$9(NodeTestTask.java:139)
	at org.junit.platform.engine.support.hierarchical.ThrowableCollector.execute(ThrowableCollector.java:73)
	at org.junit.platform.engine.support.hierarchical.NodeTestTask.executeRecursively(NodeTestTask.java:138)
	at org.junit.platform.engine.support.hierarchical.NodeTestTask.execute(NodeTestTask.java:95)
	at org.junit.platform.engine.support.hierarchical.SameThreadHierarchicalTestExecutorService.submit(SameThreadHierarchicalTestExecutorService.java:35)
	at org.junit.platform.engine.support.hierarchical.HierarchicalTestExecutor.execute(HierarchicalTestExecutor.java:57)
	at org.junit.platform.engine.support.hierarchical.HierarchicalTestEngine.execute(HierarchicalTestEngine.java:54)
	at org.junit.platform.launcher.core.EngineExecutionOrchestrator.execute(EngineExecutionOrchestrator.java:107)
	at org.junit.platform.launcher.core.EngineExecutionOrchestrator.execute(EngineExecutionOrchestrator.java:88)
	at org.junit.platform.launcher.core.EngineExecutionOrchestrator.lambda$execute$0(EngineExecutionOrchestrator.java:54)
	at org.junit.platform.launcher.core.EngineExecutionOrchestrator.withInterceptedStreams(EngineExecutionOrchestrator.java:67)
	at org.junit.platform.launcher.core.EngineExecutionOrchestrator.execute(EngineExecutionOrchestrator.java:52)
	at org.junit.platform.launcher.core.DefaultLauncher.execute(DefaultLauncher.java:114)
	at org.junit.platform.launcher.core.DefaultLauncher.execute(DefaultLauncher.java:86)
	at org.junit.platform.launcher.core.DefaultLauncherSession$DelegatingLauncher.execute(DefaultLauncherSession.java:86)
	at org.apache.maven.surefire.junitplatform.LazyLauncher.execute(LazyLauncher.java:56)
	at org.apache.maven.surefire.junitplatform.JUnitPlatformProvider.execute(JUnitPlatformProvider.java:184)
	at org.apache.maven.surefire.junitplatform.JUnitPlatformProvider.invokeAllTests(JUnitPlatformProvider.java:148)
	at org.apache.maven.surefire.junitplatform.JUnitPlatformProvider.invoke(JUnitPlatformProvider.java:122)
	at org.apache.maven.surefire.booter.ForkedBooter.runSuitesInProcess(ForkedBooter.java:385)
	at org.apache.maven.surefire.booter.ForkedBooter.execute(ForkedBooter.java:162)
	at org.apache.maven.surefire.booter.ForkedBooter.run(ForkedBooter.java:507)
	at org.apache.maven.surefire.booter.ForkedBooter.main(ForkedBooter.java:495)
Caused by: java.io.EOFException: DEF length 114 object truncated by 101
	at org.bouncycastle.asn1.DefiniteLengthInputStream.read(DefiniteLengthInputStream.java:59)
	at java.base/java.io.FilterInputStream.read(FilterInputStream.java:71)
	at org.bouncycastle.asn1.DefiniteLengthInputStream.read(DefiniteLengthInputStream.java:55)
	at java.base/java.io.FilterInputStream.read(FilterInputStream.java:71)
	at org.bouncycastle.asn1.DefiniteLengthInputStream.read(DefiniteLengthInputStream.java:55)
	at java.base/java.io.FilterInputStream.read(FilterInputStream.java:71)
	at org.bouncycastle.asn1.DefiniteLengthInputStream.read(DefiniteLengthInputStream.java:55)
	at java.base/java.io.FilterInputStream.read(FilterInputStream.java:71)
	at org.bouncycastle.asn1.DefiniteLengthInputStream.read(DefiniteLengthInputStream.java:55)
	at java.base/java.io.FilterInputStream.read(FilterInputStream.java:71)
	at org.bouncycastle.asn1.DefiniteLengthInputStream.read(DefiniteLengthInputStream.java:55)
	at java.base/java.io.FilterInputStream.read(FilterInputStream.java:71)
	at org.bouncycastle.asn1.DefiniteLengthInputStream.read(DefiniteLengthInputStream.java:55)
	at java.base/java.io.FilterInputStream.read(FilterInputStream.java:71)
	at org.bouncycastle.asn1.ASN1InputStream.readLength(ASN1InputStream.java:389)
	at org.bouncycastle.asn1.ASN1InputStream.readLength(ASN1InputStream.java:105)
	at org.bouncycastle.asn1.ASN1InputStream.readObject(ASN1InputStream.java:201)
	at org.bouncycastle.asn1.ASN1InputStream.readVector(ASN1InputStream.java:309)
	at org.bouncycastle.asn1.ASN1InputStream.readVector(ASN1InputStream.java:332)
	at org.bouncycastle.asn1.ASN1InputStream.readTaggedObjectDL(ASN1InputStream.java:303)
	at org.bouncycastle.asn1.ASN1InputStream.buildObject(ASN1InputStream.java:146)
	at org.bouncycastle.asn1.ASN1InputStream.readObject(ASN1InputStream.java:208)
	at org.bouncycastle.asn1.ASN1InputStream.readVector(ASN1InputStream.java:309)
	at org.bouncycastle.asn1.ASN1InputStream.readVector(ASN1InputStream.java:332)
	at org.bouncycastle.asn1.ASN1InputStream.readTaggedObjectDL(ASN1InputStream.java:303)
	at org.bouncycastle.asn1.ASN1InputStream.buildObject(ASN1InputStream.java:146)
	at org.bouncycastle.asn1.ASN1InputStream.readObject(ASN1InputStream.java:208)
	at org.bouncycastle.asn1.ASN1InputStream.readVector(ASN1InputStream.java:309)
	at org.bouncycastle.asn1.ASN1InputStream.readVector(ASN1InputStream.java:332)
	at org.bouncycastle.asn1.ASN1InputStream.readTaggedObjectDL(ASN1InputStream.java:303)
	at org.bouncycastle.asn1.ASN1InputStream.buildObject(ASN1InputStream.java:146)
	at org.bouncycastle.asn1.ASN1InputStream.readObject(ASN1InputStream.java:208)
	at org.bouncycastle.asn1.ASN1InputStream.readVector(ASN1InputStream.java:309)
	at org.bouncycastle.asn1.ASN1InputStream.readVector(ASN1InputStream.java:332)
	at org.bouncycastle.asn1.ASN1InputStream.readTaggedObjectDL(ASN1InputStream.java:303)
	at org.bouncycastle.asn1.ASN1InputStream.buildObject(ASN1InputStream.java:146)
	at org.bouncycastle.asn1.ASN1InputStream.readObject(ASN1InputStream.java:208)
	at org.bouncycastle.asn1.ASN1InputStream.readVector(ASN1InputStream.java:309)
	at org.bouncycastle.asn1.ASN1InputStream.readVector(ASN1InputStream.java:332)
	at org.bouncycastle.asn1.ASN1InputStream.readTaggedObjectDL(ASN1InputStream.java:303)
	at org.bouncycastle.asn1.ASN1InputStream.buildObject(ASN1InputStream.java:146)
	at org.bouncycastle.asn1.ASN1InputStream.readObject(ASN1InputStream.java:208)
	at org.bouncycastle.asn1.ASN1InputStream.readVector(ASN1InputStream.java:309)
	at org.bouncycastle.asn1.ASN1InputStream.readVector(ASN1InputStream.java:332)
	at org.bouncycastle.asn1.ASN1InputStream.readTaggedObjectDL(ASN1InputStream.java:303)
	at org.bouncycastle.asn1.ASN1InputStream.buildObject(ASN1InputStream.java:146)
	at org.bouncycastle.asn1.ASN1InputStream.readObject(ASN1InputStream.java:208)
	at org.bouncycastle.asn1.ASN1InputStream.readVector(ASN1InputStream.java:309)
	at org.bouncycastle.asn1.ASN1InputStream.readVector(ASN1InputStream.java:332)
	at org.bouncycastle.asn1.ASN1InputStream.readTaggedObjectDL(ASN1InputStream.java:303)
	at org.bouncycastle.asn1.ASN1InputStream.buildObject(ASN1InputStream.java:146)
	at org.bouncycastle.asn1.ASN1InputStream.readObject(ASN1InputStream.java:208)
	at org.bitcoinj.core.ECKey$ECDSASignature.decodeFromDER(ECKey.java:563)
	... 72 common frames omitted
]]></system-out>
  </testcase>
</testsuite>