<?xml version="1.0" encoding="UTF-8"?>
<testsuite xmlns:xsi="http://www.w3.org/2001/XMLSchema-instance" xsi:noNamespaceSchemaLocation="https://maven.apache.org/surefire/maven-surefire-plugin/xsd/surefire-test-report-3.0.xsd" version="3.0" name="com.samourai.wallet.cahoots.Stonewallx2ServiceTest" time="5.699" tests="8" errors="0" skipped="0" failures="0">
  <properties>
[...]
</properties>
  <testcase name="STONEWALLx2_BIP84_POSTMIX" classname="com.samourai.wallet.cahoots.Stonewallx2ServiceTest" time="0.353">
    <system-out><![CDATA[12:09:57.079 [main] DEBUG com.samourai.http.client.JettyHttpClient - +httpClient: no proxy
12:09:57.243 [main] DEBUG com.samourai.wallet.bipWallet.WalletSupplierImpl - +BipWallet[DEPOSIT_BIP44]: BipWallet{id='DEPOSIT_BIP44', samouraiAccount=DEPOSIT, derivation=BipDerivation{purpose=44, accountIndex=0}, bipFormatDefault=LEGACY, bipFormats=[LEGACY], xPub='tpu...LwY', bipPub='tpu...LwY'}
12:09:57.243 [main] DEBUG com.samourai.wallet.bipWallet.WalletSupplierImpl - +BipWallet[DEPOSIT_BIP49]: BipWallet{id='DEPOSIT_BIP49', samouraiAccount=DEPOSIT, derivation=BipDerivation{purpose=49, accountIndex=0}, bipFormatDefault=SEGWIT_COMPAT, bipFormats=[SEGWIT_COMPAT], xPub='tpu...eV2', bipPub='upu...38D'}
12:09:57.243 [main] DEBUG com.samourai.wallet.bipWallet.WalletSupplierImpl - +BipWallet[DEPOSIT_BIP84]: BipWallet{id='DEPOSIT_BIP84', samouraiAccount=DEPOSIT, derivation=BipDerivation{purpose=84, accountIndex=0}, bipFormatDefault=SEGWIT_NATIVE, bipFormats=[SEGWIT_NATIVE], xPub='tpu...re9', bipPub='vpu...dCu'}
12:09:57.243 [main] DEBUG com.samourai.wallet.bipWallet.WalletSupplierImpl - +BipWallet[PREMIX_BIP84]: BipWallet{id='PREMIX_BIP84', samouraiAccount=PREMIX, derivation=BipDerivation{purpose=84, accountIndex=2147483645}, bipFormatDefault=SEGWIT_NATIVE, bipFormats=[SEGWIT_NATIVE], xPub='tpu...hvr', bipPub='vpu...4mL'}
12:09:57.243 [main] DEBUG com.samourai.wallet.bipWallet.WalletSupplierImpl - +BipWallet[POSTMIX_BIP84]: BipWallet{id='POSTMIX_BIP84', samouraiAccount=POSTMIX, derivation=BipDerivation{purpose=84, accountIndex=2147483646}, bipFormatDefault=SEGWIT_NATIVE, bipFormats=[SEGWIT_NATIVE, SEGWIT_COMPAT, LEGACY], xPub='tpu...sQD', bipPub='vpu...nrW'}
12:09:57.243 [main] DEBUG com.samourai.wallet.bipWallet.WalletSupplierImpl - +BipWallet[ASB_BIP84]: BipWallet{id='ASB_BIP84', samouraiAccount=SWAPS_ASB, derivation=BipDerivation{purpose=84, accountIndex=2147483641}, bipFormatDefault=SEGWIT_NATIVE, bipFormats=[SEGWIT_NATIVE], xPub='tpu...p4i', bipPub='vpu...sEH'}
12:09:57.243 [main] DEBUG com.samourai.wallet.bipWallet.WalletSupplierImpl - +BipWallet[SWAPS_DEPOSIT]: BipWallet{id='SWAPS_DEPOSIT', samouraiAccount=SWAPS_DEPOSIT, derivation=BipDerivation{purpose=84, accountIndex=2147483643}, bipFormatDefault=SEGWIT_NATIVE, bipFormats=[SEGWIT_NATIVE], xPub='tpu...3s7', bipPub='vpu...HpJ'}
12:09:57.243 [main] DEBUG com.samourai.wallet.bipWallet.WalletSupplierImpl - +BipWallet[SWAPS_REFUNDS]: BipWallet{id='SWAPS_REFUNDS', samouraiAccount=SWAPS_REFUNDS, derivation=BipDerivation{purpose=84, accountIndex=2147483642}, bipFormatDefault=SEGWIT_NATIVE, bipFormats=[SEGWIT_NATIVE], xPub='tpu...rMX', bipPub='vpu...Sr9'}
12:09:57.243 [main] DEBUG com.samourai.wallet.bipWallet.WalletSupplierImpl - +BipWallet[BADBANK_BIP84]: BipWallet{id='BADBANK_BIP84', samouraiAccount=BADBANK, derivation=BipDerivation{purpose=84, accountIndex=2147483644}, bipFormatDefault=SEGWIT_NATIVE, bipFormats=[SEGWIT_NATIVE], xPub='tpu...hmu', bipPub='vpu...tNY'}
12:09:57.243 [main] DEBUG com.samourai.wallet.bipWallet.WalletSupplierImpl - +BipWallet[RICOCHET_BIP84]: BipWallet{id='RICOCHET_BIP84', samouraiAccount=RICOCHET, derivation=BipDerivation{purpose=84, accountIndex=2147483647}, bipFormatDefault=SEGWIT_NATIVE, bipFormats=[SEGWIT_NATIVE], xPub='tpu...UMc', bipPub='vpu...knj'}
12:09:57.243 [main] DEBUG com.samourai.wallet.api.backend.BackendApi - urlBackend=https://api.samouraiwallet.com/test/v2, oAuth=no
12:09:57.243 [main] DEBUG com.samourai.wallet.util.LogbackUtils - Log level set to DEBUG for the logger 'com.samourai'
12:09:57.243 [main] DEBUG com.samourai.wallet.util.LogbackUtils - Log level set to DEBUG for the logger 'com.samourai.whirlpool.client'
12:09:57.243 [main] DEBUG com.samourai.wallet.util.LogbackUtils - Log level set to DEBUG for the logger 'com.samourai.whirlpool.client.mix.dialog'
12:09:57.243 [main] DEBUG com.samourai.wallet.util.LogbackUtils - Log level set to DEBUG for the logger 'com.samourai.stomp.client'
12:09:57.243 [main] DEBUG com.samourai.wallet.util.LogbackUtils - Log level set to DEBUG for the logger 'com.samourai.wallet.util.FeeUtil'
12:09:57.243 [main] DEBUG com.samourai.wallet.util.LogbackUtils - Log level set to DEBUG for the logger 'com.samourai.whirlpool.client.utils'
12:09:57.243 [main] DEBUG com.samourai.wallet.util.LogbackUtils - Log level set to DEBUG for the logger 'com.samourai.whirlpool.client.wallet'
12:09:57.243 [main] DEBUG com.samourai.wallet.util.LogbackUtils - Log level set to DEBUG for the logger 'com.samourai.wallet.cahoots'
12:09:57.243 [main] DEBUG com.samourai.wallet.util.LogbackUtils - Log level set to DEBUG for the logger 'com.samourai.wallet.cahoots.stowaway'
12:09:57.243 [main] DEBUG com.samourai.wallet.util.LogbackUtils - Log level set to DEBUG for the logger 'com.samourai.wallet.cahoots.stonewallx2'
12:09:57.243 [main] DEBUG com.samourai.wallet.util.LogbackUtils - Log level set to DEBUG for the logger 'com.samourai.wallet.sorobanClient'
12:09:57.243 [main] DEBUG com.samourai.wallet.util.LogbackUtils - Log level set to DEBUG for the logger 'com.samourai.soroban.client'
12:09:57.243 [main] DEBUG com.samourai.wallet.util.LogbackUtils - Log level set to DEBUG for the logger 'com.samourai.soroban.client.rpc'
12:09:57.243 [main] DEBUG com.samourai.wallet.util.LogbackUtils - Log level set to DEBUG for the logger 'com.samourai.soroban.client.dialog'
12:09:57.243 [main] DEBUG com.samourai.wallet.util.LogbackUtils - Log level set to DEBUG for the logger 'com.samourai.soroban.client.meeting'
12:09:57.243 [main] DEBUG com.samourai.wallet.util.LogbackUtils - Log level set to DEBUG for the logger 'com.samourai.whirlpool.client.wallet.orchestrator'
12:09:57.243 [main] DEBUG com.samourai.wallet.util.LogbackUtils - Log level set to ERROR for the logger 'org.bitcoinj'
12:09:57.243 [main] DEBUG com.samourai.wallet.util.LogbackUtils - Log level set to WARN for the logger 'org.bitcoin'
12:09:57.243 [main] DEBUG com.samourai.wallet.util.LogbackUtils - Log level set to INFO for the logger 'org.eclipse.jetty'
12:09:57.317 [main] DEBUG com.samourai.wallet.bipWallet.WalletSupplierImpl - +BipWallet[DEPOSIT_BIP44]: BipWallet{id='DEPOSIT_BIP44', samouraiAccount=DEPOSIT, derivation=BipDerivation{purpose=44, accountIndex=0}, bipFormatDefault=LEGACY, bipFormats=[LEGACY], xPub='tpu...LZp', bipPub='tpu...LZp'}
12:09:57.317 [main] DEBUG com.samourai.wallet.bipWallet.WalletSupplierImpl - +BipWallet[DEPOSIT_BIP49]: BipWallet{id='DEPOSIT_BIP49', samouraiAccount=DEPOSIT, derivation=BipDerivation{purpose=49, accountIndex=0}, bipFormatDefault=SEGWIT_COMPAT, bipFormats=[SEGWIT_COMPAT], xPub='tpu...2dH', bipPub='upu...bSs'}
12:09:57.317 [main] DEBUG com.samourai.wallet.bipWallet.WalletSupplierImpl - +BipWallet[DEPOSIT_BIP84]: BipWallet{id='DEPOSIT_BIP84', samouraiAccount=DEPOSIT, derivation=BipDerivation{purpose=84, accountIndex=0}, bipFormatDefault=SEGWIT_NATIVE, bipFormats=[SEGWIT_NATIVE], xPub='tpu...MfN', bipPub='vpu...sew'}
12:09:57.317 [main] DEBUG com.samourai.wallet.bipWallet.WalletSupplierImpl - +BipWallet[PREMIX_BIP84]: BipWallet{id='PREMIX_BIP84', samouraiAccount=PREMIX, derivation=BipDerivation{purpose=84, accountIndex=2147483645}, bipFormatDefault=SEGWIT_NATIVE, bipFormats=[SEGWIT_NATIVE], xPub='tpu...y1p', bipPub='vpu...D4a'}
12:09:57.317 [main] DEBUG com.samourai.wallet.bipWallet.WalletSupplierImpl - +BipWallet[POSTMIX_BIP84]: BipWallet{id='POSTMIX_BIP84', samouraiAccount=POSTMIX, derivation=BipDerivation{purpose=84, accountIndex=2147483646}, bipFormatDefault=SEGWIT_NATIVE, bipFormats=[SEGWIT_NATIVE, SEGWIT_COMPAT, LEGACY], xPub='tpu...NLN', bipPub='vpu...RKR'}
12:09:57.317 [main] DEBUG com.samourai.wallet.bipWallet.WalletSupplierImpl - +BipWallet[BADBANK_BIP84]: BipWallet{id='BADBANK_BIP84', samouraiAccount=BADBANK, derivation=BipDerivation{purpose=84, accountIndex=2147483644}, bipFormatDefault=SEGWIT_NATIVE, bipFormats=[SEGWIT_NATIVE], xPub='tpu...86t', bipPub='vpu...XXs'}
12:09:57.410 [main] DEBUG com.samourai.wallet.bipWallet.WalletSupplierImpl - +BipWallet[DEPOSIT_BIP44]: BipWallet{id='DEPOSIT_BIP44', samouraiAccount=DEPOSIT, derivation=BipDerivation{purpose=44, accountIndex=0}, bipFormatDefault=LEGACY, bipFormats=[LEGACY], xPub='tpu...XeJ', bipPub='tpu...XeJ'}
12:09:57.410 [main] DEBUG com.samourai.wallet.bipWallet.WalletSupplierImpl - +BipWallet[DEPOSIT_BIP49]: BipWallet{id='DEPOSIT_BIP49', samouraiAccount=DEPOSIT, derivation=BipDerivation{purpose=49, accountIndex=0}, bipFormatDefault=SEGWIT_COMPAT, bipFormats=[SEGWIT_COMPAT], xPub='tpu...TBn', bipPub='upu...QVy'}
12:09:57.410 [main] DEBUG com.samourai.wallet.bipWallet.WalletSupplierImpl - +BipWallet[DEPOSIT_BIP84]: BipWallet{id='DEPOSIT_BIP84', samouraiAccount=DEPOSIT, derivation=BipDerivation{purpose=84, accountIndex=0}, bipFormatDefault=SEGWIT_NATIVE, bipFormats=[SEGWIT_NATIVE], xPub='tpu...Nbr', bipPub='vpu...R4q'}
12:09:57.410 [main] DEBUG com.samourai.wallet.bipWallet.WalletSupplierImpl - +BipWallet[PREMIX_BIP84]: BipWallet{id='PREMIX_BIP84', samouraiAccount=PREMIX, derivation=BipDerivation{purpose=84, accountIndex=2147483645}, bipFormatDefault=SEGWIT_NATIVE, bipFormats=[SEGWIT_NATIVE], xPub='tpu...ZBX', bipPub='vpu...XxM'}
12:09:57.410 [main] DEBUG com.samourai.wallet.bipWallet.WalletSupplierImpl - +BipWallet[POSTMIX_BIP84]: BipWallet{id='POSTMIX_BIP84', samouraiAccount=POSTMIX, derivation=BipDerivation{purpose=84, accountIndex=2147483646}, bipFormatDefault=SEGWIT_NATIVE, bipFormats=[SEGWIT_NATIVE, SEGWIT_COMPAT, LEGACY], xPub='tpu...do5', bipPub='vpu...2eX'}
12:09:57.410 [main] DEBUG com.samourai.wallet.bipWallet.WalletSupplierImpl - +BipWallet[BADBANK_BIP84]: BipWallet{id='BADBANK_BIP84', samouraiAccount=BADBANK, derivation=BipDerivation{purpose=84, accountIndex=2147483644}, bipFormatDefault=SEGWIT_NATIVE, bipFormats=[SEGWIT_NATIVE], xPub='tpu...QxP', bipPub='vpu...M4F'}
12:09:57.438 [main] DEBUG com.samourai.http.client.JettyHttpClient - +httpClient: no proxy
12:09:57.587 [main] DEBUG com.samourai.wallet.bipWallet.WalletSupplierImpl - +BipWallet[DEPOSIT_BIP44]: BipWallet{id='DEPOSIT_BIP44', samouraiAccount=DEPOSIT, derivation=BipDerivation{purpose=44, accountIndex=0}, bipFormatDefault=LEGACY, bipFormats=[LEGACY], xPub='tpu...LwY', bipPub='tpu...LwY'}
12:09:57.587 [main] DEBUG com.samourai.wallet.bipWallet.WalletSupplierImpl - +BipWallet[DEPOSIT_BIP49]: BipWallet{id='DEPOSIT_BIP49', samouraiAccount=DEPOSIT, derivation=BipDerivation{purpose=49, accountIndex=0}, bipFormatDefault=SEGWIT_COMPAT, bipFormats=[SEGWIT_COMPAT], xPub='tpu...eV2', bipPub='upu...38D'}
12:09:57.587 [main] DEBUG com.samourai.wallet.bipWallet.WalletSupplierImpl - +BipWallet[DEPOSIT_BIP84]: BipWallet{id='DEPOSIT_BIP84', samouraiAccount=DEPOSIT, derivation=BipDerivation{purpose=84, accountIndex=0}, bipFormatDefault=SEGWIT_NATIVE, bipFormats=[SEGWIT_NATIVE], xPub='tpu...re9', bipPub='vpu...dCu'}
12:09:57.587 [main] DEBUG com.samourai.wallet.bipWallet.WalletSupplierImpl - +BipWallet[PREMIX_BIP84]: BipWallet{id='PREMIX_BIP84', samouraiAccount=PREMIX, derivation=BipDerivation{purpose=84, accountIndex=2147483645}, bipFormatDefault=SEGWIT_NATIVE, bipFormats=[SEGWIT_NATIVE], xPub='tpu...hvr', bipPub='vpu...4mL'}
12:09:57.587 [main] DEBUG com.samourai.wallet.bipWallet.WalletSupplierImpl - +BipWallet[POSTMIX_BIP84]: BipWallet{id='POSTMIX_BIP84', samouraiAccount=POSTMIX, derivation=BipDerivation{purpose=84, accountIndex=2147483646}, bipFormatDefault=SEGWIT_NATIVE, bipFormats=[SEGWIT_NATIVE, SEGWIT_COMPAT, LEGACY], xPub='tpu...sQD', bipPub='vpu...nrW'}
12:09:57.587 [main] DEBUG com.samourai.wallet.bipWallet.WalletSupplierImpl - +BipWallet[ASB_BIP84]: BipWallet{id='ASB_BIP84', samouraiAccount=SWAPS_ASB, derivation=BipDerivation{purpose=84, accountIndex=2147483641}, bipFormatDefault=SEGWIT_NATIVE, bipFormats=[SEGWIT_NATIVE], xPub='tpu...p4i', bipPub='vpu...sEH'}
12:09:57.587 [main] DEBUG com.samourai.wallet.bipWallet.WalletSupplierImpl - +BipWallet[SWAPS_DEPOSIT]: BipWallet{id='SWAPS_DEPOSIT', samouraiAccount=SWAPS_DEPOSIT, derivation=BipDerivation{purpose=84, accountIndex=2147483643}, bipFormatDefault=SEGWIT_NATIVE, bipFormats=[SEGWIT_NATIVE], xPub='tpu...3s7', bipPub='vpu...HpJ'}
12:09:57.587 [main] DEBUG com.samourai.wallet.bipWallet.WalletSupplierImpl - +BipWallet[SWAPS_REFUNDS]: BipWallet{id='SWAPS_REFUNDS', samouraiAccount=SWAPS_REFUNDS, derivation=BipDerivation{purpose=84, accountIndex=2147483642}, bipFormatDefault=SEGWIT_NATIVE, bipFormats=[SEGWIT_NATIVE], xPub='tpu...rMX', bipPub='vpu...Sr9'}
12:09:57.587 [main] DEBUG com.samourai.wallet.bipWallet.WalletSupplierImpl - +BipWallet[BADBANK_BIP84]: BipWallet{id='BADBANK_BIP84', samouraiAccount=BADBANK, derivation=BipDerivation{purpose=84, accountIndex=2147483644}, bipFormatDefault=SEGWIT_NATIVE, bipFormats=[SEGWIT_NATIVE], xPub='tpu...hmu', bipPub='vpu...tNY'}
12:09:57.587 [main] DEBUG com.samourai.wallet.bipWallet.WalletSupplierImpl - +BipWallet[RICOCHET_BIP84]: BipWallet{id='RICOCHET_BIP84', samouraiAccount=RICOCHET, derivation=BipDerivation{purpose=84, accountIndex=2147483647}, bipFormatDefault=SEGWIT_NATIVE, bipFormats=[SEGWIT_NATIVE], xPub='tpu...UMc', bipPub='vpu...knj'}
12:09:57.587 [main] DEBUG com.samourai.wallet.api.backend.BackendApi - urlBackend=https://api.samouraiwallet.com/test/v2, oAuth=no
12:09:57.588 [main] DEBUG com.samourai.wallet.util.LogbackUtils - Log level set to DEBUG for the logger 'com.samourai'
12:09:57.588 [main] DEBUG com.samourai.wallet.util.LogbackUtils - Log level set to DEBUG for the logger 'com.samourai.whirlpool.client'
12:09:57.588 [main] DEBUG com.samourai.wallet.util.LogbackUtils - Log level set to DEBUG for the logger 'com.samourai.whirlpool.client.mix.dialog'
12:09:57.588 [main] DEBUG com.samourai.wallet.util.LogbackUtils - Log level set to DEBUG for the logger 'com.samourai.stomp.client'
12:09:57.588 [main] DEBUG com.samourai.wallet.util.LogbackUtils - Log level set to DEBUG for the logger 'com.samourai.wallet.util.FeeUtil'
12:09:57.588 [main] DEBUG com.samourai.wallet.util.LogbackUtils - Log level set to DEBUG for the logger 'com.samourai.whirlpool.client.utils'
12:09:57.588 [main] DEBUG com.samourai.wallet.util.LogbackUtils - Log level set to DEBUG for the logger 'com.samourai.whirlpool.client.wallet'
12:09:57.588 [main] DEBUG com.samourai.wallet.util.LogbackUtils - Log level set to DEBUG for the logger 'com.samourai.wallet.cahoots'
12:09:57.588 [main] DEBUG com.samourai.wallet.util.LogbackUtils - Log level set to DEBUG for the logger 'com.samourai.wallet.cahoots.stowaway'
12:09:57.588 [main] DEBUG com.samourai.wallet.util.LogbackUtils - Log level set to DEBUG for the logger 'com.samourai.wallet.cahoots.stonewallx2'
12:09:57.588 [main] DEBUG com.samourai.wallet.util.LogbackUtils - Log level set to DEBUG for the logger 'com.samourai.wallet.sorobanClient'
12:09:57.588 [main] DEBUG com.samourai.wallet.util.LogbackUtils - Log level set to DEBUG for the logger 'com.samourai.soroban.client'
12:09:57.588 [main] DEBUG com.samourai.wallet.util.LogbackUtils - Log level set to DEBUG for the logger 'com.samourai.soroban.client.rpc'
12:09:57.588 [main] DEBUG com.samourai.wallet.util.LogbackUtils - Log level set to DEBUG for the logger 'com.samourai.soroban.client.dialog'
12:09:57.588 [main] DEBUG com.samourai.wallet.util.LogbackUtils - Log level set to DEBUG for the logger 'com.samourai.soroban.client.meeting'
12:09:57.588 [main] DEBUG com.samourai.wallet.util.LogbackUtils - Log level set to DEBUG for the logger 'com.samourai.whirlpool.client.wallet.orchestrator'
12:09:57.588 [main] DEBUG com.samourai.wallet.util.LogbackUtils - Log level set to ERROR for the logger 'org.bitcoinj'
12:09:57.588 [main] DEBUG com.samourai.wallet.util.LogbackUtils - Log level set to WARN for the logger 'org.bitcoin'
12:09:57.588 [main] DEBUG com.samourai.wallet.util.LogbackUtils - Log level set to INFO for the logger 'org.eclipse.jetty'
12:09:57.661 [main] DEBUG com.samourai.wallet.bipWallet.WalletSupplierImpl - +BipWallet[DEPOSIT_BIP44]: BipWallet{id='DEPOSIT_BIP44', samouraiAccount=DEPOSIT, derivation=BipDerivation{purpose=44, accountIndex=0}, bipFormatDefault=LEGACY, bipFormats=[LEGACY], xPub='tpu...LZp', bipPub='tpu...LZp'}
12:09:57.661 [main] DEBUG com.samourai.wallet.bipWallet.WalletSupplierImpl - +BipWallet[DEPOSIT_BIP49]: BipWallet{id='DEPOSIT_BIP49', samouraiAccount=DEPOSIT, derivation=BipDerivation{purpose=49, accountIndex=0}, bipFormatDefault=SEGWIT_COMPAT, bipFormats=[SEGWIT_COMPAT], xPub='tpu...2dH', bipPub='upu...bSs'}
12:09:57.661 [main] DEBUG com.samourai.wallet.bipWallet.WalletSupplierImpl - +BipWallet[DEPOSIT_BIP84]: BipWallet{id='DEPOSIT_BIP84', samouraiAccount=DEPOSIT, derivation=BipDerivation{purpose=84, accountIndex=0}, bipFormatDefault=SEGWIT_NATIVE, bipFormats=[SEGWIT_NATIVE], xPub='tpu...MfN', bipPub='vpu...sew'}
12:09:57.661 [main] DEBUG com.samourai.wallet.bipWallet.WalletSupplierImpl - +BipWallet[PREMIX_BIP84]: BipWallet{id='PREMIX_BIP84', samouraiAccount=PREMIX, derivation=BipDerivation{purpose=84, accountIndex=2147483645}, bipFormatDefault=SEGWIT_NATIVE, bipFormats=[SEGWIT_NATIVE], xPub='tpu...y1p', bipPub='vpu...D4a'}
12:09:57.661 [main] DEBUG com.samourai.wallet.bipWallet.WalletSupplierImpl - +BipWallet[POSTMIX_BIP84]: BipWallet{id='POSTMIX_BIP84', samouraiAccount=POSTMIX, derivation=BipDerivation{purpose=84, accountIndex=2147483646}, bipFormatDefault=SEGWIT_NATIVE, bipFormats=[SEGWIT_NATIVE, SEGWIT_COMPAT, LEGACY], xPub='tpu...NLN', bipPub='vpu...RKR'}
12:09:57.661 [main] DEBUG com.samourai.wallet.bipWallet.WalletSupplierImpl - +BipWallet[BADBANK_BIP84]: BipWallet{id='BADBANK_BIP84', samouraiAccount=BADBANK, derivation=BipDerivation{purpose=84, accountIndex=2147483644}, bipFormatDefault=SEGWIT_NATIVE, bipFormats=[SEGWIT_NATIVE], xPub='tpu...86t', bipPub='vpu...XXs'}
12:09:57.756 [main] DEBUG com.samourai.wallet.bipWallet.WalletSupplierImpl - +BipWallet[DEPOSIT_BIP44]: BipWallet{id='DEPOSIT_BIP44', samouraiAccount=DEPOSIT, derivation=BipDerivation{purpose=44, accountIndex=0}, bipFormatDefault=LEGACY, bipFormats=[LEGACY], xPub='tpu...XeJ', bipPub='tpu...XeJ'}
12:09:57.756 [main] DEBUG com.samourai.wallet.bipWallet.WalletSupplierImpl - +BipWallet[DEPOSIT_BIP49]: BipWallet{id='DEPOSIT_BIP49', samouraiAccount=DEPOSIT, derivation=BipDerivation{purpose=49, accountIndex=0}, bipFormatDefault=SEGWIT_COMPAT, bipFormats=[SEGWIT_COMPAT], xPub='tpu...TBn', bipPub='upu...QVy'}
12:09:57.756 [main] DEBUG com.samourai.wallet.bipWallet.WalletSupplierImpl - +BipWallet[DEPOSIT_BIP84]: BipWallet{id='DEPOSIT_BIP84', samouraiAccount=DEPOSIT, derivation=BipDerivation{purpose=84, accountIndex=0}, bipFormatDefault=SEGWIT_NATIVE, bipFormats=[SEGWIT_NATIVE], xPub='tpu...Nbr', bipPub='vpu...R4q'}
12:09:57.756 [main] DEBUG com.samourai.wallet.bipWallet.WalletSupplierImpl - +BipWallet[PREMIX_BIP84]: BipWallet{id='PREMIX_BIP84', samouraiAccount=PREMIX, derivation=BipDerivation{purpose=84, accountIndex=2147483645}, bipFormatDefault=SEGWIT_NATIVE, bipFormats=[SEGWIT_NATIVE], xPub='tpu...ZBX', bipPub='vpu...XxM'}
12:09:57.756 [main] DEBUG com.samourai.wallet.bipWallet.WalletSupplierImpl - +BipWallet[POSTMIX_BIP84]: BipWallet{id='POSTMIX_BIP84', samouraiAccount=POSTMIX, derivation=BipDerivation{purpose=84, accountIndex=2147483646}, bipFormatDefault=SEGWIT_NATIVE, bipFormats=[SEGWIT_NATIVE, SEGWIT_COMPAT, LEGACY], xPub='tpu...do5', bipPub='vpu...2eX'}
12:09:57.756 [main] DEBUG com.samourai.wallet.bipWallet.WalletSupplierImpl - +BipWallet[BADBANK_BIP84]: BipWallet{id='BADBANK_BIP84', samouraiAccount=BADBANK, derivation=BipDerivation{purpose=84, accountIndex=2147483644}, bipFormatDefault=SEGWIT_NATIVE, bipFormats=[SEGWIT_NATIVE], xPub='tpu...QxP', bipPub='vpu...M4F'}
12:09:57.782 [main] DEBUG com.samourai.wallet.cahoots.stonewallx2.Stonewallx2Service - # STONEWALLx2 INITIATOR => step=0
12:09:57.782 [main] DEBUG com.samourai.wallet.cahoots.AbstractCahootsTest - #0 SENDER => {"cahoots":{"psbt":"","destPaynym":"","cpty_account":0,"spend_amount":5000,"outpoints":[],"type":0,"params":"testnet","dest":"tb1q9m8cc0jkjlc9zwvea5a2365u6px3yu646vgez4","version":2,"fee_amount":0,"fingerprint":"eed8a1cd","step":0,"collabChange":"","id":"e4a9db432ab0fe7b90a971dbdb8030af44d73c2eef97bc4d98ab4f73dfc300c2","account":2147483646,"ts":1711645797}}
12:09:57.782 [main] DEBUG com.samourai.wallet.cahoots.stonewallx2.Stonewallx2Service - BIP FORMAT:: SEGWIT_NATIVE
12:09:57.782 [main] DEBUG com.samourai.wallet.cahoots.stonewallx2.Stonewallx2Service - +output (CounterParty Mix) = tb1q3a6ydd39ercnvhzz7hstz7en7x3ty7hyh39x6u
12:09:57.782 [main] DEBUG com.samourai.wallet.cahoots.AbstractCahoots2xService - ###### BEGIN doSTONEWALLx2_1 STONEWALLX2/COUNTERPARTY
12:09:57.782 [main] DEBUG com.samourai.wallet.cahoots.AbstractCahoots2xService -  * outpoints={}
12:09:57.782 [main] DEBUG com.samourai.wallet.cahoots.AbstractCahoots2xService -  * tx=null
12:09:57.782 [main] DEBUG com.samourai.wallet.cahoots.stonewallx2.Stonewallx2Service - BIP84 utxos:1
12:09:57.782 [main] DEBUG com.samourai.wallet.cahoots.stonewallx2.Stonewallx2Service - BIP84 selected utxo: CahootsUtxo{utxo=9407b31fd0159dc4dd3f5377e3b18e4b4aafef2977a52e76b95c3f899cbb05ad:1, value=10000, address=tb1qh287jqsh6mkpqmd8euumyfam00fkr78qhrdnde, path=null, xpub=tpubDCKFqGcLPzJFzmYqN8nNhHF9sn4Vp8fMTikUCh616sLwGgdeC1a5iF1Csg8ygwUP6hRT2W9h9M8zeHP1XHhgJ9ZSLgUAtL9BdcaRAkhhdo5}
12:09:57.782 [main] DEBUG com.samourai.wallet.cahoots.stonewallx2.Stonewallx2Service - 1 selected utxos, totalContributedAmount=10000, requiredAmount=5546
12:09:57.782 [main] DEBUG com.samourai.wallet.cahoots.stonewallx2.Stonewallx2Service - +output (CounterParty change) = tb1qdf8n6pna45g8046pffzzmhz42ncdmsk48wn7zx
12:09:57.782 [main] DEBUG com.samourai.wallet.cahoots.AbstractCahoots2xService - ###### END doSTONEWALLx2_1 STONEWALLX2/COUNTERPARTY
12:09:57.782 [main] DEBUG com.samourai.wallet.cahoots.AbstractCahoots2xService -  * outpoints={9407b31fd0159dc4dd3f5377e3b18e4b4aafef2977a52e76b95c3f899cbb05ad-1=10000}
12:09:57.783 [main] DEBUG com.samourai.wallet.cahoots.AbstractCahoots2xService -  * tx=  02e1d2f335b064ceff9612f9a6949118fdcfc42351b51317bd8884339187530d
  version 2
  time locked until block 1234
  opts into full replace-by-fee
     in    0.0001 BTC
          outpoint:9407b31fd0159dc4dd3f5377e3b18e4b4aafef2977a52e76b95c3f899cbb05ad:1
          sequence:fffffffd, opts into full RBF
     out  0[] PUSHDATA(20)[8f7446b625c8f1365c42f5e0b17b33f1a2b27ae4] 0.00005 BTC
     out  0[] PUSHDATA(20)[6a4f3d067dad1077d7414a442ddc5554f0ddc2d5] 0.00005 BTC
     fee  0.00 BTC/kB, 0.00 BTC for 113 bytes
     prps UNKNOWN

12:09:57.783 [main] DEBUG com.samourai.wallet.cahoots.stonewallx2.Stonewallx2Service - # STONEWALLx2 COUNTERPARTY => step=1
12:09:57.783 [main] DEBUG com.samourai.wallet.cahoots.AbstractCahootsTest - #1 COUNTERPARTY => {"cahoots":{"fingerprint_collab":"f0d70870","psbt":"abZy8000000rl[@:QFtb3<f.Zy1?VtMEQD>(TSk9wb(Ye3{+CD2=%I.2UWMr97uEf{fus=B79b@2v%x=WY(nH}6+g3ua1I:DL7DKvCbqZRk}v)+/JEw[vk:RfDi3<{IwBt*OB^Agv!gYndaweE%V<R77BjS6hQx%)[Ac}CEKCNQ}zxE]=yI@a+/K*000","destPaynym":"","cpty_account":2147483646,"spend_amount":5000,"outpoints":[{"value":10000,"outpoint":"9407b31fd0159dc4dd3f5377e3b18e4b4aafef2977a52e76b95c3f899cbb05ad-1"}],"type":0,"params":"testnet","dest":"tb1q9m8cc0jkjlc9zwvea5a2365u6px3yu646vgez4","version":2,"fee_amount":0,"fingerprint":"eed8a1cd","step":1,"collabChange":"tb1qdf8n6pna45g8046pffzzmhz42ncdmsk48wn7zx","id":"e4a9db432ab0fe7b90a971dbdb8030af44d73c2eef97bc4d98ab4f73dfc300c2","account":2147483646,"ts":1711645797}}
12:09:57.784 [main] DEBUG com.samourai.wallet.cahoots.stonewallx2.Stonewallx2Service - # STONEWALLx2 SENDER <= step=1
12:09:57.784 [main] DEBUG com.samourai.wallet.cahoots.AbstractCahoots2xService - ###### BEGIN doSTONEWALLx2_2 STONEWALLX2/SENDER
12:09:57.784 [main] DEBUG com.samourai.wallet.cahoots.AbstractCahoots2xService -  * outpoints={9407b31fd0159dc4dd3f5377e3b18e4b4aafef2977a52e76b95c3f899cbb05ad-1=10000}
12:09:57.784 [main] DEBUG com.samourai.wallet.cahoots.AbstractCahoots2xService -  * tx=  02e1d2f335b064ceff9612f9a6949118fdcfc42351b51317bd8884339187530d
  version 2
  time locked until block 1234
  opts into full replace-by-fee
     in   
          outpoint:9407b31fd0159dc4dd3f5377e3b18e4b4aafef2977a52e76b95c3f899cbb05ad:1
          sequence:fffffffd, opts into full RBF
     out  0[] PUSHDATA(20)[8f7446b625c8f1365c42f5e0b17b33f1a2b27ae4] 0.00005 BTC
     out  0[] PUSHDATA(20)[6a4f3d067dad1077d7414a442ddc5554f0ddc2d5] 0.00005 BTC
     prps UNKNOWN

12:09:57.784 [main] DEBUG com.samourai.wallet.cahoots.stonewallx2.Stonewallx2Service - step2 tx:0200000001ad05bb9c893f5cb9762ea57729efaf4a4b8eb1e377533fddc49d15d01fb307940100000000fdffffff0288130000000000001600148f7446b625c8f1365c42f5e0b17b33f1a2b27ae488130000000000001600146a4f3d067dad1077d7414a442ddc5554f0ddc2d5d2040000
12:09:57.784 [main] DEBUG com.samourai.wallet.cahoots.stonewallx2.Stonewallx2Service - step2 tx:  02e1d2f335b064ceff9612f9a6949118fdcfc42351b51317bd8884339187530d
  version 2
  time locked until block 1234
  opts into full replace-by-fee
     in   
          outpoint:9407b31fd0159dc4dd3f5377e3b18e4b4aafef2977a52e76b95c3f899cbb05ad:1
          sequence:fffffffd, opts into full RBF
     out  0[] PUSHDATA(20)[8f7446b625c8f1365c42f5e0b17b33f1a2b27ae4] 0.00005 BTC
     out  0[] PUSHDATA(20)[6a4f3d067dad1077d7414a442ddc5554f0ddc2d5] 0.00005 BTC
     prps UNKNOWN

12:09:57.784 [main] DEBUG com.samourai.wallet.cahoots.stonewallx2.Stonewallx2Service - BIP84 utxos:1
12:09:57.784 [main] DEBUG com.samourai.wallet.cahoots.stonewallx2.Stonewallx2Service - BIP84 selected utxo: CahootsUtxo{utxo=14cf9c6be92efcfe628aabd32b02c85e763615ddd430861bc18f6d366e4c4fd5:1, value=10000, address=tb1qkymumss6zj0rxy9l3v5vqxqwwffy8jjsyhrkrg, path=null, xpub=tpubDDLBK9gT5ipbV8vUZ5mv1ffgKEVrHfEjkp6o5aCK9TWorx2P466pJJMJRVdgmjC8pSgzFxGeVyG9ycivDEKeHbnkADkVFDnvsHnyufUfNLN}
12:09:57.784 [main] DEBUG com.samourai.wallet.cahoots.stonewallx2.Stonewallx2Service - fee:284
12:09:57.784 [main] DEBUG com.samourai.wallet.cahoots.stonewallx2.Stonewallx2Service - 1 selected utxos, totalContributedAmount=10000, requiredAmount=5830
12:09:57.784 [main] DEBUG com.samourai.wallet.cahoots.stonewallx2.Stonewallx2Service - fee pair:284
12:09:57.784 [main] DEBUG com.samourai.wallet.cahoots.stonewallx2.Stonewallx2Service - destination:tb1q9m8cc0jkjlc9zwvea5a2365u6px3yu646vgez4
12:09:57.784 [main] DEBUG com.samourai.wallet.cahoots.stonewallx2.Stonewallx2Service - output value post fee:4858
12:09:57.784 [main] DEBUG com.samourai.wallet.cahoots.stonewallx2.Stonewallx2Service - +output (Spender change) = tb1qeyh98ez2uhva8y4weuww02vqkpemq8xkrsr4mh
12:09:57.784 [main] DEBUG com.samourai.wallet.cahoots.AbstractCahoots2xService - ###### END doSTONEWALLx2_2 STONEWALLX2/SENDER
12:09:57.784 [main] DEBUG com.samourai.wallet.cahoots.AbstractCahoots2xService -  * outpoints={14cf9c6be92efcfe628aabd32b02c85e763615ddd430861bc18f6d366e4c4fd5-1=10000, 9407b31fd0159dc4dd3f5377e3b18e4b4aafef2977a52e76b95c3f899cbb05ad-1=10000}
12:09:57.784 [main] DEBUG com.samourai.wallet.cahoots.AbstractCahoots2xService -  * tx=  b8df5e48b8712e9e08121ad5b9db7747b1c7dd400bb141a02abe5ee43bad1f97
  version 2
  time locked until block 1234
  opts into full replace-by-fee
     in   
          outpoint:9407b31fd0159dc4dd3f5377e3b18e4b4aafef2977a52e76b95c3f899cbb05ad:1
          sequence:fffffffd, opts into full RBF
     in    0.0001 BTC
          outpoint:14cf9c6be92efcfe628aabd32b02c85e763615ddd430861bc18f6d366e4c4fd5:1
          sequence:fffffffd, opts into full RBF
     out  0[] PUSHDATA(20)[8f7446b625c8f1365c42f5e0b17b33f1a2b27ae4] 0.00005 BTC
     out  0[] PUSHDATA(20)[6a4f3d067dad1077d7414a442ddc5554f0ddc2d5] 0.00004858 BTC
     out  0[] PUSHDATA(20)[2ecf8c3e5697f0513999ed3aa8ea9cd04d127355] 0.00005 BTC
     out  0[] PUSHDATA(20)[c92e53e44ae5d9d392aecf1ce7a980b073b01cd6] 0.00004858 BTC
     prps UNKNOWN

12:09:57.784 [main] DEBUG com.samourai.wallet.cahoots.stonewallx2.Stonewallx2Service - # STONEWALLx2 SENDER => step=2
12:09:57.784 [main] DEBUG com.samourai.wallet.cahoots.AbstractCahootsTest - #2 SENDER => {"cahoots":{"fingerprint_collab":"f0d70870","psbt":"abZy8000000rl[#:=dPi2T.K1RWe5!:V>DYNsw}IZA>cTWT2:a/#N.v5tfKBD{(UX{Ep.i!W<ZeLJ>)$N>2@Z+/a1mw.#<rxW^mw+ITMz[&>^:%7W*:Vsg76tzS1<lRxS=O10f^E.9^HpA5Rp^m&i8Q87G?F$dD4ZL8qI=BO*qbDXq[Rx@PgAmabo7lZv@J+/{rBZ91eGl.8OXvh&fuzdR6}xjYF!Cu>FRUgZ+tkiW[n5NJ=jD&RK^N.V-?[7yLLT=#?jdp/)<ZBcY9jUDw7QhRZkT8[7Y*:s-.t%Sp","destPaynym":"","cpty_account":2147483646,"spend_amount":5000,"outpoints":[{"value":10000,"outpoint":"14cf9c6be92efcfe628aabd32b02c85e763615ddd430861bc18f6d366e4c4fd5-1"},{"value":10000,"outpoint":"9407b31fd0159dc4dd3f5377e3b18e4b4aafef2977a52e76b95c3f899cbb05ad-1"}],"type":0,"params":"testnet","dest":"tb1q9m8cc0jkjlc9zwvea5a2365u6px3yu646vgez4","version":2,"fee_amount":284,"fingerprint":"eed8a1cd","step":2,"collabChange":"tb1qdf8n6pna45g8046pffzzmhz42ncdmsk48wn7zx","id":"e4a9db432ab0fe7b90a971dbdb8030af44d73c2eef97bc4d98ab4f73dfc300c2","account":2147483646,"ts":1711645797}}
12:09:57.785 [main] DEBUG com.samourai.wallet.cahoots.stonewallx2.Stonewallx2Service - # STONEWALLx2 COUNTERPARTY <= step=2
12:09:57.785 [main] DEBUG com.samourai.wallet.cahoots.AbstractCahoots2xService - ###### BEGIN doStep3 STONEWALLX2/COUNTERPARTY
12:09:57.785 [main] DEBUG com.samourai.wallet.cahoots.AbstractCahoots2xService -  * outpoints={14cf9c6be92efcfe628aabd32b02c85e763615ddd430861bc18f6d366e4c4fd5-1=10000, 9407b31fd0159dc4dd3f5377e3b18e4b4aafef2977a52e76b95c3f899cbb05ad-1=10000}
12:09:57.785 [main] DEBUG com.samourai.wallet.cahoots.AbstractCahoots2xService -  * tx=  b8df5e48b8712e9e08121ad5b9db7747b1c7dd400bb141a02abe5ee43bad1f97
  version 2
  time locked until block 1234
  opts into full replace-by-fee
     in   
          outpoint:9407b31fd0159dc4dd3f5377e3b18e4b4aafef2977a52e76b95c3f899cbb05ad:1
          sequence:fffffffd, opts into full RBF
     in   
          outpoint:14cf9c6be92efcfe628aabd32b02c85e763615ddd430861bc18f6d366e4c4fd5:1
          sequence:fffffffd, opts into full RBF
     out  0[] PUSHDATA(20)[8f7446b625c8f1365c42f5e0b17b33f1a2b27ae4] 0.00005 BTC
     out  0[] PUSHDATA(20)[6a4f3d067dad1077d7414a442ddc5554f0ddc2d5] 0.00004858 BTC
     out  0[] PUSHDATA(20)[2ecf8c3e5697f0513999ed3aa8ea9cd04d127355] 0.00005 BTC
     out  0[] PUSHDATA(20)[c92e53e44ae5d9d392aecf1ce7a980b073b01cd6] 0.00004858 BTC
     prps UNKNOWN

12:09:57.785 [main] DEBUG com.samourai.wallet.cahoots.Cahoots2x - signTx:  2dd6bc01934c10b76d4656b76d7c882c4f1b2c6732fa53ec945ccbeeb468cf02
  version 2
  time locked until block 1234
  opts into full replace-by-fee
     in   
          outpoint:14cf9c6be92efcfe628aabd32b02c85e763615ddd430861bc18f6d366e4c4fd5:1
          sequence:fffffffd, opts into full RBF
     in   
          outpoint:9407b31fd0159dc4dd3f5377e3b18e4b4aafef2977a52e76b95c3f899cbb05ad:1
          sequence:fffffffd, opts into full RBF
     out  0[] PUSHDATA(20)[6a4f3d067dad1077d7414a442ddc5554f0ddc2d5] 0.00004858 BTC
     out  0[] PUSHDATA(20)[c92e53e44ae5d9d392aecf1ce7a980b073b01cd6] 0.00004858 BTC
     out  0[] PUSHDATA(20)[2ecf8c3e5697f0513999ed3aa8ea9cd04d127355] 0.00005 BTC
     out  0[] PUSHDATA(20)[8f7446b625c8f1365c42f5e0b17b33f1a2b27ae4] 0.00005 BTC
     prps UNKNOWN

12:09:57.785 [main] DEBUG com.samourai.wallet.cahoots.Cahoots2x - signTx outpoint:9407b31fd0159dc4dd3f5377e3b18e4b4aafef2977a52e76b95c3f899cbb05ad:1
12:09:57.785 [main] DEBUG com.samourai.wallet.cahoots.Cahoots2x - signTx bech32:tb1qyvqh86akdkhnh8fh7j0q7n8j78k0wruz5et8tj
12:09:57.785 [main] DEBUG com.samourai.wallet.cahoots.Cahoots2x - signTx value:10000
12:09:57.785 [main] DEBUG com.samourai.wallet.cahoots.AbstractCahootsService - [STONEWALLX2/COUNTERPARTY] computeSpendAmount: keyBag=[9407b31fd0159dc4dd3f5377e3b18e4b4aafef2977a52e76b95c3f899cbb05ad:1]
12:09:57.785 [main] DEBUG com.samourai.wallet.cahoots.AbstractCahootsService - [STONEWALLX2/COUNTERPARTY] computeSpendAmount: +input 10000 9407b31fd0159dc4dd3f5377e3b18e4b4aafef2977a52e76b95c3f899cbb05ad:1
12:09:57.786 [main] DEBUG com.samourai.wallet.cahoots.AbstractCahootsService - [STONEWALLX2/COUNTERPARTY] computeSpendAmount: -output 4858 tb1qdf8n6pna45g8046pffzzmhz42ncdmsk48wn7zx
12:09:57.786 [main] DEBUG com.samourai.wallet.cahoots.AbstractCahootsService - [STONEWALLX2/COUNTERPARTY] computeSpendAmount: -output 5000 tb1q3a6ydd39ercnvhzz7hstz7en7x3ty7hyh39x6u
12:09:57.786 [main] DEBUG com.samourai.wallet.cahoots.AbstractCahootsService - [STONEWALLX2/COUNTERPARTY] computeSpendAmount = 142
12:09:57.786 [main] DEBUG com.samourai.wallet.cahoots.stonewallx2.Stonewallx2Service - [STONEWALLX2/COUNTERPARTY] maxSpendAmount = 142: sharedMinerFee=142
12:09:57.786 [main] DEBUG com.samourai.wallet.cahoots.AbstractCahoots2xService - [STONEWALLX2/COUNTERPARTY] COUNTERPARTY verifiedSpendAmount=142, maxSpendAmount=142
12:09:57.786 [main] DEBUG com.samourai.wallet.cahoots.AbstractCahoots2xService - ###### END doStep3 STONEWALLX2/COUNTERPARTY
12:09:57.786 [main] DEBUG com.samourai.wallet.cahoots.AbstractCahoots2xService -  * outpoints={14cf9c6be92efcfe628aabd32b02c85e763615ddd430861bc18f6d366e4c4fd5-1=10000, 9407b31fd0159dc4dd3f5377e3b18e4b4aafef2977a52e76b95c3f899cbb05ad-1=10000}
12:09:57.786 [main] DEBUG com.samourai.wallet.cahoots.AbstractCahoots2xService -  * tx=  2dd6bc01934c10b76d4656b76d7c882c4f1b2c6732fa53ec945ccbeeb468cf02
  version 2
  time locked until block 1234
  opts into full replace-by-fee
     in   
          outpoint:14cf9c6be92efcfe628aabd32b02c85e763615ddd430861bc18f6d366e4c4fd5:1
          sequence:fffffffd, opts into full RBF
     in   
          outpoint:9407b31fd0159dc4dd3f5377e3b18e4b4aafef2977a52e76b95c3f899cbb05ad:1
          sequence:fffffffd, opts into full RBF
     out  0[] PUSHDATA(20)[6a4f3d067dad1077d7414a442ddc5554f0ddc2d5] 0.00004858 BTC
     out  0[] PUSHDATA(20)[c92e53e44ae5d9d392aecf1ce7a980b073b01cd6] 0.00004858 BTC
     out  0[] PUSHDATA(20)[2ecf8c3e5697f0513999ed3aa8ea9cd04d127355] 0.00005 BTC
     out  0[] PUSHDATA(20)[8f7446b625c8f1365c42f5e0b17b33f1a2b27ae4] 0.00005 BTC
     prps UNKNOWN

12:09:57.786 [main] DEBUG com.samourai.wallet.cahoots.stonewallx2.Stonewallx2Service - # STONEWALLx2 COUNTERPARTY => step=3
12:09:57.786 [main] DEBUG com.samourai.wallet.cahoots.AbstractCahootsTest - #3 COUNTERPARTY => {"cahoots":{"fingerprint_collab":"f0d70870","psbt":"abZy8000000rl[l*L)Ej2Y2nQQ-oVl@$pTd!-/nnKFi<fjj@GHy#^tN2RW<Ah]jz7YJ4C7jVqR[I=:x@e-0vwzU!kJq8I#P8Qj:A)&wDI[1t5ME}9*7l]FZ}h4CY7i=sN/?rzO]K^7-8{$e(uR#aS&Zz.6G.oS]!Kv/x4]}#/:bBgauvbxMx)^kRHfsmKPd?1ssH2pqL=@kxq}lS@?P)S{8kf<)s(S:FEWG$%]^x)&L[(4RlPVDq^W<CX0jHWP{:YXo#i(TQ&Jp+ajN{I/o2zDG13mlHkk3m>SfO]c9!%A!}/A<1o9jxP<]Q5]Fu@WYH@I#1NM$^38}(0amyR7?m0-P@x.KP5j-3!7<q!?b!FRS:j/W-sl/qaoA*1DiED*A7@c:-F331pHKEh-oDtD!&KXL=8buoN1[^-Hok^IK=CAKD-xF=4O110B#E:!O$r00","destPaynym":"","cpty_account":2147483646,"spend_amount":5000,"outpoints":[{"value":10000,"outpoint":"14cf9c6be92efcfe628aabd32b02c85e763615ddd430861bc18f6d366e4c4fd5-1"},{"value":10000,"outpoint":"9407b31fd0159dc4dd3f5377e3b18e4b4aafef2977a52e76b95c3f899cbb05ad-1"}],"type":0,"params":"testnet","dest":"tb1q9m8cc0jkjlc9zwvea5a2365u6px3yu646vgez4","version":2,"fee_amount":284,"fingerprint":"eed8a1cd","step":3,"collabChange":"tb1qdf8n6pna45g8046pffzzmhz42ncdmsk48wn7zx","id":"e4a9db432ab0fe7b90a971dbdb8030af44d73c2eef97bc4d98ab4f73dfc300c2","account":2147483646,"ts":1711645797}}
12:09:57.787 [main] DEBUG com.samourai.wallet.cahoots.stonewallx2.Stonewallx2Service - # STONEWALLx2 SENDER <= step=3
12:09:57.787 [main] DEBUG com.samourai.wallet.cahoots.AbstractCahoots2xService - ###### BEGIN doStep4 STONEWALLX2/SENDER
12:09:57.787 [main] DEBUG com.samourai.wallet.cahoots.AbstractCahoots2xService -  * outpoints={14cf9c6be92efcfe628aabd32b02c85e763615ddd430861bc18f6d366e4c4fd5-1=10000, 9407b31fd0159dc4dd3f5377e3b18e4b4aafef2977a52e76b95c3f899cbb05ad-1=10000}
12:09:57.787 [main] DEBUG com.samourai.wallet.cahoots.AbstractCahoots2xService -  * tx=  2dd6bc01934c10b76d4656b76d7c882c4f1b2c6732fa53ec945ccbeeb468cf02
  version 2
  time locked until block 1234
  opts into full replace-by-fee
     in   
          outpoint:14cf9c6be92efcfe628aabd32b02c85e763615ddd430861bc18f6d366e4c4fd5:1
          sequence:fffffffd, opts into full RBF
     in   
          outpoint:9407b31fd0159dc4dd3f5377e3b18e4b4aafef2977a52e76b95c3f899cbb05ad:1
          sequence:fffffffd, opts into full RBF
     out  0[] PUSHDATA(20)[6a4f3d067dad1077d7414a442ddc5554f0ddc2d5] 0.00004858 BTC
     out  0[] PUSHDATA(20)[c92e53e44ae5d9d392aecf1ce7a980b073b01cd6] 0.00004858 BTC
     out  0[] PUSHDATA(20)[2ecf8c3e5697f0513999ed3aa8ea9cd04d127355] 0.00005 BTC
     out  0[] PUSHDATA(20)[8f7446b625c8f1365c42f5e0b17b33f1a2b27ae4] 0.00005 BTC
     prps UNKNOWN

12:09:57.787 [main] DEBUG com.samourai.wallet.cahoots.Cahoots2x - signTx:  2dd6bc01934c10b76d4656b76d7c882c4f1b2c6732fa53ec945ccbeeb468cf02
  version 2
  time locked until block 1234
  opts into full replace-by-fee
     in   
          outpoint:14cf9c6be92efcfe628aabd32b02c85e763615ddd430861bc18f6d366e4c4fd5:1
          sequence:fffffffd, opts into full RBF
     in   
          outpoint:9407b31fd0159dc4dd3f5377e3b18e4b4aafef2977a52e76b95c3f899cbb05ad:1
          sequence:fffffffd, opts into full RBF
     out  0[] PUSHDATA(20)[6a4f3d067dad1077d7414a442ddc5554f0ddc2d5] 0.00004858 BTC
     out  0[] PUSHDATA(20)[c92e53e44ae5d9d392aecf1ce7a980b073b01cd6] 0.00004858 BTC
     out  0[] PUSHDATA(20)[2ecf8c3e5697f0513999ed3aa8ea9cd04d127355] 0.00005 BTC
     out  0[] PUSHDATA(20)[8f7446b625c8f1365c42f5e0b17b33f1a2b27ae4] 0.00005 BTC
     prps UNKNOWN

12:09:57.787 [main] DEBUG com.samourai.wallet.cahoots.Cahoots2x - signTx outpoint:14cf9c6be92efcfe628aabd32b02c85e763615ddd430861bc18f6d366e4c4fd5:1
12:09:57.787 [main] DEBUG com.samourai.wallet.cahoots.Cahoots2x - signTx bech32:tb1qyvqh86akdkhnh8fh7j0q7n8j78k0wruz5et8tj
12:09:57.787 [main] DEBUG com.samourai.wallet.cahoots.Cahoots2x - signTx value:10000
12:09:57.788 [main] DEBUG com.samourai.wallet.cahoots.AbstractCahootsService - [STONEWALLX2/SENDER] computeSpendAmount: keyBag=[14cf9c6be92efcfe628aabd32b02c85e763615ddd430861bc18f6d366e4c4fd5:1]
12:09:57.788 [main] DEBUG com.samourai.wallet.cahoots.AbstractCahootsService - [STONEWALLX2/SENDER] computeSpendAmount: +input 10000 14cf9c6be92efcfe628aabd32b02c85e763615ddd430861bc18f6d366e4c4fd5:1
12:09:57.788 [main] DEBUG com.samourai.wallet.cahoots.AbstractCahootsService - [STONEWALLX2/SENDER] computeSpendAmount: -output 4858 tb1qeyh98ez2uhva8y4weuww02vqkpemq8xkrsr4mh
12:09:57.788 [main] DEBUG com.samourai.wallet.cahoots.AbstractCahootsService - [STONEWALLX2/SENDER] computeSpendAmount = 5142
12:09:57.788 [main] DEBUG com.samourai.wallet.cahoots.stonewallx2.Stonewallx2Service - [STONEWALLX2/SENDER] maxSpendAmount = 5142: amount=5000 + sharedMinerFee=142
12:09:57.788 [main] DEBUG com.samourai.wallet.cahoots.AbstractCahoots2xService - [STONEWALLX2/SENDER] SENDER verifiedSpendAmount=5142, maxSpendAmount=5142
12:09:57.788 [main] DEBUG com.samourai.wallet.cahoots.AbstractCahootsService - checkFee: feeActual=284, feeExpected=284
12:09:57.788 [main] DEBUG com.samourai.wallet.cahoots.AbstractCahoots2xService - ###### END doStep4 STONEWALLX2/SENDER
12:09:57.788 [main] DEBUG com.samourai.wallet.cahoots.AbstractCahoots2xService -  * outpoints={14cf9c6be92efcfe628aabd32b02c85e763615ddd430861bc18f6d366e4c4fd5-1=10000, 9407b31fd0159dc4dd3f5377e3b18e4b4aafef2977a52e76b95c3f899cbb05ad-1=10000}
12:09:57.788 [main] DEBUG com.samourai.wallet.cahoots.AbstractCahoots2xService -  * tx=  2dd6bc01934c10b76d4656b76d7c882c4f1b2c6732fa53ec945ccbeeb468cf02
  version 2
  time locked until block 1234
  opts into full replace-by-fee
     in   
          outpoint:14cf9c6be92efcfe628aabd32b02c85e763615ddd430861bc18f6d366e4c4fd5:1
          sequence:fffffffd, opts into full RBF
     in   
          outpoint:9407b31fd0159dc4dd3f5377e3b18e4b4aafef2977a52e76b95c3f899cbb05ad:1
          sequence:fffffffd, opts into full RBF
     out  0[] PUSHDATA(20)[6a4f3d067dad1077d7414a442ddc5554f0ddc2d5] 0.00004858 BTC
     out  0[] PUSHDATA(20)[c92e53e44ae5d9d392aecf1ce7a980b073b01cd6] 0.00004858 BTC
     out  0[] PUSHDATA(20)[2ecf8c3e5697f0513999ed3aa8ea9cd04d127355] 0.00005 BTC
     out  0[] PUSHDATA(20)[8f7446b625c8f1365c42f5e0b17b33f1a2b27ae4] 0.00005 BTC
     prps UNKNOWN

12:09:57.788 [main] DEBUG com.samourai.wallet.cahoots.stonewallx2.Stonewallx2Service - # STONEWALLx2 SENDER => step=4
12:09:57.789 [main] DEBUG com.samourai.wallet.cahoots.AbstractCahootsTest - #4 SENDER => {"cahoots":{"fingerprint_collab":"f0d70870","psbt":"abZy8000000rof0s=KHS2!Q^i{hN)-@F}JDJg}-yE8Y6+y0&eX.nj*CwD&YNdRW=yZT7Gcgv?K1TJ&@DjJph}H05LP@sfxIAPvC3(3p^be:[4s]1>n*q$CdakY:N2]61o.mJH+?W<KTi[]OuEYe0gjLE(2N&3r%j9$QZ+[dj*}AOA#mwvPB/Q7Db61S7JVk#*#6y{ss%O{)2fXKAm2zT<N!rRk299(@ER0BKIu:P22:@^bY}*vUFnZw4t&6Sp090X2yc!T@+=Xql#zZb9<cpIv9U^q@3#PD]Nlauo>8O4#R-rSd3q?+gBWK*vejoX8=>S*%2GUR#V}Ne(CGf:@q*ZgWUf!u#?IV31T[*!#tXg0IVgQOj=#Ub[y7d}-we*{N[p(il7E*4m%#US^X=G:i/mUOrazHnEB-hF[$abx/7sJg3?9*LV0YWf{HhGCk%k/K+z:/x&2h+xhVpmsz?mHl^}}c-.i(VnVd4ddby3<RjpimRumAqvKlh&3FpzMESqnJxUVv&[:Op}<EFVS%E=F>u?.A+R:XG000","destPaynym":"","cpty_account":2147483646,"spend_amount":5000,"outpoints":[{"value":10000,"outpoint":"14cf9c6be92efcfe628aabd32b02c85e763615ddd430861bc18f6d366e4c4fd5-1"},{"value":10000,"outpoint":"9407b31fd0159dc4dd3f5377e3b18e4b4aafef2977a52e76b95c3f899cbb05ad-1"}],"type":0,"params":"testnet","dest":"tb1q9m8cc0jkjlc9zwvea5a2365u6px3yu646vgez4","version":2,"fee_amount":284,"fingerprint":"eed8a1cd","step":4,"collabChange":"tb1qdf8n6pna45g8046pffzzmhz42ncdmsk48wn7zx","id":"e4a9db432ab0fe7b90a971dbdb8030af44d73c2eef97bc4d98ab4f73dfc300c2","account":2147483646,"ts":1711645797}}
12:09:57.790 [main] DEBUG com.samourai.wallet.test.AbstractTest -   2dd6bc01934c10b76d4656b76d7c882c4f1b2c6732fa53ec945ccbeeb468cf02
  version 2
  time locked until block 1234
  opts into full replace-by-fee
     in   
          outpoint:14cf9c6be92efcfe628aabd32b02c85e763615ddd430861bc18f6d366e4c4fd5:1
          sequence:fffffffd, opts into full RBF
     in   
          outpoint:9407b31fd0159dc4dd3f5377e3b18e4b4aafef2977a52e76b95c3f899cbb05ad:1
          sequence:fffffffd, opts into full RBF
     out  0[] PUSHDATA(20)[6a4f3d067dad1077d7414a442ddc5554f0ddc2d5] 0.00004858 BTC
     out  0[] PUSHDATA(20)[c92e53e44ae5d9d392aecf1ce7a980b073b01cd6] 0.00004858 BTC
     out  0[] PUSHDATA(20)[2ecf8c3e5697f0513999ed3aa8ea9cd04d127355] 0.00005 BTC
     out  0[] PUSHDATA(20)[8f7446b625c8f1365c42f5e0b17b33f1a2b27ae4] 0.00005 BTC
     prps UNKNOWN

12:09:57.790 [main] DEBUG com.samourai.wallet.test.AbstractTest - outputsActuals: {tb1q3a6ydd39ercnvhzz7hstz7en7x3ty7hyh39x6u=5000, tb1q9m8cc0jkjlc9zwvea5a2365u6px3yu646vgez4=5000, tb1qdf8n6pna45g8046pffzzmhz42ncdmsk48wn7zx=4858, tb1qeyh98ez2uhva8y4weuww02vqkpemq8xkrsr4mh=4858}
]]></system-out>
  </testcase>
  <testcase name="STONEWALLx2_BIP44" classname="com.samourai.wallet.cahoots.Stonewallx2ServiceTest" time="0.354">
    <system-out><![CDATA[12:09:57.797 [main] DEBUG com.samourai.http.client.JettyHttpClient - +httpClient: no proxy
12:09:57.948 [main] DEBUG com.samourai.wallet.bipWallet.WalletSupplierImpl - +BipWallet[DEPOSIT_BIP44]: BipWallet{id='DEPOSIT_BIP44', samouraiAccount=DEPOSIT, derivation=BipDerivation{purpose=44, accountIndex=0}, bipFormatDefault=LEGACY, bipFormats=[LEGACY], xPub='tpu...LwY', bipPub='tpu...LwY'}
12:09:57.948 [main] DEBUG com.samourai.wallet.bipWallet.WalletSupplierImpl - +BipWallet[DEPOSIT_BIP49]: BipWallet{id='DEPOSIT_BIP49', samouraiAccount=DEPOSIT, derivation=BipDerivation{purpose=49, accountIndex=0}, bipFormatDefault=SEGWIT_COMPAT, bipFormats=[SEGWIT_COMPAT], xPub='tpu...eV2', bipPub='upu...38D'}
12:09:57.948 [main] DEBUG com.samourai.wallet.bipWallet.WalletSupplierImpl - +BipWallet[DEPOSIT_BIP84]: BipWallet{id='DEPOSIT_BIP84', samouraiAccount=DEPOSIT, derivation=BipDerivation{purpose=84, accountIndex=0}, bipFormatDefault=SEGWIT_NATIVE, bipFormats=[SEGWIT_NATIVE], xPub='tpu...re9', bipPub='vpu...dCu'}
12:09:57.948 [main] DEBUG com.samourai.wallet.bipWallet.WalletSupplierImpl - +BipWallet[PREMIX_BIP84]: BipWallet{id='PREMIX_BIP84', samouraiAccount=PREMIX, derivation=BipDerivation{purpose=84, accountIndex=2147483645}, bipFormatDefault=SEGWIT_NATIVE, bipFormats=[SEGWIT_NATIVE], xPub='tpu...hvr', bipPub='vpu...4mL'}
12:09:57.948 [main] DEBUG com.samourai.wallet.bipWallet.WalletSupplierImpl - +BipWallet[POSTMIX_BIP84]: BipWallet{id='POSTMIX_BIP84', samouraiAccount=POSTMIX, derivation=BipDerivation{purpose=84, accountIndex=2147483646}, bipFormatDefault=SEGWIT_NATIVE, bipFormats=[SEGWIT_NATIVE, SEGWIT_COMPAT, LEGACY], xPub='tpu...sQD', bipPub='vpu...nrW'}
12:09:57.948 [main] DEBUG com.samourai.wallet.bipWallet.WalletSupplierImpl - +BipWallet[ASB_BIP84]: BipWallet{id='ASB_BIP84', samouraiAccount=SWAPS_ASB, derivation=BipDerivation{purpose=84, accountIndex=2147483641}, bipFormatDefault=SEGWIT_NATIVE, bipFormats=[SEGWIT_NATIVE], xPub='tpu...p4i', bipPub='vpu...sEH'}
12:09:57.948 [main] DEBUG com.samourai.wallet.bipWallet.WalletSupplierImpl - +BipWallet[SWAPS_DEPOSIT]: BipWallet{id='SWAPS_DEPOSIT', samouraiAccount=SWAPS_DEPOSIT, derivation=BipDerivation{purpose=84, accountIndex=2147483643}, bipFormatDefault=SEGWIT_NATIVE, bipFormats=[SEGWIT_NATIVE], xPub='tpu...3s7', bipPub='vpu...HpJ'}
12:09:57.948 [main] DEBUG com.samourai.wallet.bipWallet.WalletSupplierImpl - +BipWallet[SWAPS_REFUNDS]: BipWallet{id='SWAPS_REFUNDS', samouraiAccount=SWAPS_REFUNDS, derivation=BipDerivation{purpose=84, accountIndex=2147483642}, bipFormatDefault=SEGWIT_NATIVE, bipFormats=[SEGWIT_NATIVE], xPub='tpu...rMX', bipPub='vpu...Sr9'}
12:09:57.948 [main] DEBUG com.samourai.wallet.bipWallet.WalletSupplierImpl - +BipWallet[BADBANK_BIP84]: BipWallet{id='BADBANK_BIP84', samouraiAccount=BADBANK, derivation=BipDerivation{purpose=84, accountIndex=2147483644}, bipFormatDefault=SEGWIT_NATIVE, bipFormats=[SEGWIT_NATIVE], xPub='tpu...hmu', bipPub='vpu...tNY'}
12:09:57.948 [main] DEBUG com.samourai.wallet.bipWallet.WalletSupplierImpl - +BipWallet[RICOCHET_BIP84]: BipWallet{id='RICOCHET_BIP84', samouraiAccount=RICOCHET, derivation=BipDerivation{purpose=84, accountIndex=2147483647}, bipFormatDefault=SEGWIT_NATIVE, bipFormats=[SEGWIT_NATIVE], xPub='tpu...UMc', bipPub='vpu...knj'}
12:09:57.948 [main] DEBUG com.samourai.wallet.api.backend.BackendApi - urlBackend=https://api.samouraiwallet.com/test/v2, oAuth=no
12:09:57.948 [main] DEBUG com.samourai.wallet.util.LogbackUtils - Log level set to DEBUG for the logger 'com.samourai'
12:09:57.948 [main] DEBUG com.samourai.wallet.util.LogbackUtils - Log level set to DEBUG for the logger 'com.samourai.whirlpool.client'
12:09:57.948 [main] DEBUG com.samourai.wallet.util.LogbackUtils - Log level set to DEBUG for the logger 'com.samourai.whirlpool.client.mix.dialog'
12:09:57.948 [main] DEBUG com.samourai.wallet.util.LogbackUtils - Log level set to DEBUG for the logger 'com.samourai.stomp.client'
12:09:57.948 [main] DEBUG com.samourai.wallet.util.LogbackUtils - Log level set to DEBUG for the logger 'com.samourai.wallet.util.FeeUtil'
12:09:57.948 [main] DEBUG com.samourai.wallet.util.LogbackUtils - Log level set to DEBUG for the logger 'com.samourai.whirlpool.client.utils'
12:09:57.948 [main] DEBUG com.samourai.wallet.util.LogbackUtils - Log level set to DEBUG for the logger 'com.samourai.whirlpool.client.wallet'
12:09:57.948 [main] DEBUG com.samourai.wallet.util.LogbackUtils - Log level set to DEBUG for the logger 'com.samourai.wallet.cahoots'
12:09:57.948 [main] DEBUG com.samourai.wallet.util.LogbackUtils - Log level set to DEBUG for the logger 'com.samourai.wallet.cahoots.stowaway'
12:09:57.948 [main] DEBUG com.samourai.wallet.util.LogbackUtils - Log level set to DEBUG for the logger 'com.samourai.wallet.cahoots.stonewallx2'
12:09:57.948 [main] DEBUG com.samourai.wallet.util.LogbackUtils - Log level set to DEBUG for the logger 'com.samourai.wallet.sorobanClient'
12:09:57.948 [main] DEBUG com.samourai.wallet.util.LogbackUtils - Log level set to DEBUG for the logger 'com.samourai.soroban.client'
12:09:57.948 [main] DEBUG com.samourai.wallet.util.LogbackUtils - Log level set to DEBUG for the logger 'com.samourai.soroban.client.rpc'
12:09:57.948 [main] DEBUG com.samourai.wallet.util.LogbackUtils - Log level set to DEBUG for the logger 'com.samourai.soroban.client.dialog'
12:09:57.948 [main] DEBUG com.samourai.wallet.util.LogbackUtils - Log level set to DEBUG for the logger 'com.samourai.soroban.client.meeting'
12:09:57.948 [main] DEBUG com.samourai.wallet.util.LogbackUtils - Log level set to DEBUG for the logger 'com.samourai.whirlpool.client.wallet.orchestrator'
12:09:57.948 [main] DEBUG com.samourai.wallet.util.LogbackUtils - Log level set to ERROR for the logger 'org.bitcoinj'
12:09:57.948 [main] DEBUG com.samourai.wallet.util.LogbackUtils - Log level set to WARN for the logger 'org.bitcoin'
12:09:57.948 [main] DEBUG com.samourai.wallet.util.LogbackUtils - Log level set to INFO for the logger 'org.eclipse.jetty'
12:09:58.021 [main] DEBUG com.samourai.wallet.bipWallet.WalletSupplierImpl - +BipWallet[DEPOSIT_BIP44]: BipWallet{id='DEPOSIT_BIP44', samouraiAccount=DEPOSIT, derivation=BipDerivation{purpose=44, accountIndex=0}, bipFormatDefault=LEGACY, bipFormats=[LEGACY], xPub='tpu...LZp', bipPub='tpu...LZp'}
12:09:58.021 [main] DEBUG com.samourai.wallet.bipWallet.WalletSupplierImpl - +BipWallet[DEPOSIT_BIP49]: BipWallet{id='DEPOSIT_BIP49', samouraiAccount=DEPOSIT, derivation=BipDerivation{purpose=49, accountIndex=0}, bipFormatDefault=SEGWIT_COMPAT, bipFormats=[SEGWIT_COMPAT], xPub='tpu...2dH', bipPub='upu...bSs'}
12:09:58.021 [main] DEBUG com.samourai.wallet.bipWallet.WalletSupplierImpl - +BipWallet[DEPOSIT_BIP84]: BipWallet{id='DEPOSIT_BIP84', samouraiAccount=DEPOSIT, derivation=BipDerivation{purpose=84, accountIndex=0}, bipFormatDefault=SEGWIT_NATIVE, bipFormats=[SEGWIT_NATIVE], xPub='tpu...MfN', bipPub='vpu...sew'}
12:09:58.021 [main] DEBUG com.samourai.wallet.bipWallet.WalletSupplierImpl - +BipWallet[PREMIX_BIP84]: BipWallet{id='PREMIX_BIP84', samouraiAccount=PREMIX, derivation=BipDerivation{purpose=84, accountIndex=2147483645}, bipFormatDefault=SEGWIT_NATIVE, bipFormats=[SEGWIT_NATIVE], xPub='tpu...y1p', bipPub='vpu...D4a'}
12:09:58.021 [main] DEBUG com.samourai.wallet.bipWallet.WalletSupplierImpl - +BipWallet[POSTMIX_BIP84]: BipWallet{id='POSTMIX_BIP84', samouraiAccount=POSTMIX, derivation=BipDerivation{purpose=84, accountIndex=2147483646}, bipFormatDefault=SEGWIT_NATIVE, bipFormats=[SEGWIT_NATIVE, SEGWIT_COMPAT, LEGACY], xPub='tpu...NLN', bipPub='vpu...RKR'}
12:09:58.021 [main] DEBUG com.samourai.wallet.bipWallet.WalletSupplierImpl - +BipWallet[BADBANK_BIP84]: BipWallet{id='BADBANK_BIP84', samouraiAccount=BADBANK, derivation=BipDerivation{purpose=84, accountIndex=2147483644}, bipFormatDefault=SEGWIT_NATIVE, bipFormats=[SEGWIT_NATIVE], xPub='tpu...86t', bipPub='vpu...XXs'}
12:09:58.117 [main] DEBUG com.samourai.wallet.bipWallet.WalletSupplierImpl - +BipWallet[DEPOSIT_BIP44]: BipWallet{id='DEPOSIT_BIP44', samouraiAccount=DEPOSIT, derivation=BipDerivation{purpose=44, accountIndex=0}, bipFormatDefault=LEGACY, bipFormats=[LEGACY], xPub='tpu...XeJ', bipPub='tpu...XeJ'}
12:09:58.117 [main] DEBUG com.samourai.wallet.bipWallet.WalletSupplierImpl - +BipWallet[DEPOSIT_BIP49]: BipWallet{id='DEPOSIT_BIP49', samouraiAccount=DEPOSIT, derivation=BipDerivation{purpose=49, accountIndex=0}, bipFormatDefault=SEGWIT_COMPAT, bipFormats=[SEGWIT_COMPAT], xPub='tpu...TBn', bipPub='upu...QVy'}
12:09:58.117 [main] DEBUG com.samourai.wallet.bipWallet.WalletSupplierImpl - +BipWallet[DEPOSIT_BIP84]: BipWallet{id='DEPOSIT_BIP84', samouraiAccount=DEPOSIT, derivation=BipDerivation{purpose=84, accountIndex=0}, bipFormatDefault=SEGWIT_NATIVE, bipFormats=[SEGWIT_NATIVE], xPub='tpu...Nbr', bipPub='vpu...R4q'}
12:09:58.117 [main] DEBUG com.samourai.wallet.bipWallet.WalletSupplierImpl - +BipWallet[PREMIX_BIP84]: BipWallet{id='PREMIX_BIP84', samouraiAccount=PREMIX, derivation=BipDerivation{purpose=84, accountIndex=2147483645}, bipFormatDefault=SEGWIT_NATIVE, bipFormats=[SEGWIT_NATIVE], xPub='tpu...ZBX', bipPub='vpu...XxM'}
12:09:58.117 [main] DEBUG com.samourai.wallet.bipWallet.WalletSupplierImpl - +BipWallet[POSTMIX_BIP84]: BipWallet{id='POSTMIX_BIP84', samouraiAccount=POSTMIX, derivation=BipDerivation{purpose=84, accountIndex=2147483646}, bipFormatDefault=SEGWIT_NATIVE, bipFormats=[SEGWIT_NATIVE, SEGWIT_COMPAT, LEGACY], xPub='tpu...do5', bipPub='vpu...2eX'}
12:09:58.117 [main] DEBUG com.samourai.wallet.bipWallet.WalletSupplierImpl - +BipWallet[BADBANK_BIP84]: BipWallet{id='BADBANK_BIP84', samouraiAccount=BADBANK, derivation=BipDerivation{purpose=84, accountIndex=2147483644}, bipFormatDefault=SEGWIT_NATIVE, bipFormats=[SEGWIT_NATIVE], xPub='tpu...QxP', bipPub='vpu...M4F'}
12:09:58.143 [main] DEBUG com.samourai.http.client.JettyHttpClient - +httpClient: no proxy
12:09:58.294 [main] DEBUG com.samourai.wallet.bipWallet.WalletSupplierImpl - +BipWallet[DEPOSIT_BIP44]: BipWallet{id='DEPOSIT_BIP44', samouraiAccount=DEPOSIT, derivation=BipDerivation{purpose=44, accountIndex=0}, bipFormatDefault=LEGACY, bipFormats=[LEGACY], xPub='tpu...LwY', bipPub='tpu...LwY'}
12:09:58.294 [main] DEBUG com.samourai.wallet.bipWallet.WalletSupplierImpl - +BipWallet[DEPOSIT_BIP49]: BipWallet{id='DEPOSIT_BIP49', samouraiAccount=DEPOSIT, derivation=BipDerivation{purpose=49, accountIndex=0}, bipFormatDefault=SEGWIT_COMPAT, bipFormats=[SEGWIT_COMPAT], xPub='tpu...eV2', bipPub='upu...38D'}
12:09:58.294 [main] DEBUG com.samourai.wallet.bipWallet.WalletSupplierImpl - +BipWallet[DEPOSIT_BIP84]: BipWallet{id='DEPOSIT_BIP84', samouraiAccount=DEPOSIT, derivation=BipDerivation{purpose=84, accountIndex=0}, bipFormatDefault=SEGWIT_NATIVE, bipFormats=[SEGWIT_NATIVE], xPub='tpu...re9', bipPub='vpu...dCu'}
12:09:58.294 [main] DEBUG com.samourai.wallet.bipWallet.WalletSupplierImpl - +BipWallet[PREMIX_BIP84]: BipWallet{id='PREMIX_BIP84', samouraiAccount=PREMIX, derivation=BipDerivation{purpose=84, accountIndex=2147483645}, bipFormatDefault=SEGWIT_NATIVE, bipFormats=[SEGWIT_NATIVE], xPub='tpu...hvr', bipPub='vpu...4mL'}
12:09:58.294 [main] DEBUG com.samourai.wallet.bipWallet.WalletSupplierImpl - +BipWallet[POSTMIX_BIP84]: BipWallet{id='POSTMIX_BIP84', samouraiAccount=POSTMIX, derivation=BipDerivation{purpose=84, accountIndex=2147483646}, bipFormatDefault=SEGWIT_NATIVE, bipFormats=[SEGWIT_NATIVE, SEGWIT_COMPAT, LEGACY], xPub='tpu...sQD', bipPub='vpu...nrW'}
12:09:58.294 [main] DEBUG com.samourai.wallet.bipWallet.WalletSupplierImpl - +BipWallet[ASB_BIP84]: BipWallet{id='ASB_BIP84', samouraiAccount=SWAPS_ASB, derivation=BipDerivation{purpose=84, accountIndex=2147483641}, bipFormatDefault=SEGWIT_NATIVE, bipFormats=[SEGWIT_NATIVE], xPub='tpu...p4i', bipPub='vpu...sEH'}
12:09:58.294 [main] DEBUG com.samourai.wallet.bipWallet.WalletSupplierImpl - +BipWallet[SWAPS_DEPOSIT]: BipWallet{id='SWAPS_DEPOSIT', samouraiAccount=SWAPS_DEPOSIT, derivation=BipDerivation{purpose=84, accountIndex=2147483643}, bipFormatDefault=SEGWIT_NATIVE, bipFormats=[SEGWIT_NATIVE], xPub='tpu...3s7', bipPub='vpu...HpJ'}
12:09:58.294 [main] DEBUG com.samourai.wallet.bipWallet.WalletSupplierImpl - +BipWallet[SWAPS_REFUNDS]: BipWallet{id='SWAPS_REFUNDS', samouraiAccount=SWAPS_REFUNDS, derivation=BipDerivation{purpose=84, accountIndex=2147483642}, bipFormatDefault=SEGWIT_NATIVE, bipFormats=[SEGWIT_NATIVE], xPub='tpu...rMX', bipPub='vpu...Sr9'}
12:09:58.294 [main] DEBUG com.samourai.wallet.bipWallet.WalletSupplierImpl - +BipWallet[BADBANK_BIP84]: BipWallet{id='BADBANK_BIP84', samouraiAccount=BADBANK, derivation=BipDerivation{purpose=84, accountIndex=2147483644}, bipFormatDefault=SEGWIT_NATIVE, bipFormats=[SEGWIT_NATIVE], xPub='tpu...hmu', bipPub='vpu...tNY'}
12:09:58.294 [main] DEBUG com.samourai.wallet.bipWallet.WalletSupplierImpl - +BipWallet[RICOCHET_BIP84]: BipWallet{id='RICOCHET_BIP84', samouraiAccount=RICOCHET, derivation=BipDerivation{purpose=84, accountIndex=2147483647}, bipFormatDefault=SEGWIT_NATIVE, bipFormats=[SEGWIT_NATIVE], xPub='tpu...UMc', bipPub='vpu...knj'}
12:09:58.294 [main] DEBUG com.samourai.wallet.api.backend.BackendApi - urlBackend=https://api.samouraiwallet.com/test/v2, oAuth=no
12:09:58.294 [main] DEBUG com.samourai.wallet.util.LogbackUtils - Log level set to DEBUG for the logger 'com.samourai'
12:09:58.294 [main] DEBUG com.samourai.wallet.util.LogbackUtils - Log level set to DEBUG for the logger 'com.samourai.whirlpool.client'
12:09:58.294 [main] DEBUG com.samourai.wallet.util.LogbackUtils - Log level set to DEBUG for the logger 'com.samourai.whirlpool.client.mix.dialog'
12:09:58.294 [main] DEBUG com.samourai.wallet.util.LogbackUtils - Log level set to DEBUG for the logger 'com.samourai.stomp.client'
12:09:58.294 [main] DEBUG com.samourai.wallet.util.LogbackUtils - Log level set to DEBUG for the logger 'com.samourai.wallet.util.FeeUtil'
12:09:58.294 [main] DEBUG com.samourai.wallet.util.LogbackUtils - Log level set to DEBUG for the logger 'com.samourai.whirlpool.client.utils'
12:09:58.294 [main] DEBUG com.samourai.wallet.util.LogbackUtils - Log level set to DEBUG for the logger 'com.samourai.whirlpool.client.wallet'
12:09:58.294 [main] DEBUG com.samourai.wallet.util.LogbackUtils - Log level set to DEBUG for the logger 'com.samourai.wallet.cahoots'
12:09:58.294 [main] DEBUG com.samourai.wallet.util.LogbackUtils - Log level set to DEBUG for the logger 'com.samourai.wallet.cahoots.stowaway'
12:09:58.294 [main] DEBUG com.samourai.wallet.util.LogbackUtils - Log level set to DEBUG for the logger 'com.samourai.wallet.cahoots.stonewallx2'
12:09:58.294 [main] DEBUG com.samourai.wallet.util.LogbackUtils - Log level set to DEBUG for the logger 'com.samourai.wallet.sorobanClient'
12:09:58.294 [main] DEBUG com.samourai.wallet.util.LogbackUtils - Log level set to DEBUG for the logger 'com.samourai.soroban.client'
12:09:58.294 [main] DEBUG com.samourai.wallet.util.LogbackUtils - Log level set to DEBUG for the logger 'com.samourai.soroban.client.rpc'
12:09:58.294 [main] DEBUG com.samourai.wallet.util.LogbackUtils - Log level set to DEBUG for the logger 'com.samourai.soroban.client.dialog'
12:09:58.294 [main] DEBUG com.samourai.wallet.util.LogbackUtils - Log level set to DEBUG for the logger 'com.samourai.soroban.client.meeting'
12:09:58.294 [main] DEBUG com.samourai.wallet.util.LogbackUtils - Log level set to DEBUG for the logger 'com.samourai.whirlpool.client.wallet.orchestrator'
12:09:58.294 [main] DEBUG com.samourai.wallet.util.LogbackUtils - Log level set to ERROR for the logger 'org.bitcoinj'
12:09:58.294 [main] DEBUG com.samourai.wallet.util.LogbackUtils - Log level set to WARN for the logger 'org.bitcoin'
12:09:58.294 [main] DEBUG com.samourai.wallet.util.LogbackUtils - Log level set to INFO for the logger 'org.eclipse.jetty'
12:09:58.367 [main] DEBUG com.samourai.wallet.bipWallet.WalletSupplierImpl - +BipWallet[DEPOSIT_BIP44]: BipWallet{id='DEPOSIT_BIP44', samouraiAccount=DEPOSIT, derivation=BipDerivation{purpose=44, accountIndex=0}, bipFormatDefault=LEGACY, bipFormats=[LEGACY], xPub='tpu...LZp', bipPub='tpu...LZp'}
12:09:58.367 [main] DEBUG com.samourai.wallet.bipWallet.WalletSupplierImpl - +BipWallet[DEPOSIT_BIP49]: BipWallet{id='DEPOSIT_BIP49', samouraiAccount=DEPOSIT, derivation=BipDerivation{purpose=49, accountIndex=0}, bipFormatDefault=SEGWIT_COMPAT, bipFormats=[SEGWIT_COMPAT], xPub='tpu...2dH', bipPub='upu...bSs'}
12:09:58.367 [main] DEBUG com.samourai.wallet.bipWallet.WalletSupplierImpl - +BipWallet[DEPOSIT_BIP84]: BipWallet{id='DEPOSIT_BIP84', samouraiAccount=DEPOSIT, derivation=BipDerivation{purpose=84, accountIndex=0}, bipFormatDefault=SEGWIT_NATIVE, bipFormats=[SEGWIT_NATIVE], xPub='tpu...MfN', bipPub='vpu...sew'}
12:09:58.367 [main] DEBUG com.samourai.wallet.bipWallet.WalletSupplierImpl - +BipWallet[PREMIX_BIP84]: BipWallet{id='PREMIX_BIP84', samouraiAccount=PREMIX, derivation=BipDerivation{purpose=84, accountIndex=2147483645}, bipFormatDefault=SEGWIT_NATIVE, bipFormats=[SEGWIT_NATIVE], xPub='tpu...y1p', bipPub='vpu...D4a'}
12:09:58.367 [main] DEBUG com.samourai.wallet.bipWallet.WalletSupplierImpl - +BipWallet[POSTMIX_BIP84]: BipWallet{id='POSTMIX_BIP84', samouraiAccount=POSTMIX, derivation=BipDerivation{purpose=84, accountIndex=2147483646}, bipFormatDefault=SEGWIT_NATIVE, bipFormats=[SEGWIT_NATIVE, SEGWIT_COMPAT, LEGACY], xPub='tpu...NLN', bipPub='vpu...RKR'}
12:09:58.367 [main] DEBUG com.samourai.wallet.bipWallet.WalletSupplierImpl - +BipWallet[BADBANK_BIP84]: BipWallet{id='BADBANK_BIP84', samouraiAccount=BADBANK, derivation=BipDerivation{purpose=84, accountIndex=2147483644}, bipFormatDefault=SEGWIT_NATIVE, bipFormats=[SEGWIT_NATIVE], xPub='tpu...86t', bipPub='vpu...XXs'}
12:09:58.463 [main] DEBUG com.samourai.wallet.bipWallet.WalletSupplierImpl - +BipWallet[DEPOSIT_BIP44]: BipWallet{id='DEPOSIT_BIP44', samouraiAccount=DEPOSIT, derivation=BipDerivation{purpose=44, accountIndex=0}, bipFormatDefault=LEGACY, bipFormats=[LEGACY], xPub='tpu...XeJ', bipPub='tpu...XeJ'}
12:09:58.463 [main] DEBUG com.samourai.wallet.bipWallet.WalletSupplierImpl - +BipWallet[DEPOSIT_BIP49]: BipWallet{id='DEPOSIT_BIP49', samouraiAccount=DEPOSIT, derivation=BipDerivation{purpose=49, accountIndex=0}, bipFormatDefault=SEGWIT_COMPAT, bipFormats=[SEGWIT_COMPAT], xPub='tpu...TBn', bipPub='upu...QVy'}
12:09:58.463 [main] DEBUG com.samourai.wallet.bipWallet.WalletSupplierImpl - +BipWallet[DEPOSIT_BIP84]: BipWallet{id='DEPOSIT_BIP84', samouraiAccount=DEPOSIT, derivation=BipDerivation{purpose=84, accountIndex=0}, bipFormatDefault=SEGWIT_NATIVE, bipFormats=[SEGWIT_NATIVE], xPub='tpu...Nbr', bipPub='vpu...R4q'}
12:09:58.463 [main] DEBUG com.samourai.wallet.bipWallet.WalletSupplierImpl - +BipWallet[PREMIX_BIP84]: BipWallet{id='PREMIX_BIP84', samouraiAccount=PREMIX, derivation=BipDerivation{purpose=84, accountIndex=2147483645}, bipFormatDefault=SEGWIT_NATIVE, bipFormats=[SEGWIT_NATIVE], xPub='tpu...ZBX', bipPub='vpu...XxM'}
12:09:58.463 [main] DEBUG com.samourai.wallet.bipWallet.WalletSupplierImpl - +BipWallet[POSTMIX_BIP84]: BipWallet{id='POSTMIX_BIP84', samouraiAccount=POSTMIX, derivation=BipDerivation{purpose=84, accountIndex=2147483646}, bipFormatDefault=SEGWIT_NATIVE, bipFormats=[SEGWIT_NATIVE, SEGWIT_COMPAT, LEGACY], xPub='tpu...do5', bipPub='vpu...2eX'}
12:09:58.463 [main] DEBUG com.samourai.wallet.bipWallet.WalletSupplierImpl - +BipWallet[BADBANK_BIP84]: BipWallet{id='BADBANK_BIP84', samouraiAccount=BADBANK, derivation=BipDerivation{purpose=84, accountIndex=2147483644}, bipFormatDefault=SEGWIT_NATIVE, bipFormats=[SEGWIT_NATIVE], xPub='tpu...QxP', bipPub='vpu...M4F'}
12:09:58.491 [main] DEBUG com.samourai.wallet.cahoots.stonewallx2.Stonewallx2Service - # STONEWALLx2 INITIATOR => step=0
12:09:58.491 [main] DEBUG com.samourai.wallet.cahoots.AbstractCahootsTest - #0 SENDER => {"cahoots":{"psbt":"","destPaynym":"","cpty_account":0,"spend_amount":5000,"outpoints":[],"type":0,"params":"testnet","dest":"muimRQFJKMJM1pTminJxiD5HrPgSu257tX","version":2,"fee_amount":0,"fingerprint":"eed8a1cd","step":0,"collabChange":"","id":"7e7e651dd3eb5abd5c0140184e2c384bd76527833136a104a3b19e9724ec5d5b","account":0,"ts":1711645798}}
12:09:58.491 [main] DEBUG com.samourai.wallet.cahoots.stonewallx2.Stonewallx2Service - BIP FORMAT:: LEGACY
12:09:58.491 [main] DEBUG com.samourai.wallet.cahoots.stonewallx2.Stonewallx2Service - +output (CounterParty Mix) = mpDZcNk5owZ2eXWzgWEnGTeYeE6SF6Sz9g
12:09:58.491 [main] DEBUG com.samourai.wallet.cahoots.AbstractCahoots2xService - ###### BEGIN doSTONEWALLx2_1 STONEWALLX2/COUNTERPARTY
12:09:58.491 [main] DEBUG com.samourai.wallet.cahoots.AbstractCahoots2xService -  * outpoints={}
12:09:58.491 [main] DEBUG com.samourai.wallet.cahoots.AbstractCahoots2xService -  * tx=null
12:09:58.491 [main] DEBUG com.samourai.wallet.cahoots.stonewallx2.Stonewallx2Service - BIP84 utxos:1
12:09:58.491 [main] DEBUG com.samourai.wallet.cahoots.stonewallx2.Stonewallx2Service - BIP84 selected utxo: CahootsUtxo{utxo=9407b31fd0159dc4dd3f5377e3b18e4b4aafef2977a52e76b95c3f899cbb05ad:1, value=10000, address=tb1qh287jqsh6mkpqmd8euumyfam00fkr78qhrdnde, path=null, xpub=tpubDCKFqGcC4KmHwUHG6orVRRUQZZZ3s9kQ64YUufULo9SY1E35aJwa2MH18AxuKddtJzfjMzCgKTEgBJx3WAGxYxVdMxeTYK5Xbtsv5P6fNbr}
12:09:58.491 [main] DEBUG com.samourai.wallet.cahoots.stonewallx2.Stonewallx2Service - 1 selected utxos, totalContributedAmount=10000, requiredAmount=5546
12:09:58.492 [main] DEBUG com.samourai.wallet.cahoots.stonewallx2.Stonewallx2Service - +output (CounterParty change) = tb1qv4ak4l0w76qflk4uulavu22kxtaajnltkzxyq5
12:09:58.492 [main] DEBUG com.samourai.wallet.cahoots.AbstractCahoots2xService - ###### END doSTONEWALLx2_1 STONEWALLX2/COUNTERPARTY
12:09:58.492 [main] DEBUG com.samourai.wallet.cahoots.AbstractCahoots2xService -  * outpoints={9407b31fd0159dc4dd3f5377e3b18e4b4aafef2977a52e76b95c3f899cbb05ad-1=10000}
12:09:58.492 [main] DEBUG com.samourai.wallet.cahoots.AbstractCahoots2xService -  * tx=  d86402999930481daf502acd023e8c33384736525392336bf573cd34fec9f3fb
  version 2
  time locked until block 1234
  opts into full replace-by-fee
     in    0.0001 BTC
          outpoint:9407b31fd0159dc4dd3f5377e3b18e4b4aafef2977a52e76b95c3f899cbb05ad:1
          sequence:fffffffd, opts into full RBF
     out  DUP HASH160 PUSHDATA(20)[5f6f1ffd91751f52b20e0c0dad81daa6211d6076] EQUALVERIFY CHECKSIG 0.00005 BTC
     out  0[] PUSHDATA(20)[657b6afdeef6809fdabce7face295632fbd94feb] 0.00005 BTC
     fee  0.00 BTC/kB, 0.00 BTC for 116 bytes
     prps UNKNOWN

12:09:58.492 [main] DEBUG com.samourai.wallet.cahoots.stonewallx2.Stonewallx2Service - # STONEWALLx2 COUNTERPARTY => step=1
12:09:58.492 [main] DEBUG com.samourai.wallet.cahoots.AbstractCahootsTest - #1 COUNTERPARTY => {"cahoots":{"fingerprint_collab":"f0d70870","psbt":"abZy8000000rlSO:QHS)2T(H[0je5iZ{@$Dvu#xXx?EV2ZO1WYP-u/Ac<-5DHo9F.=ilq2&D09=bRGHd*wr!=6>7(^>4CmV5tH4g(zKx(&eqb:uI5)c!K&>{GmMP7w0<TIR9!g/D8+bp:0(A8i!4P*pU?+Uf.-Byc8QK]k+fAtZ63P#XiigP@9F*IR3cR{000","destPaynym":"","cpty_account":0,"spend_amount":5000,"outpoints":[{"value":10000,"outpoint":"9407b31fd0159dc4dd3f5377e3b18e4b4aafef2977a52e76b95c3f899cbb05ad-1"}],"type":0,"params":"testnet","dest":"muimRQFJKMJM1pTminJxiD5HrPgSu257tX","version":2,"fee_amount":0,"fingerprint":"eed8a1cd","step":1,"collabChange":"tb1qv4ak4l0w76qflk4uulavu22kxtaajnltkzxyq5","id":"7e7e651dd3eb5abd5c0140184e2c384bd76527833136a104a3b19e9724ec5d5b","account":0,"ts":1711645798}}
12:09:58.493 [main] DEBUG com.samourai.wallet.cahoots.stonewallx2.Stonewallx2Service - # STONEWALLx2 SENDER <= step=1
12:09:58.493 [main] DEBUG com.samourai.wallet.cahoots.AbstractCahoots2xService - ###### BEGIN doSTONEWALLx2_2 STONEWALLX2/SENDER
12:09:58.493 [main] DEBUG com.samourai.wallet.cahoots.AbstractCahoots2xService -  * outpoints={9407b31fd0159dc4dd3f5377e3b18e4b4aafef2977a52e76b95c3f899cbb05ad-1=10000}
12:09:58.493 [main] DEBUG com.samourai.wallet.cahoots.AbstractCahoots2xService -  * tx=  d86402999930481daf502acd023e8c33384736525392336bf573cd34fec9f3fb
  version 2
  time locked until block 1234
  opts into full replace-by-fee
     in   
          outpoint:9407b31fd0159dc4dd3f5377e3b18e4b4aafef2977a52e76b95c3f899cbb05ad:1
          sequence:fffffffd, opts into full RBF
     out  DUP HASH160 PUSHDATA(20)[5f6f1ffd91751f52b20e0c0dad81daa6211d6076] EQUALVERIFY CHECKSIG 0.00005 BTC
     out  0[] PUSHDATA(20)[657b6afdeef6809fdabce7face295632fbd94feb] 0.00005 BTC
     prps UNKNOWN

12:09:58.493 [main] DEBUG com.samourai.wallet.cahoots.stonewallx2.Stonewallx2Service - step2 tx:0200000001ad05bb9c893f5cb9762ea57729efaf4a4b8eb1e377533fddc49d15d01fb307940100000000fdffffff0288130000000000001976a9145f6f1ffd91751f52b20e0c0dad81daa6211d607688ac8813000000000000160014657b6afdeef6809fdabce7face295632fbd94febd2040000
12:09:58.493 [main] DEBUG com.samourai.wallet.cahoots.stonewallx2.Stonewallx2Service - step2 tx:  d86402999930481daf502acd023e8c33384736525392336bf573cd34fec9f3fb
  version 2
  time locked until block 1234
  opts into full replace-by-fee
     in   
          outpoint:9407b31fd0159dc4dd3f5377e3b18e4b4aafef2977a52e76b95c3f899cbb05ad:1
          sequence:fffffffd, opts into full RBF
     out  DUP HASH160 PUSHDATA(20)[5f6f1ffd91751f52b20e0c0dad81daa6211d6076] EQUALVERIFY CHECKSIG 0.00005 BTC
     out  0[] PUSHDATA(20)[657b6afdeef6809fdabce7face295632fbd94feb] 0.00005 BTC
     prps UNKNOWN

12:09:58.493 [main] DEBUG com.samourai.wallet.cahoots.stonewallx2.Stonewallx2Service - BIP84 utxos:1
12:09:58.493 [main] DEBUG com.samourai.wallet.cahoots.stonewallx2.Stonewallx2Service - BIP84 selected utxo: CahootsUtxo{utxo=14cf9c6be92efcfe628aabd32b02c85e763615ddd430861bc18f6d366e4c4fd5:1, value=10000, address=tb1qkymumss6zj0rxy9l3v5vqxqwwffy8jjsyhrkrg, path=null, xpub=tpubDDLBK9gJk4HdPCDzF4Yhxx3u6q1QWo7iZAPVHfsFjLp9rUxXf79FPEK4cKMiV1jrJqrCCVJnciMh1kau2xZtjpZ5DoiaK3RbF6MffFWXMfN}
12:09:58.493 [main] DEBUG com.samourai.wallet.cahoots.stonewallx2.Stonewallx2Service - fee:284
12:09:58.493 [main] DEBUG com.samourai.wallet.cahoots.stonewallx2.Stonewallx2Service - 1 selected utxos, totalContributedAmount=10000, requiredAmount=5830
12:09:58.493 [main] DEBUG com.samourai.wallet.cahoots.stonewallx2.Stonewallx2Service - fee pair:284
12:09:58.493 [main] DEBUG com.samourai.wallet.cahoots.stonewallx2.Stonewallx2Service - destination:muimRQFJKMJM1pTminJxiD5HrPgSu257tX
12:09:58.493 [main] DEBUG com.samourai.wallet.cahoots.stonewallx2.Stonewallx2Service - output value post fee:4858
12:09:58.493 [main] DEBUG com.samourai.wallet.cahoots.stonewallx2.Stonewallx2Service - +output (Spender change) = tb1qfe8765vcdka0xgkjkdhxjzux8raq7qsyamffad
12:09:58.493 [main] DEBUG com.samourai.wallet.cahoots.AbstractCahoots2xService - ###### END doSTONEWALLx2_2 STONEWALLX2/SENDER
12:09:58.493 [main] DEBUG com.samourai.wallet.cahoots.AbstractCahoots2xService -  * outpoints={14cf9c6be92efcfe628aabd32b02c85e763615ddd430861bc18f6d366e4c4fd5-1=10000, 9407b31fd0159dc4dd3f5377e3b18e4b4aafef2977a52e76b95c3f899cbb05ad-1=10000}
12:09:58.493 [main] DEBUG com.samourai.wallet.cahoots.AbstractCahoots2xService -  * tx=  ed971ecf7a4a04ec49c08074e24aae9824f10d166bc910c7b7d4c7d4937f345b
  version 2
  time locked until block 1234
  opts into full replace-by-fee
     in   
          outpoint:9407b31fd0159dc4dd3f5377e3b18e4b4aafef2977a52e76b95c3f899cbb05ad:1
          sequence:fffffffd, opts into full RBF
     in    0.0001 BTC
          outpoint:14cf9c6be92efcfe628aabd32b02c85e763615ddd430861bc18f6d366e4c4fd5:1
          sequence:fffffffd, opts into full RBF
     out  DUP HASH160 PUSHDATA(20)[5f6f1ffd91751f52b20e0c0dad81daa6211d6076] EQUALVERIFY CHECKSIG 0.00005 BTC
     out  0[] PUSHDATA(20)[657b6afdeef6809fdabce7face295632fbd94feb] 0.00004858 BTC
     out  DUP HASH160 PUSHDATA(20)[9bcdad097fa4695a3bdab991e3212da04002ce40] EQUALVERIFY CHECKSIG 0.00005 BTC
     out  0[] PUSHDATA(20)[4e4fed51986dbaf322d2b36e690b8638fa0f0204] 0.00004858 BTC
     prps UNKNOWN

12:09:58.493 [main] DEBUG com.samourai.wallet.cahoots.stonewallx2.Stonewallx2Service - # STONEWALLx2 SENDER => step=2
12:09:58.493 [main] DEBUG com.samourai.wallet.cahoots.AbstractCahootsTest - #2 SENDER => {"cahoots":{"fingerprint_collab":"f0d70870","psbt":"abZy8000000rmh7:.-s?2Nado)<o49@6LD6[NTo8c2]-9Dk[[XByVg0PA++pP>I!DUJ@&8(bNE7=MO{uM5@Uxidc-wz*d3%y6eue9g8-PO9*eATe}J{OaUP7+XERs@R1)7(c])hy(VepW6JgSzzaBg@:D2v7A9hOu^rQ8u0zX79GPhfcbz&jm{>RcA(o<}C5L>m^HRbD5Z#{V*CrQYD][T@y$aMEf(swxpx3J]V!^OeW<6@MOx{c)8y83/KK[GiZ#2DeP1=3st4Yx1h6}1A.(75S0Sh<xo=@5zf9QnP0NpYC00","destPaynym":"","cpty_account":0,"spend_amount":5000,"outpoints":[{"value":10000,"outpoint":"14cf9c6be92efcfe628aabd32b02c85e763615ddd430861bc18f6d366e4c4fd5-1"},{"value":10000,"outpoint":"9407b31fd0159dc4dd3f5377e3b18e4b4aafef2977a52e76b95c3f899cbb05ad-1"}],"type":0,"params":"testnet","dest":"muimRQFJKMJM1pTminJxiD5HrPgSu257tX","version":2,"fee_amount":284,"fingerprint":"eed8a1cd","step":2,"collabChange":"tb1qv4ak4l0w76qflk4uulavu22kxtaajnltkzxyq5","id":"7e7e651dd3eb5abd5c0140184e2c384bd76527833136a104a3b19e9724ec5d5b","account":0,"ts":1711645798}}
12:09:58.494 [main] DEBUG com.samourai.wallet.cahoots.stonewallx2.Stonewallx2Service - # STONEWALLx2 COUNTERPARTY <= step=2
12:09:58.494 [main] DEBUG com.samourai.wallet.cahoots.AbstractCahoots2xService - ###### BEGIN doStep3 STONEWALLX2/COUNTERPARTY
12:09:58.494 [main] DEBUG com.samourai.wallet.cahoots.AbstractCahoots2xService -  * outpoints={14cf9c6be92efcfe628aabd32b02c85e763615ddd430861bc18f6d366e4c4fd5-1=10000, 9407b31fd0159dc4dd3f5377e3b18e4b4aafef2977a52e76b95c3f899cbb05ad-1=10000}
12:09:58.494 [main] DEBUG com.samourai.wallet.cahoots.AbstractCahoots2xService -  * tx=  ed971ecf7a4a04ec49c08074e24aae9824f10d166bc910c7b7d4c7d4937f345b
  version 2
  time locked until block 1234
  opts into full replace-by-fee
     in   
          outpoint:9407b31fd0159dc4dd3f5377e3b18e4b4aafef2977a52e76b95c3f899cbb05ad:1
          sequence:fffffffd, opts into full RBF
     in   
          outpoint:14cf9c6be92efcfe628aabd32b02c85e763615ddd430861bc18f6d366e4c4fd5:1
          sequence:fffffffd, opts into full RBF
     out  DUP HASH160 PUSHDATA(20)[5f6f1ffd91751f52b20e0c0dad81daa6211d6076] EQUALVERIFY CHECKSIG 0.00005 BTC
     out  0[] PUSHDATA(20)[657b6afdeef6809fdabce7face295632fbd94feb] 0.00004858 BTC
     out  DUP HASH160 PUSHDATA(20)[9bcdad097fa4695a3bdab991e3212da04002ce40] EQUALVERIFY CHECKSIG 0.00005 BTC
     out  0[] PUSHDATA(20)[4e4fed51986dbaf322d2b36e690b8638fa0f0204] 0.00004858 BTC
     prps UNKNOWN

12:09:58.494 [main] DEBUG com.samourai.wallet.cahoots.Cahoots2x - signTx:  142cceb968e279c8d2e9ddda31c61b7d30baac488d06aa1312275607b38cadac
  version 2
  time locked until block 1234
  opts into full replace-by-fee
     in   
          outpoint:14cf9c6be92efcfe628aabd32b02c85e763615ddd430861bc18f6d366e4c4fd5:1
          sequence:fffffffd, opts into full RBF
     in   
          outpoint:9407b31fd0159dc4dd3f5377e3b18e4b4aafef2977a52e76b95c3f899cbb05ad:1
          sequence:fffffffd, opts into full RBF
     out  0[] PUSHDATA(20)[4e4fed51986dbaf322d2b36e690b8638fa0f0204] 0.00004858 BTC
     out  0[] PUSHDATA(20)[657b6afdeef6809fdabce7face295632fbd94feb] 0.00004858 BTC
     out  DUP HASH160 PUSHDATA(20)[5f6f1ffd91751f52b20e0c0dad81daa6211d6076] EQUALVERIFY CHECKSIG 0.00005 BTC
     out  DUP HASH160 PUSHDATA(20)[9bcdad097fa4695a3bdab991e3212da04002ce40] EQUALVERIFY CHECKSIG 0.00005 BTC
     prps UNKNOWN

12:09:58.494 [main] DEBUG com.samourai.wallet.cahoots.Cahoots2x - signTx outpoint:9407b31fd0159dc4dd3f5377e3b18e4b4aafef2977a52e76b95c3f899cbb05ad:1
12:09:58.494 [main] DEBUG com.samourai.wallet.cahoots.Cahoots2x - signTx bech32:tb1qyvqh86akdkhnh8fh7j0q7n8j78k0wruz5et8tj
12:09:58.494 [main] DEBUG com.samourai.wallet.cahoots.Cahoots2x - signTx value:10000
12:09:58.494 [main] DEBUG com.samourai.wallet.cahoots.AbstractCahootsService - [STONEWALLX2/COUNTERPARTY] computeSpendAmount: keyBag=[9407b31fd0159dc4dd3f5377e3b18e4b4aafef2977a52e76b95c3f899cbb05ad:1]
12:09:58.494 [main] DEBUG com.samourai.wallet.cahoots.AbstractCahootsService - [STONEWALLX2/COUNTERPARTY] computeSpendAmount: +input 10000 9407b31fd0159dc4dd3f5377e3b18e4b4aafef2977a52e76b95c3f899cbb05ad:1
12:09:58.494 [main] DEBUG com.samourai.wallet.cahoots.AbstractCahootsService - [STONEWALLX2/COUNTERPARTY] computeSpendAmount: -output 4858 tb1qv4ak4l0w76qflk4uulavu22kxtaajnltkzxyq5
12:09:58.494 [main] DEBUG com.samourai.wallet.cahoots.AbstractCahootsService - [STONEWALLX2/COUNTERPARTY] computeSpendAmount: -output 5000 mpDZcNk5owZ2eXWzgWEnGTeYeE6SF6Sz9g
12:09:58.494 [main] DEBUG com.samourai.wallet.cahoots.AbstractCahootsService - [STONEWALLX2/COUNTERPARTY] computeSpendAmount = 142
12:09:58.494 [main] DEBUG com.samourai.wallet.cahoots.stonewallx2.Stonewallx2Service - [STONEWALLX2/COUNTERPARTY] maxSpendAmount = 142: sharedMinerFee=142
12:09:58.494 [main] DEBUG com.samourai.wallet.cahoots.AbstractCahoots2xService - [STONEWALLX2/COUNTERPARTY] COUNTERPARTY verifiedSpendAmount=142, maxSpendAmount=142
12:09:58.494 [main] DEBUG com.samourai.wallet.cahoots.AbstractCahoots2xService - ###### END doStep3 STONEWALLX2/COUNTERPARTY
12:09:58.494 [main] DEBUG com.samourai.wallet.cahoots.AbstractCahoots2xService -  * outpoints={14cf9c6be92efcfe628aabd32b02c85e763615ddd430861bc18f6d366e4c4fd5-1=10000, 9407b31fd0159dc4dd3f5377e3b18e4b4aafef2977a52e76b95c3f899cbb05ad-1=10000}
12:09:58.494 [main] DEBUG com.samourai.wallet.cahoots.AbstractCahoots2xService -  * tx=  142cceb968e279c8d2e9ddda31c61b7d30baac488d06aa1312275607b38cadac
  version 2
  time locked until block 1234
  opts into full replace-by-fee
     in   
          outpoint:14cf9c6be92efcfe628aabd32b02c85e763615ddd430861bc18f6d366e4c4fd5:1
          sequence:fffffffd, opts into full RBF
     in   
          outpoint:9407b31fd0159dc4dd3f5377e3b18e4b4aafef2977a52e76b95c3f899cbb05ad:1
          sequence:fffffffd, opts into full RBF
     out  0[] PUSHDATA(20)[4e4fed51986dbaf322d2b36e690b8638fa0f0204] 0.00004858 BTC
     out  0[] PUSHDATA(20)[657b6afdeef6809fdabce7face295632fbd94feb] 0.00004858 BTC
     out  DUP HASH160 PUSHDATA(20)[5f6f1ffd91751f52b20e0c0dad81daa6211d6076] EQUALVERIFY CHECKSIG 0.00005 BTC
     out  DUP HASH160 PUSHDATA(20)[9bcdad097fa4695a3bdab991e3212da04002ce40] EQUALVERIFY CHECKSIG 0.00005 BTC
     prps UNKNOWN

12:09:58.494 [main] DEBUG com.samourai.wallet.cahoots.stonewallx2.Stonewallx2Service - # STONEWALLx2 COUNTERPARTY => step=3
12:09:58.495 [main] DEBUG com.samourai.wallet.cahoots.AbstractCahootsTest - #3 COUNTERPARTY => {"cahoots":{"fingerprint_collab":"f0d70870","psbt":"abZy8000000rmh8IWrGu2T}/)<0P>ZqthfaZlRU7TQ(aojN).PU+L.>0%*Q1z*c/<Vf8-vE+Er1)MwC2Dz4+P<\/2fJYfIQ6b5X(7=.Cyf].eN=<nK}n}593LXWQhp:v!E*4LYi%Iq^y9O.g$R=y7YMZjc)Q<n[>45p(j#pT@?hX@jaAX=?$DwY#qE+a(6GPnCYhVUGJ7TZXm:!JFk{RY]H5-a%zvlZcSP=WkiWMa-6(K.5SNRw@rHGP-1!k$b7X/J6eYG6x#s@(sIQ}Ypd1wP-&[tzq@$HMB0o0Q8zU:jJjTjhwHT0dNLx<a-f%YGG!9YEgBz3AUkKU!WVLiGgoXXFy5(fkRPTxn=BFOtNcDgo[7KEvw]Bg?)Vkpw.K/bOTufExDn0)<#<Y=]OdN}n=Hks9MC}g1G@OHEj@-jdB/8[}XqnXUyS!q1}t*EknOj0r-lOvxGUi00","destPaynym":"","cpty_account":0,"spend_amount":5000,"outpoints":[{"value":10000,"outpoint":"14cf9c6be92efcfe628aabd32b02c85e763615ddd430861bc18f6d366e4c4fd5-1"},{"value":10000,"outpoint":"9407b31fd0159dc4dd3f5377e3b18e4b4aafef2977a52e76b95c3f899cbb05ad-1"}],"type":0,"params":"testnet","dest":"muimRQFJKMJM1pTminJxiD5HrPgSu257tX","version":2,"fee_amount":284,"fingerprint":"eed8a1cd","step":3,"collabChange":"tb1qv4ak4l0w76qflk4uulavu22kxtaajnltkzxyq5","id":"7e7e651dd3eb5abd5c0140184e2c384bd76527833136a104a3b19e9724ec5d5b","account":0,"ts":1711645798}}
12:09:58.495 [main] DEBUG com.samourai.wallet.cahoots.stonewallx2.Stonewallx2Service - # STONEWALLx2 SENDER <= step=3
12:09:58.495 [main] DEBUG com.samourai.wallet.cahoots.AbstractCahoots2xService - ###### BEGIN doStep4 STONEWALLX2/SENDER
12:09:58.495 [main] DEBUG com.samourai.wallet.cahoots.AbstractCahoots2xService -  * outpoints={14cf9c6be92efcfe628aabd32b02c85e763615ddd430861bc18f6d366e4c4fd5-1=10000, 9407b31fd0159dc4dd3f5377e3b18e4b4aafef2977a52e76b95c3f899cbb05ad-1=10000}
12:09:58.495 [main] DEBUG com.samourai.wallet.cahoots.AbstractCahoots2xService -  * tx=  142cceb968e279c8d2e9ddda31c61b7d30baac488d06aa1312275607b38cadac
  version 2
  time locked until block 1234
  opts into full replace-by-fee
     in   
          outpoint:14cf9c6be92efcfe628aabd32b02c85e763615ddd430861bc18f6d366e4c4fd5:1
          sequence:fffffffd, opts into full RBF
     in   
          outpoint:9407b31fd0159dc4dd3f5377e3b18e4b4aafef2977a52e76b95c3f899cbb05ad:1
          sequence:fffffffd, opts into full RBF
     out  0[] PUSHDATA(20)[4e4fed51986dbaf322d2b36e690b8638fa0f0204] 0.00004858 BTC
[...]
]]></system-out>
  </testcase>
  <testcase name="invalidStonewallExcetion" classname="com.samourai.wallet.cahoots.Stonewallx2ServiceTest" time="0.343">
    <system-out><![CDATA[12:10:02.082 [main] DEBUG com.samourai.http.client.JettyHttpClient - +httpClient: no proxy
12:10:02.229 [main] DEBUG com.samourai.wallet.bipWallet.WalletSupplierImpl - +BipWallet[DEPOSIT_BIP44]: BipWallet{id='DEPOSIT_BIP44', samouraiAccount=DEPOSIT, derivation=BipDerivation{purpose=44, accountIndex=0}, bipFormatDefault=LEGACY, bipFormats=[LEGACY], xPub='tpu...LwY', bipPub='tpu...LwY'}
12:10:02.229 [main] DEBUG com.samourai.wallet.bipWallet.WalletSupplierImpl - +BipWallet[DEPOSIT_BIP49]: BipWallet{id='DEPOSIT_BIP49', samouraiAccount=DEPOSIT, derivation=BipDerivation{purpose=49, accountIndex=0}, bipFormatDefault=SEGWIT_COMPAT, bipFormats=[SEGWIT_COMPAT], xPub='tpu...eV2', bipPub='upu...38D'}
12:10:02.229 [main] DEBUG com.samourai.wallet.bipWallet.WalletSupplierImpl - +BipWallet[DEPOSIT_BIP84]: BipWallet{id='DEPOSIT_BIP84', samouraiAccount=DEPOSIT, derivation=BipDerivation{purpose=84, accountIndex=0}, bipFormatDefault=SEGWIT_NATIVE, bipFormats=[SEGWIT_NATIVE], xPub='tpu...re9', bipPub='vpu...dCu'}
12:10:02.229 [main] DEBUG com.samourai.wallet.bipWallet.WalletSupplierImpl - +BipWallet[PREMIX_BIP84]: BipWallet{id='PREMIX_BIP84', samouraiAccount=PREMIX, derivation=BipDerivation{purpose=84, accountIndex=2147483645}, bipFormatDefault=SEGWIT_NATIVE, bipFormats=[SEGWIT_NATIVE], xPub='tpu...hvr', bipPub='vpu...4mL'}
12:10:02.229 [main] DEBUG com.samourai.wallet.bipWallet.WalletSupplierImpl - +BipWallet[POSTMIX_BIP84]: BipWallet{id='POSTMIX_BIP84', samouraiAccount=POSTMIX, derivation=BipDerivation{purpose=84, accountIndex=2147483646}, bipFormatDefault=SEGWIT_NATIVE, bipFormats=[SEGWIT_NATIVE, SEGWIT_COMPAT, LEGACY], xPub='tpu...sQD', bipPub='vpu...nrW'}
12:10:02.229 [main] DEBUG com.samourai.wallet.bipWallet.WalletSupplierImpl - +BipWallet[ASB_BIP84]: BipWallet{id='ASB_BIP84', samouraiAccount=SWAPS_ASB, derivation=BipDerivation{purpose=84, accountIndex=2147483641}, bipFormatDefault=SEGWIT_NATIVE, bipFormats=[SEGWIT_NATIVE], xPub='tpu...p4i', bipPub='vpu...sEH'}
12:10:02.229 [main] DEBUG com.samourai.wallet.bipWallet.WalletSupplierImpl - +BipWallet[SWAPS_DEPOSIT]: BipWallet{id='SWAPS_DEPOSIT', samouraiAccount=SWAPS_DEPOSIT, derivation=BipDerivation{purpose=84, accountIndex=2147483643}, bipFormatDefault=SEGWIT_NATIVE, bipFormats=[SEGWIT_NATIVE], xPub='tpu...3s7', bipPub='vpu...HpJ'}
12:10:02.229 [main] DEBUG com.samourai.wallet.bipWallet.WalletSupplierImpl - +BipWallet[SWAPS_REFUNDS]: BipWallet{id='SWAPS_REFUNDS', samouraiAccount=SWAPS_REFUNDS, derivation=BipDerivation{purpose=84, accountIndex=2147483642}, bipFormatDefault=SEGWIT_NATIVE, bipFormats=[SEGWIT_NATIVE], xPub='tpu...rMX', bipPub='vpu...Sr9'}
12:10:02.229 [main] DEBUG com.samourai.wallet.bipWallet.WalletSupplierImpl - +BipWallet[BADBANK_BIP84]: BipWallet{id='BADBANK_BIP84', samouraiAccount=BADBANK, derivation=BipDerivation{purpose=84, accountIndex=2147483644}, bipFormatDefault=SEGWIT_NATIVE, bipFormats=[SEGWIT_NATIVE], xPub='tpu...hmu', bipPub='vpu...tNY'}
12:10:02.229 [main] DEBUG com.samourai.wallet.bipWallet.WalletSupplierImpl - +BipWallet[RICOCHET_BIP84]: BipWallet{id='RICOCHET_BIP84', samouraiAccount=RICOCHET, derivation=BipDerivation{purpose=84, accountIndex=2147483647}, bipFormatDefault=SEGWIT_NATIVE, bipFormats=[SEGWIT_NATIVE], xPub='tpu...UMc', bipPub='vpu...knj'}
12:10:02.229 [main] DEBUG com.samourai.wallet.api.backend.BackendApi - urlBackend=https://api.samouraiwallet.com/test/v2, oAuth=no
12:10:02.229 [main] DEBUG com.samourai.wallet.util.LogbackUtils - Log level set to DEBUG for the logger 'com.samourai'
12:10:02.229 [main] DEBUG com.samourai.wallet.util.LogbackUtils - Log level set to DEBUG for the logger 'com.samourai.whirlpool.client'
12:10:02.229 [main] DEBUG com.samourai.wallet.util.LogbackUtils - Log level set to DEBUG for the logger 'com.samourai.whirlpool.client.mix.dialog'
12:10:02.229 [main] DEBUG com.samourai.wallet.util.LogbackUtils - Log level set to DEBUG for the logger 'com.samourai.stomp.client'
12:10:02.229 [main] DEBUG com.samourai.wallet.util.LogbackUtils - Log level set to DEBUG for the logger 'com.samourai.wallet.util.FeeUtil'
12:10:02.229 [main] DEBUG com.samourai.wallet.util.LogbackUtils - Log level set to DEBUG for the logger 'com.samourai.whirlpool.client.utils'
12:10:02.229 [main] DEBUG com.samourai.wallet.util.LogbackUtils - Log level set to DEBUG for the logger 'com.samourai.whirlpool.client.wallet'
12:10:02.229 [main] DEBUG com.samourai.wallet.util.LogbackUtils - Log level set to DEBUG for the logger 'com.samourai.wallet.cahoots'
12:10:02.229 [main] DEBUG com.samourai.wallet.util.LogbackUtils - Log level set to DEBUG for the logger 'com.samourai.wallet.cahoots.stowaway'
12:10:02.229 [main] DEBUG com.samourai.wallet.util.LogbackUtils - Log level set to DEBUG for the logger 'com.samourai.wallet.cahoots.stonewallx2'
12:10:02.229 [main] DEBUG com.samourai.wallet.util.LogbackUtils - Log level set to DEBUG for the logger 'com.samourai.wallet.sorobanClient'
12:10:02.229 [main] DEBUG com.samourai.wallet.util.LogbackUtils - Log level set to DEBUG for the logger 'com.samourai.soroban.client'
12:10:02.229 [main] DEBUG com.samourai.wallet.util.LogbackUtils - Log level set to DEBUG for the logger 'com.samourai.soroban.client.rpc'
12:10:02.229 [main] DEBUG com.samourai.wallet.util.LogbackUtils - Log level set to DEBUG for the logger 'com.samourai.soroban.client.dialog'
12:10:02.229 [main] DEBUG com.samourai.wallet.util.LogbackUtils - Log level set to DEBUG for the logger 'com.samourai.soroban.client.meeting'
12:10:02.229 [main] DEBUG com.samourai.wallet.util.LogbackUtils - Log level set to DEBUG for the logger 'com.samourai.whirlpool.client.wallet.orchestrator'
12:10:02.229 [main] DEBUG com.samourai.wallet.util.LogbackUtils - Log level set to ERROR for the logger 'org.bitcoinj'
12:10:02.229 [main] DEBUG com.samourai.wallet.util.LogbackUtils - Log level set to WARN for the logger 'org.bitcoin'
12:10:02.229 [main] DEBUG com.samourai.wallet.util.LogbackUtils - Log level set to INFO for the logger 'org.eclipse.jetty'
12:10:02.302 [main] DEBUG com.samourai.wallet.bipWallet.WalletSupplierImpl - +BipWallet[DEPOSIT_BIP44]: BipWallet{id='DEPOSIT_BIP44', samouraiAccount=DEPOSIT, derivation=BipDerivation{purpose=44, accountIndex=0}, bipFormatDefault=LEGACY, bipFormats=[LEGACY], xPub='tpu...LZp', bipPub='tpu...LZp'}
12:10:02.302 [main] DEBUG com.samourai.wallet.bipWallet.WalletSupplierImpl - +BipWallet[DEPOSIT_BIP49]: BipWallet{id='DEPOSIT_BIP49', samouraiAccount=DEPOSIT, derivation=BipDerivation{purpose=49, accountIndex=0}, bipFormatDefault=SEGWIT_COMPAT, bipFormats=[SEGWIT_COMPAT], xPub='tpu...2dH', bipPub='upu...bSs'}
12:10:02.302 [main] DEBUG com.samourai.wallet.bipWallet.WalletSupplierImpl - +BipWallet[DEPOSIT_BIP84]: BipWallet{id='DEPOSIT_BIP84', samouraiAccount=DEPOSIT, derivation=BipDerivation{purpose=84, accountIndex=0}, bipFormatDefault=SEGWIT_NATIVE, bipFormats=[SEGWIT_NATIVE], xPub='tpu...MfN', bipPub='vpu...sew'}
12:10:02.302 [main] DEBUG com.samourai.wallet.bipWallet.WalletSupplierImpl - +BipWallet[PREMIX_BIP84]: BipWallet{id='PREMIX_BIP84', samouraiAccount=PREMIX, derivation=BipDerivation{purpose=84, accountIndex=2147483645}, bipFormatDefault=SEGWIT_NATIVE, bipFormats=[SEGWIT_NATIVE], xPub='tpu...y1p', bipPub='vpu...D4a'}
12:10:02.303 [main] DEBUG com.samourai.wallet.bipWallet.WalletSupplierImpl - +BipWallet[POSTMIX_BIP84]: BipWallet{id='POSTMIX_BIP84', samouraiAccount=POSTMIX, derivation=BipDerivation{purpose=84, accountIndex=2147483646}, bipFormatDefault=SEGWIT_NATIVE, bipFormats=[SEGWIT_NATIVE, SEGWIT_COMPAT, LEGACY], xPub='tpu...NLN', bipPub='vpu...RKR'}
12:10:02.303 [main] DEBUG com.samourai.wallet.bipWallet.WalletSupplierImpl - +BipWallet[BADBANK_BIP84]: BipWallet{id='BADBANK_BIP84', samouraiAccount=BADBANK, derivation=BipDerivation{purpose=84, accountIndex=2147483644}, bipFormatDefault=SEGWIT_NATIVE, bipFormats=[SEGWIT_NATIVE], xPub='tpu...86t', bipPub='vpu...XXs'}
12:10:02.399 [main] DEBUG com.samourai.wallet.bipWallet.WalletSupplierImpl - +BipWallet[DEPOSIT_BIP44]: BipWallet{id='DEPOSIT_BIP44', samouraiAccount=DEPOSIT, derivation=BipDerivation{purpose=44, accountIndex=0}, bipFormatDefault=LEGACY, bipFormats=[LEGACY], xPub='tpu...XeJ', bipPub='tpu...XeJ'}
12:10:02.399 [main] DEBUG com.samourai.wallet.bipWallet.WalletSupplierImpl - +BipWallet[DEPOSIT_BIP49]: BipWallet{id='DEPOSIT_BIP49', samouraiAccount=DEPOSIT, derivation=BipDerivation{purpose=49, accountIndex=0}, bipFormatDefault=SEGWIT_COMPAT, bipFormats=[SEGWIT_COMPAT], xPub='tpu...TBn', bipPub='upu...QVy'}
12:10:02.399 [main] DEBUG com.samourai.wallet.bipWallet.WalletSupplierImpl - +BipWallet[DEPOSIT_BIP84]: BipWallet{id='DEPOSIT_BIP84', samouraiAccount=DEPOSIT, derivation=BipDerivation{purpose=84, accountIndex=0}, bipFormatDefault=SEGWIT_NATIVE, bipFormats=[SEGWIT_NATIVE], xPub='tpu...Nbr', bipPub='vpu...R4q'}
12:10:02.399 [main] DEBUG com.samourai.wallet.bipWallet.WalletSupplierImpl - +BipWallet[PREMIX_BIP84]: BipWallet{id='PREMIX_BIP84', samouraiAccount=PREMIX, derivation=BipDerivation{purpose=84, accountIndex=2147483645}, bipFormatDefault=SEGWIT_NATIVE, bipFormats=[SEGWIT_NATIVE], xPub='tpu...ZBX', bipPub='vpu...XxM'}
12:10:02.399 [main] DEBUG com.samourai.wallet.bipWallet.WalletSupplierImpl - +BipWallet[POSTMIX_BIP84]: BipWallet{id='POSTMIX_BIP84', samouraiAccount=POSTMIX, derivation=BipDerivation{purpose=84, accountIndex=2147483646}, bipFormatDefault=SEGWIT_NATIVE, bipFormats=[SEGWIT_NATIVE, SEGWIT_COMPAT, LEGACY], xPub='tpu...do5', bipPub='vpu...2eX'}
12:10:02.399 [main] DEBUG com.samourai.wallet.bipWallet.WalletSupplierImpl - +BipWallet[BADBANK_BIP84]: BipWallet{id='BADBANK_BIP84', samouraiAccount=BADBANK, derivation=BipDerivation{purpose=84, accountIndex=2147483644}, bipFormatDefault=SEGWIT_NATIVE, bipFormats=[SEGWIT_NATIVE], xPub='tpu...QxP', bipPub='vpu...M4F'}
12:10:02.426 [main] DEBUG com.samourai.http.client.JettyHttpClient - +httpClient: no proxy
12:10:02.573 [main] DEBUG com.samourai.wallet.bipWallet.WalletSupplierImpl - +BipWallet[DEPOSIT_BIP44]: BipWallet{id='DEPOSIT_BIP44', samouraiAccount=DEPOSIT, derivation=BipDerivation{purpose=44, accountIndex=0}, bipFormatDefault=LEGACY, bipFormats=[LEGACY], xPub='tpu...LwY', bipPub='tpu...LwY'}
12:10:02.573 [main] DEBUG com.samourai.wallet.bipWallet.WalletSupplierImpl - +BipWallet[DEPOSIT_BIP49]: BipWallet{id='DEPOSIT_BIP49', samouraiAccount=DEPOSIT, derivation=BipDerivation{purpose=49, accountIndex=0}, bipFormatDefault=SEGWIT_COMPAT, bipFormats=[SEGWIT_COMPAT], xPub='tpu...eV2', bipPub='upu...38D'}
12:10:02.573 [main] DEBUG com.samourai.wallet.bipWallet.WalletSupplierImpl - +BipWallet[DEPOSIT_BIP84]: BipWallet{id='DEPOSIT_BIP84', samouraiAccount=DEPOSIT, derivation=BipDerivation{purpose=84, accountIndex=0}, bipFormatDefault=SEGWIT_NATIVE, bipFormats=[SEGWIT_NATIVE], xPub='tpu...re9', bipPub='vpu...dCu'}
12:10:02.573 [main] DEBUG com.samourai.wallet.bipWallet.WalletSupplierImpl - +BipWallet[PREMIX_BIP84]: BipWallet{id='PREMIX_BIP84', samouraiAccount=PREMIX, derivation=BipDerivation{purpose=84, accountIndex=2147483645}, bipFormatDefault=SEGWIT_NATIVE, bipFormats=[SEGWIT_NATIVE], xPub='tpu...hvr', bipPub='vpu...4mL'}
12:10:02.573 [main] DEBUG com.samourai.wallet.bipWallet.WalletSupplierImpl - +BipWallet[POSTMIX_BIP84]: BipWallet{id='POSTMIX_BIP84', samouraiAccount=POSTMIX, derivation=BipDerivation{purpose=84, accountIndex=2147483646}, bipFormatDefault=SEGWIT_NATIVE, bipFormats=[SEGWIT_NATIVE, SEGWIT_COMPAT, LEGACY], xPub='tpu...sQD', bipPub='vpu...nrW'}
12:10:02.573 [main] DEBUG com.samourai.wallet.bipWallet.WalletSupplierImpl - +BipWallet[ASB_BIP84]: BipWallet{id='ASB_BIP84', samouraiAccount=SWAPS_ASB, derivation=BipDerivation{purpose=84, accountIndex=2147483641}, bipFormatDefault=SEGWIT_NATIVE, bipFormats=[SEGWIT_NATIVE], xPub='tpu...p4i', bipPub='vpu...sEH'}
12:10:02.573 [main] DEBUG com.samourai.wallet.bipWallet.WalletSupplierImpl - +BipWallet[SWAPS_DEPOSIT]: BipWallet{id='SWAPS_DEPOSIT', samouraiAccount=SWAPS_DEPOSIT, derivation=BipDerivation{purpose=84, accountIndex=2147483643}, bipFormatDefault=SEGWIT_NATIVE, bipFormats=[SEGWIT_NATIVE], xPub='tpu...3s7', bipPub='vpu...HpJ'}
12:10:02.573 [main] DEBUG com.samourai.wallet.bipWallet.WalletSupplierImpl - +BipWallet[SWAPS_REFUNDS]: BipWallet{id='SWAPS_REFUNDS', samouraiAccount=SWAPS_REFUNDS, derivation=BipDerivation{purpose=84, accountIndex=2147483642}, bipFormatDefault=SEGWIT_NATIVE, bipFormats=[SEGWIT_NATIVE], xPub='tpu...rMX', bipPub='vpu...Sr9'}
12:10:02.573 [main] DEBUG com.samourai.wallet.bipWallet.WalletSupplierImpl - +BipWallet[BADBANK_BIP84]: BipWallet{id='BADBANK_BIP84', samouraiAccount=BADBANK, derivation=BipDerivation{purpose=84, accountIndex=2147483644}, bipFormatDefault=SEGWIT_NATIVE, bipFormats=[SEGWIT_NATIVE], xPub='tpu...hmu', bipPub='vpu...tNY'}
12:10:02.573 [main] DEBUG com.samourai.wallet.bipWallet.WalletSupplierImpl - +BipWallet[RICOCHET_BIP84]: BipWallet{id='RICOCHET_BIP84', samouraiAccount=RICOCHET, derivation=BipDerivation{purpose=84, accountIndex=2147483647}, bipFormatDefault=SEGWIT_NATIVE, bipFormats=[SEGWIT_NATIVE], xPub='tpu...UMc', bipPub='vpu...knj'}
12:10:02.573 [main] DEBUG com.samourai.wallet.api.backend.BackendApi - urlBackend=https://api.samouraiwallet.com/test/v2, oAuth=no
12:10:02.573 [main] DEBUG com.samourai.wallet.util.LogbackUtils - Log level set to DEBUG for the logger 'com.samourai'
12:10:02.573 [main] DEBUG com.samourai.wallet.util.LogbackUtils - Log level set to DEBUG for the logger 'com.samourai.whirlpool.client'
12:10:02.573 [main] DEBUG com.samourai.wallet.util.LogbackUtils - Log level set to DEBUG for the logger 'com.samourai.whirlpool.client.mix.dialog'
12:10:02.573 [main] DEBUG com.samourai.wallet.util.LogbackUtils - Log level set to DEBUG for the logger 'com.samourai.stomp.client'
12:10:02.573 [main] DEBUG com.samourai.wallet.util.LogbackUtils - Log level set to DEBUG for the logger 'com.samourai.wallet.util.FeeUtil'
12:10:02.573 [main] DEBUG com.samourai.wallet.util.LogbackUtils - Log level set to DEBUG for the logger 'com.samourai.whirlpool.client.utils'
12:10:02.573 [main] DEBUG com.samourai.wallet.util.LogbackUtils - Log level set to DEBUG for the logger 'com.samourai.whirlpool.client.wallet'
12:10:02.573 [main] DEBUG com.samourai.wallet.util.LogbackUtils - Log level set to DEBUG for the logger 'com.samourai.wallet.cahoots'
12:10:02.573 [main] DEBUG com.samourai.wallet.util.LogbackUtils - Log level set to DEBUG for the logger 'com.samourai.wallet.cahoots.stowaway'
12:10:02.573 [main] DEBUG com.samourai.wallet.util.LogbackUtils - Log level set to DEBUG for the logger 'com.samourai.wallet.cahoots.stonewallx2'
12:10:02.573 [main] DEBUG com.samourai.wallet.util.LogbackUtils - Log level set to DEBUG for the logger 'com.samourai.wallet.sorobanClient'
12:10:02.573 [main] DEBUG com.samourai.wallet.util.LogbackUtils - Log level set to DEBUG for the logger 'com.samourai.soroban.client'
12:10:02.573 [main] DEBUG com.samourai.wallet.util.LogbackUtils - Log level set to DEBUG for the logger 'com.samourai.soroban.client.rpc'
12:10:02.573 [main] DEBUG com.samourai.wallet.util.LogbackUtils - Log level set to DEBUG for the logger 'com.samourai.soroban.client.dialog'
12:10:02.573 [main] DEBUG com.samourai.wallet.util.LogbackUtils - Log level set to DEBUG for the logger 'com.samourai.soroban.client.meeting'
12:10:02.573 [main] DEBUG com.samourai.wallet.util.LogbackUtils - Log level set to DEBUG for the logger 'com.samourai.whirlpool.client.wallet.orchestrator'
12:10:02.573 [main] DEBUG com.samourai.wallet.util.LogbackUtils - Log level set to ERROR for the logger 'org.bitcoinj'
12:10:02.574 [main] DEBUG com.samourai.wallet.util.LogbackUtils - Log level set to WARN for the logger 'org.bitcoin'
12:10:02.574 [main] DEBUG com.samourai.wallet.util.LogbackUtils - Log level set to INFO for the logger 'org.eclipse.jetty'
12:10:02.647 [main] DEBUG com.samourai.wallet.bipWallet.WalletSupplierImpl - +BipWallet[DEPOSIT_BIP44]: BipWallet{id='DEPOSIT_BIP44', samouraiAccount=DEPOSIT, derivation=BipDerivation{purpose=44, accountIndex=0}, bipFormatDefault=LEGACY, bipFormats=[LEGACY], xPub='tpu...LZp', bipPub='tpu...LZp'}
12:10:02.647 [main] DEBUG com.samourai.wallet.bipWallet.WalletSupplierImpl - +BipWallet[DEPOSIT_BIP49]: BipWallet{id='DEPOSIT_BIP49', samouraiAccount=DEPOSIT, derivation=BipDerivation{purpose=49, accountIndex=0}, bipFormatDefault=SEGWIT_COMPAT, bipFormats=[SEGWIT_COMPAT], xPub='tpu...2dH', bipPub='upu...bSs'}
12:10:02.647 [main] DEBUG com.samourai.wallet.bipWallet.WalletSupplierImpl - +BipWallet[DEPOSIT_BIP84]: BipWallet{id='DEPOSIT_BIP84', samouraiAccount=DEPOSIT, derivation=BipDerivation{purpose=84, accountIndex=0}, bipFormatDefault=SEGWIT_NATIVE, bipFormats=[SEGWIT_NATIVE], xPub='tpu...MfN', bipPub='vpu...sew'}
12:10:02.647 [main] DEBUG com.samourai.wallet.bipWallet.WalletSupplierImpl - +BipWallet[PREMIX_BIP84]: BipWallet{id='PREMIX_BIP84', samouraiAccount=PREMIX, derivation=BipDerivation{purpose=84, accountIndex=2147483645}, bipFormatDefault=SEGWIT_NATIVE, bipFormats=[SEGWIT_NATIVE], xPub='tpu...y1p', bipPub='vpu...D4a'}
12:10:02.647 [main] DEBUG com.samourai.wallet.bipWallet.WalletSupplierImpl - +BipWallet[POSTMIX_BIP84]: BipWallet{id='POSTMIX_BIP84', samouraiAccount=POSTMIX, derivation=BipDerivation{purpose=84, accountIndex=2147483646}, bipFormatDefault=SEGWIT_NATIVE, bipFormats=[SEGWIT_NATIVE, SEGWIT_COMPAT, LEGACY], xPub='tpu...NLN', bipPub='vpu...RKR'}
12:10:02.647 [main] DEBUG com.samourai.wallet.bipWallet.WalletSupplierImpl - +BipWallet[BADBANK_BIP84]: BipWallet{id='BADBANK_BIP84', samouraiAccount=BADBANK, derivation=BipDerivation{purpose=84, accountIndex=2147483644}, bipFormatDefault=SEGWIT_NATIVE, bipFormats=[SEGWIT_NATIVE], xPub='tpu...86t', bipPub='vpu...XXs'}
12:10:02.741 [main] DEBUG com.samourai.wallet.bipWallet.WalletSupplierImpl - +BipWallet[DEPOSIT_BIP44]: BipWallet{id='DEPOSIT_BIP44', samouraiAccount=DEPOSIT, derivation=BipDerivation{purpose=44, accountIndex=0}, bipFormatDefault=LEGACY, bipFormats=[LEGACY], xPub='tpu...XeJ', bipPub='tpu...XeJ'}
12:10:02.742 [main] DEBUG com.samourai.wallet.bipWallet.WalletSupplierImpl - +BipWallet[DEPOSIT_BIP49]: BipWallet{id='DEPOSIT_BIP49', samouraiAccount=DEPOSIT, derivation=BipDerivation{purpose=49, accountIndex=0}, bipFormatDefault=SEGWIT_COMPAT, bipFormats=[SEGWIT_COMPAT], xPub='tpu...TBn', bipPub='upu...QVy'}
12:10:02.742 [main] DEBUG com.samourai.wallet.bipWallet.WalletSupplierImpl - +BipWallet[DEPOSIT_BIP84]: BipWallet{id='DEPOSIT_BIP84', samouraiAccount=DEPOSIT, derivation=BipDerivation{purpose=84, accountIndex=0}, bipFormatDefault=SEGWIT_NATIVE, bipFormats=[SEGWIT_NATIVE], xPub='tpu...Nbr', bipPub='vpu...R4q'}
12:10:02.742 [main] DEBUG com.samourai.wallet.bipWallet.WalletSupplierImpl - +BipWallet[PREMIX_BIP84]: BipWallet{id='PREMIX_BIP84', samouraiAccount=PREMIX, derivation=BipDerivation{purpose=84, accountIndex=2147483645}, bipFormatDefault=SEGWIT_NATIVE, bipFormats=[SEGWIT_NATIVE], xPub='tpu...ZBX', bipPub='vpu...XxM'}
12:10:02.742 [main] DEBUG com.samourai.wallet.bipWallet.WalletSupplierImpl - +BipWallet[POSTMIX_BIP84]: BipWallet{id='POSTMIX_BIP84', samouraiAccount=POSTMIX, derivation=BipDerivation{purpose=84, accountIndex=2147483646}, bipFormatDefault=SEGWIT_NATIVE, bipFormats=[SEGWIT_NATIVE, SEGWIT_COMPAT, LEGACY], xPub='tpu...do5', bipPub='vpu...2eX'}
12:10:02.742 [main] DEBUG com.samourai.wallet.bipWallet.WalletSupplierImpl - +BipWallet[BADBANK_BIP84]: BipWallet{id='BADBANK_BIP84', samouraiAccount=BADBANK, derivation=BipDerivation{purpose=84, accountIndex=2147483644}, bipFormatDefault=SEGWIT_NATIVE, bipFormats=[SEGWIT_NATIVE], xPub='tpu...QxP', bipPub='vpu...M4F'}
]]></system-out>
  </testcase>
</testsuite>