<?xml version="1.0" encoding="UTF-8"?>
<testsuite xmlns:xsi="http://www.w3.org/2001/XMLSchema-instance" xsi:noNamespaceSchemaLocation="https://maven.apache.org/surefire/maven-surefire-plugin/xsd/surefire-test-report-3.0.xsd" version="3.0" name="com.samourai.wallet.api.backend.BackendApiTest" time="12.122" tests="14" errors="0" skipped="2" failures="0">
  <properties>
[...]
</properties>
  <testcase name="pushTx_addressReuse" classname="com.samourai.wallet.api.backend.BackendApiTest" time="0.703">
    <system-out><![CDATA[12:10:17.883 [main] DEBUG com.samourai.http.client.JettyHttpClient - +httpClient: no proxy
12:10:18.039 [main] DEBUG com.samourai.wallet.bipWallet.WalletSupplierImpl - +BipWallet[DEPOSIT_BIP44]: BipWallet{id='DEPOSIT_BIP44', samouraiAccount=DEPOSIT, derivation=BipDerivation{purpose=44, accountIndex=0}, bipFormatDefault=LEGACY, bipFormats=[LEGACY], xPub='tpu...LwY', bipPub='tpu...LwY'}
12:10:18.039 [main] DEBUG com.samourai.wallet.bipWallet.WalletSupplierImpl - +BipWallet[DEPOSIT_BIP49]: BipWallet{id='DEPOSIT_BIP49', samouraiAccount=DEPOSIT, derivation=BipDerivation{purpose=49, accountIndex=0}, bipFormatDefault=SEGWIT_COMPAT, bipFormats=[SEGWIT_COMPAT], xPub='tpu...eV2', bipPub='upu...38D'}
12:10:18.039 [main] DEBUG com.samourai.wallet.bipWallet.WalletSupplierImpl - +BipWallet[DEPOSIT_BIP84]: BipWallet{id='DEPOSIT_BIP84', samouraiAccount=DEPOSIT, derivation=BipDerivation{purpose=84, accountIndex=0}, bipFormatDefault=SEGWIT_NATIVE, bipFormats=[SEGWIT_NATIVE], xPub='tpu...re9', bipPub='vpu...dCu'}
12:10:18.039 [main] DEBUG com.samourai.wallet.bipWallet.WalletSupplierImpl - +BipWallet[PREMIX_BIP84]: BipWallet{id='PREMIX_BIP84', samouraiAccount=PREMIX, derivation=BipDerivation{purpose=84, accountIndex=2147483645}, bipFormatDefault=SEGWIT_NATIVE, bipFormats=[SEGWIT_NATIVE], xPub='tpu...hvr', bipPub='vpu...4mL'}
12:10:18.039 [main] DEBUG com.samourai.wallet.bipWallet.WalletSupplierImpl - +BipWallet[POSTMIX_BIP84]: BipWallet{id='POSTMIX_BIP84', samouraiAccount=POSTMIX, derivation=BipDerivation{purpose=84, accountIndex=2147483646}, bipFormatDefault=SEGWIT_NATIVE, bipFormats=[SEGWIT_NATIVE, SEGWIT_COMPAT, LEGACY], xPub='tpu...sQD', bipPub='vpu...nrW'}
12:10:18.039 [main] DEBUG com.samourai.wallet.bipWallet.WalletSupplierImpl - +BipWallet[ASB_BIP84]: BipWallet{id='ASB_BIP84', samouraiAccount=SWAPS_ASB, derivation=BipDerivation{purpose=84, accountIndex=2147483641}, bipFormatDefault=SEGWIT_NATIVE, bipFormats=[SEGWIT_NATIVE], xPub='tpu...p4i', bipPub='vpu...sEH'}
12:10:18.039 [main] DEBUG com.samourai.wallet.bipWallet.WalletSupplierImpl - +BipWallet[SWAPS_DEPOSIT]: BipWallet{id='SWAPS_DEPOSIT', samouraiAccount=SWAPS_DEPOSIT, derivation=BipDerivation{purpose=84, accountIndex=2147483643}, bipFormatDefault=SEGWIT_NATIVE, bipFormats=[SEGWIT_NATIVE], xPub='tpu...3s7', bipPub='vpu...HpJ'}
12:10:18.039 [main] DEBUG com.samourai.wallet.bipWallet.WalletSupplierImpl - +BipWallet[SWAPS_REFUNDS]: BipWallet{id='SWAPS_REFUNDS', samouraiAccount=SWAPS_REFUNDS, derivation=BipDerivation{purpose=84, accountIndex=2147483642}, bipFormatDefault=SEGWIT_NATIVE, bipFormats=[SEGWIT_NATIVE], xPub='tpu...rMX', bipPub='vpu...Sr9'}
12:10:18.039 [main] DEBUG com.samourai.wallet.bipWallet.WalletSupplierImpl - +BipWallet[BADBANK_BIP84]: BipWallet{id='BADBANK_BIP84', samouraiAccount=BADBANK, derivation=BipDerivation{purpose=84, accountIndex=2147483644}, bipFormatDefault=SEGWIT_NATIVE, bipFormats=[SEGWIT_NATIVE], xPub='tpu...hmu', bipPub='vpu...tNY'}
12:10:18.039 [main] DEBUG com.samourai.wallet.bipWallet.WalletSupplierImpl - +BipWallet[RICOCHET_BIP84]: BipWallet{id='RICOCHET_BIP84', samouraiAccount=RICOCHET, derivation=BipDerivation{purpose=84, accountIndex=2147483647}, bipFormatDefault=SEGWIT_NATIVE, bipFormats=[SEGWIT_NATIVE], xPub='tpu...UMc', bipPub='vpu...knj'}
12:10:18.039 [main] DEBUG com.samourai.wallet.api.backend.BackendApi - urlBackend=https://api.samouraiwallet.com/test/v2, oAuth=no
12:10:18.039 [main] DEBUG com.samourai.wallet.util.LogbackUtils - Log level set to DEBUG for the logger 'com.samourai'
12:10:18.039 [main] DEBUG com.samourai.wallet.util.LogbackUtils - Log level set to DEBUG for the logger 'com.samourai.whirlpool.client'
12:10:18.039 [main] DEBUG com.samourai.wallet.util.LogbackUtils - Log level set to DEBUG for the logger 'com.samourai.whirlpool.client.mix.dialog'
12:10:18.039 [main] DEBUG com.samourai.wallet.util.LogbackUtils - Log level set to DEBUG for the logger 'com.samourai.stomp.client'
12:10:18.039 [main] DEBUG com.samourai.wallet.util.LogbackUtils - Log level set to DEBUG for the logger 'com.samourai.wallet.util.FeeUtil'
12:10:18.039 [main] DEBUG com.samourai.wallet.util.LogbackUtils - Log level set to DEBUG for the logger 'com.samourai.whirlpool.client.utils'
12:10:18.039 [main] DEBUG com.samourai.wallet.util.LogbackUtils - Log level set to DEBUG for the logger 'com.samourai.whirlpool.client.wallet'
12:10:18.039 [main] DEBUG com.samourai.wallet.util.LogbackUtils - Log level set to DEBUG for the logger 'com.samourai.wallet.cahoots'
12:10:18.039 [main] DEBUG com.samourai.wallet.util.LogbackUtils - Log level set to DEBUG for the logger 'com.samourai.wallet.cahoots.stowaway'
12:10:18.039 [main] DEBUG com.samourai.wallet.util.LogbackUtils - Log level set to DEBUG for the logger 'com.samourai.wallet.cahoots.stonewallx2'
12:10:18.039 [main] DEBUG com.samourai.wallet.util.LogbackUtils - Log level set to DEBUG for the logger 'com.samourai.wallet.sorobanClient'
12:10:18.039 [main] DEBUG com.samourai.wallet.util.LogbackUtils - Log level set to DEBUG for the logger 'com.samourai.soroban.client'
12:10:18.039 [main] DEBUG com.samourai.wallet.util.LogbackUtils - Log level set to DEBUG for the logger 'com.samourai.soroban.client.rpc'
12:10:18.039 [main] DEBUG com.samourai.wallet.util.LogbackUtils - Log level set to DEBUG for the logger 'com.samourai.soroban.client.dialog'
12:10:18.039 [main] DEBUG com.samourai.wallet.util.LogbackUtils - Log level set to DEBUG for the logger 'com.samourai.soroban.client.meeting'
12:10:18.039 [main] DEBUG com.samourai.wallet.util.LogbackUtils - Log level set to DEBUG for the logger 'com.samourai.whirlpool.client.wallet.orchestrator'
12:10:18.039 [main] DEBUG com.samourai.wallet.util.LogbackUtils - Log level set to ERROR for the logger 'org.bitcoinj'
12:10:18.039 [main] DEBUG com.samourai.wallet.util.LogbackUtils - Log level set to WARN for the logger 'org.bitcoin'
12:10:18.040 [main] DEBUG com.samourai.wallet.util.LogbackUtils - Log level set to INFO for the logger 'org.eclipse.jetty'
12:10:18.040 [main] DEBUG com.samourai.http.client.JettyHttpClient - +httpClient: no proxy
12:10:18.197 [main] DEBUG com.samourai.wallet.bipWallet.WalletSupplierImpl - +BipWallet[DEPOSIT_BIP44]: BipWallet{id='DEPOSIT_BIP44', samouraiAccount=DEPOSIT, derivation=BipDerivation{purpose=44, accountIndex=0}, bipFormatDefault=LEGACY, bipFormats=[LEGACY], xPub='tpu...LwY', bipPub='tpu...LwY'}
12:10:18.197 [main] DEBUG com.samourai.wallet.bipWallet.WalletSupplierImpl - +BipWallet[DEPOSIT_BIP49]: BipWallet{id='DEPOSIT_BIP49', samouraiAccount=DEPOSIT, derivation=BipDerivation{purpose=49, accountIndex=0}, bipFormatDefault=SEGWIT_COMPAT, bipFormats=[SEGWIT_COMPAT], xPub='tpu...eV2', bipPub='upu...38D'}
12:10:18.197 [main] DEBUG com.samourai.wallet.bipWallet.WalletSupplierImpl - +BipWallet[DEPOSIT_BIP84]: BipWallet{id='DEPOSIT_BIP84', samouraiAccount=DEPOSIT, derivation=BipDerivation{purpose=84, accountIndex=0}, bipFormatDefault=SEGWIT_NATIVE, bipFormats=[SEGWIT_NATIVE], xPub='tpu...re9', bipPub='vpu...dCu'}
12:10:18.197 [main] DEBUG com.samourai.wallet.bipWallet.WalletSupplierImpl - +BipWallet[PREMIX_BIP84]: BipWallet{id='PREMIX_BIP84', samouraiAccount=PREMIX, derivation=BipDerivation{purpose=84, accountIndex=2147483645}, bipFormatDefault=SEGWIT_NATIVE, bipFormats=[SEGWIT_NATIVE], xPub='tpu...hvr', bipPub='vpu...4mL'}
12:10:18.197 [main] DEBUG com.samourai.wallet.bipWallet.WalletSupplierImpl - +BipWallet[POSTMIX_BIP84]: BipWallet{id='POSTMIX_BIP84', samouraiAccount=POSTMIX, derivation=BipDerivation{purpose=84, accountIndex=2147483646}, bipFormatDefault=SEGWIT_NATIVE, bipFormats=[SEGWIT_NATIVE, SEGWIT_COMPAT, LEGACY], xPub='tpu...sQD', bipPub='vpu...nrW'}
12:10:18.197 [main] DEBUG com.samourai.wallet.bipWallet.WalletSupplierImpl - +BipWallet[ASB_BIP84]: BipWallet{id='ASB_BIP84', samouraiAccount=SWAPS_ASB, derivation=BipDerivation{purpose=84, accountIndex=2147483641}, bipFormatDefault=SEGWIT_NATIVE, bipFormats=[SEGWIT_NATIVE], xPub='tpu...p4i', bipPub='vpu...sEH'}
12:10:18.197 [main] DEBUG com.samourai.wallet.bipWallet.WalletSupplierImpl - +BipWallet[SWAPS_DEPOSIT]: BipWallet{id='SWAPS_DEPOSIT', samouraiAccount=SWAPS_DEPOSIT, derivation=BipDerivation{purpose=84, accountIndex=2147483643}, bipFormatDefault=SEGWIT_NATIVE, bipFormats=[SEGWIT_NATIVE], xPub='tpu...3s7', bipPub='vpu...HpJ'}
12:10:18.197 [main] DEBUG com.samourai.wallet.bipWallet.WalletSupplierImpl - +BipWallet[SWAPS_REFUNDS]: BipWallet{id='SWAPS_REFUNDS', samouraiAccount=SWAPS_REFUNDS, derivation=BipDerivation{purpose=84, accountIndex=2147483642}, bipFormatDefault=SEGWIT_NATIVE, bipFormats=[SEGWIT_NATIVE], xPub='tpu...rMX', bipPub='vpu...Sr9'}
12:10:18.197 [main] DEBUG com.samourai.wallet.bipWallet.WalletSupplierImpl - +BipWallet[BADBANK_BIP84]: BipWallet{id='BADBANK_BIP84', samouraiAccount=BADBANK, derivation=BipDerivation{purpose=84, accountIndex=2147483644}, bipFormatDefault=SEGWIT_NATIVE, bipFormats=[SEGWIT_NATIVE], xPub='tpu...hmu', bipPub='vpu...tNY'}
12:10:18.197 [main] DEBUG com.samourai.wallet.bipWallet.WalletSupplierImpl - +BipWallet[RICOCHET_BIP84]: BipWallet{id='RICOCHET_BIP84', samouraiAccount=RICOCHET, derivation=BipDerivation{purpose=84, accountIndex=2147483647}, bipFormatDefault=SEGWIT_NATIVE, bipFormats=[SEGWIT_NATIVE], xPub='tpu...UMc', bipPub='vpu...knj'}
12:10:18.197 [main] DEBUG com.samourai.wallet.api.backend.BackendApi - urlBackend=https://api.samouraiwallet.com/test/v2, oAuth=no
12:10:18.197 [main] DEBUG com.samourai.wallet.util.LogbackUtils - Log level set to DEBUG for the logger 'com.samourai'
12:10:18.197 [main] DEBUG com.samourai.wallet.util.LogbackUtils - Log level set to DEBUG for the logger 'com.samourai.whirlpool.client'
12:10:18.197 [main] DEBUG com.samourai.wallet.util.LogbackUtils - Log level set to DEBUG for the logger 'com.samourai.whirlpool.client.mix.dialog'
12:10:18.197 [main] DEBUG com.samourai.wallet.util.LogbackUtils - Log level set to DEBUG for the logger 'com.samourai.stomp.client'
12:10:18.197 [main] DEBUG com.samourai.wallet.util.LogbackUtils - Log level set to DEBUG for the logger 'com.samourai.wallet.util.FeeUtil'
12:10:18.197 [main] DEBUG com.samourai.wallet.util.LogbackUtils - Log level set to DEBUG for the logger 'com.samourai.whirlpool.client.utils'
12:10:18.197 [main] DEBUG com.samourai.wallet.util.LogbackUtils - Log level set to DEBUG for the logger 'com.samourai.whirlpool.client.wallet'
12:10:18.197 [main] DEBUG com.samourai.wallet.util.LogbackUtils - Log level set to DEBUG for the logger 'com.samourai.wallet.cahoots'
12:10:18.197 [main] DEBUG com.samourai.wallet.util.LogbackUtils - Log level set to DEBUG for the logger 'com.samourai.wallet.cahoots.stowaway'
12:10:18.197 [main] DEBUG com.samourai.wallet.util.LogbackUtils - Log level set to DEBUG for the logger 'com.samourai.wallet.cahoots.stonewallx2'
12:10:18.197 [main] DEBUG com.samourai.wallet.util.LogbackUtils - Log level set to DEBUG for the logger 'com.samourai.wallet.sorobanClient'
12:10:18.197 [main] DEBUG com.samourai.wallet.util.LogbackUtils - Log level set to DEBUG for the logger 'com.samourai.soroban.client'
12:10:18.197 [main] DEBUG com.samourai.wallet.util.LogbackUtils - Log level set to DEBUG for the logger 'com.samourai.soroban.client.rpc'
12:10:18.197 [main] DEBUG com.samourai.wallet.util.LogbackUtils - Log level set to DEBUG for the logger 'com.samourai.soroban.client.dialog'
12:10:18.197 [main] DEBUG com.samourai.wallet.util.LogbackUtils - Log level set to DEBUG for the logger 'com.samourai.soroban.client.meeting'
12:10:18.197 [main] DEBUG com.samourai.wallet.util.LogbackUtils - Log level set to DEBUG for the logger 'com.samourai.whirlpool.client.wallet.orchestrator'
12:10:18.197 [main] DEBUG com.samourai.wallet.util.LogbackUtils - Log level set to ERROR for the logger 'org.bitcoinj'
12:10:18.197 [main] DEBUG com.samourai.wallet.util.LogbackUtils - Log level set to WARN for the logger 'org.bitcoin'
12:10:18.197 [main] DEBUG com.samourai.wallet.util.LogbackUtils - Log level set to INFO for the logger 'org.eclipse.jetty'
12:10:18.197 [main] DEBUG com.samourai.wallet.send.SendFactoryGeneric - signInput #0: value=999999, addressType=SEGWIT_NATIVE, address=tb1qsuqysx6a906h0shdmum66jas530vx6s595gsg4
12:10:18.198 [main] DEBUG com.samourai.wallet.api.backend.BackendApi - pushTx... 0100000000010184143c8a660fb32b72ac1887974d4b13f8edc9e137a1f94c76bf3a75fd5d7b040000000000ffffffff02102700000000000017a91430a3a154ab9b649fc4f57dff2ac8ec3a400c825b87204e00000000000017a91430a3a154ab9b649fc4f57dff2ac8ec3a400c825b8702483045022100a506464b1b76359e6d978f5921d46357aaf1b2e6b0ac9767797465b5867984ef02203dec0133fef7c31825e5ff3d42c3c16374e3bb69941ffe08ae43585064b584b3012102429e462672146870085d58b4acc8c614bc782ae25aef891e61032355f5a7c76000000000
12:10:18.199 [RxCachedThreadScheduler-2] DEBUG com.samourai.http.client.JettyHttpClient - +POST: https://api.samouraiwallet.com/test/v2/pushtx/ ([])
12:10:18.743 [main] ERROR com.samourai.wallet.api.backend.BackendApi - pushTx failed: PushTxResponse{status=error, data='null', error={message=[1], code=VIOLATION_STRICT_MODE_VOUTS}}
]]></system-out>
  </testcase>
  <testcase name="fetchWallet_single" classname="com.samourai.wallet.api.backend.BackendApiTest" time="0.714">
    <system-out><![CDATA[12:10:18.753 [main] DEBUG com.samourai.http.client.JettyHttpClient - +httpClient: no proxy
12:10:18.911 [main] DEBUG com.samourai.wallet.bipWallet.WalletSupplierImpl - +BipWallet[DEPOSIT_BIP44]: BipWallet{id='DEPOSIT_BIP44', samouraiAccount=DEPOSIT, derivation=BipDerivation{purpose=44, accountIndex=0}, bipFormatDefault=LEGACY, bipFormats=[LEGACY], xPub='tpu...LwY', bipPub='tpu...LwY'}
12:10:18.911 [main] DEBUG com.samourai.wallet.bipWallet.WalletSupplierImpl - +BipWallet[DEPOSIT_BIP49]: BipWallet{id='DEPOSIT_BIP49', samouraiAccount=DEPOSIT, derivation=BipDerivation{purpose=49, accountIndex=0}, bipFormatDefault=SEGWIT_COMPAT, bipFormats=[SEGWIT_COMPAT], xPub='tpu...eV2', bipPub='upu...38D'}
12:10:18.911 [main] DEBUG com.samourai.wallet.bipWallet.WalletSupplierImpl - +BipWallet[DEPOSIT_BIP84]: BipWallet{id='DEPOSIT_BIP84', samouraiAccount=DEPOSIT, derivation=BipDerivation{purpose=84, accountIndex=0}, bipFormatDefault=SEGWIT_NATIVE, bipFormats=[SEGWIT_NATIVE], xPub='tpu...re9', bipPub='vpu...dCu'}
12:10:18.911 [main] DEBUG com.samourai.wallet.bipWallet.WalletSupplierImpl - +BipWallet[PREMIX_BIP84]: BipWallet{id='PREMIX_BIP84', samouraiAccount=PREMIX, derivation=BipDerivation{purpose=84, accountIndex=2147483645}, bipFormatDefault=SEGWIT_NATIVE, bipFormats=[SEGWIT_NATIVE], xPub='tpu...hvr', bipPub='vpu...4mL'}
12:10:18.911 [main] DEBUG com.samourai.wallet.bipWallet.WalletSupplierImpl - +BipWallet[POSTMIX_BIP84]: BipWallet{id='POSTMIX_BIP84', samouraiAccount=POSTMIX, derivation=BipDerivation{purpose=84, accountIndex=2147483646}, bipFormatDefault=SEGWIT_NATIVE, bipFormats=[SEGWIT_NATIVE, SEGWIT_COMPAT, LEGACY], xPub='tpu...sQD', bipPub='vpu...nrW'}
12:10:18.911 [main] DEBUG com.samourai.wallet.bipWallet.WalletSupplierImpl - +BipWallet[ASB_BIP84]: BipWallet{id='ASB_BIP84', samouraiAccount=SWAPS_ASB, derivation=BipDerivation{purpose=84, accountIndex=2147483641}, bipFormatDefault=SEGWIT_NATIVE, bipFormats=[SEGWIT_NATIVE], xPub='tpu...p4i', bipPub='vpu...sEH'}
12:10:18.911 [main] DEBUG com.samourai.wallet.bipWallet.WalletSupplierImpl - +BipWallet[SWAPS_DEPOSIT]: BipWallet{id='SWAPS_DEPOSIT', samouraiAccount=SWAPS_DEPOSIT, derivation=BipDerivation{purpose=84, accountIndex=2147483643}, bipFormatDefault=SEGWIT_NATIVE, bipFormats=[SEGWIT_NATIVE], xPub='tpu...3s7', bipPub='vpu...HpJ'}
12:10:18.911 [main] DEBUG com.samourai.wallet.bipWallet.WalletSupplierImpl - +BipWallet[SWAPS_REFUNDS]: BipWallet{id='SWAPS_REFUNDS', samouraiAccount=SWAPS_REFUNDS, derivation=BipDerivation{purpose=84, accountIndex=2147483642}, bipFormatDefault=SEGWIT_NATIVE, bipFormats=[SEGWIT_NATIVE], xPub='tpu...rMX', bipPub='vpu...Sr9'}
12:10:18.911 [main] DEBUG com.samourai.wallet.bipWallet.WalletSupplierImpl - +BipWallet[BADBANK_BIP84]: BipWallet{id='BADBANK_BIP84', samouraiAccount=BADBANK, derivation=BipDerivation{purpose=84, accountIndex=2147483644}, bipFormatDefault=SEGWIT_NATIVE, bipFormats=[SEGWIT_NATIVE], xPub='tpu...hmu', bipPub='vpu...tNY'}
12:10:18.911 [main] DEBUG com.samourai.wallet.bipWallet.WalletSupplierImpl - +BipWallet[RICOCHET_BIP84]: BipWallet{id='RICOCHET_BIP84', samouraiAccount=RICOCHET, derivation=BipDerivation{purpose=84, accountIndex=2147483647}, bipFormatDefault=SEGWIT_NATIVE, bipFormats=[SEGWIT_NATIVE], xPub='tpu...UMc', bipPub='vpu...knj'}
12:10:18.911 [main] DEBUG com.samourai.wallet.api.backend.BackendApi - urlBackend=https://api.samouraiwallet.com/test/v2, oAuth=no
12:10:18.911 [main] DEBUG com.samourai.wallet.util.LogbackUtils - Log level set to DEBUG for the logger 'com.samourai'
12:10:18.911 [main] DEBUG com.samourai.wallet.util.LogbackUtils - Log level set to DEBUG for the logger 'com.samourai.whirlpool.client'
12:10:18.911 [main] DEBUG com.samourai.wallet.util.LogbackUtils - Log level set to DEBUG for the logger 'com.samourai.whirlpool.client.mix.dialog'
12:10:18.911 [main] DEBUG com.samourai.wallet.util.LogbackUtils - Log level set to DEBUG for the logger 'com.samourai.stomp.client'
12:10:18.911 [main] DEBUG com.samourai.wallet.util.LogbackUtils - Log level set to DEBUG for the logger 'com.samourai.wallet.util.FeeUtil'
12:10:18.911 [main] DEBUG com.samourai.wallet.util.LogbackUtils - Log level set to DEBUG for the logger 'com.samourai.whirlpool.client.utils'
12:10:18.911 [main] DEBUG com.samourai.wallet.util.LogbackUtils - Log level set to DEBUG for the logger 'com.samourai.whirlpool.client.wallet'
12:10:18.911 [main] DEBUG com.samourai.wallet.util.LogbackUtils - Log level set to DEBUG for the logger 'com.samourai.wallet.cahoots'
12:10:18.911 [main] DEBUG com.samourai.wallet.util.LogbackUtils - Log level set to DEBUG for the logger 'com.samourai.wallet.cahoots.stowaway'
12:10:18.911 [main] DEBUG com.samourai.wallet.util.LogbackUtils - Log level set to DEBUG for the logger 'com.samourai.wallet.cahoots.stonewallx2'
12:10:18.911 [main] DEBUG com.samourai.wallet.util.LogbackUtils - Log level set to DEBUG for the logger 'com.samourai.wallet.sorobanClient'
12:10:18.911 [main] DEBUG com.samourai.wallet.util.LogbackUtils - Log level set to DEBUG for the logger 'com.samourai.soroban.client'
12:10:18.911 [main] DEBUG com.samourai.wallet.util.LogbackUtils - Log level set to DEBUG for the logger 'com.samourai.soroban.client.rpc'
12:10:18.911 [main] DEBUG com.samourai.wallet.util.LogbackUtils - Log level set to DEBUG for the logger 'com.samourai.soroban.client.dialog'
12:10:18.911 [main] DEBUG com.samourai.wallet.util.LogbackUtils - Log level set to DEBUG for the logger 'com.samourai.soroban.client.meeting'
12:10:18.911 [main] DEBUG com.samourai.wallet.util.LogbackUtils - Log level set to DEBUG for the logger 'com.samourai.whirlpool.client.wallet.orchestrator'
12:10:18.911 [main] DEBUG com.samourai.wallet.util.LogbackUtils - Log level set to ERROR for the logger 'org.bitcoinj'
12:10:18.911 [main] DEBUG com.samourai.wallet.util.LogbackUtils - Log level set to WARN for the logger 'org.bitcoin'
12:10:18.911 [main] DEBUG com.samourai.wallet.util.LogbackUtils - Log level set to INFO for the logger 'org.eclipse.jetty'
12:10:18.912 [main] DEBUG com.samourai.http.client.JettyHttpClient - +httpClient: no proxy
12:10:19.064 [main] DEBUG com.samourai.wallet.bipWallet.WalletSupplierImpl - +BipWallet[DEPOSIT_BIP44]: BipWallet{id='DEPOSIT_BIP44', samouraiAccount=DEPOSIT, derivation=BipDerivation{purpose=44, accountIndex=0}, bipFormatDefault=LEGACY, bipFormats=[LEGACY], xPub='tpu...LwY', bipPub='tpu...LwY'}
12:10:19.065 [main] DEBUG com.samourai.wallet.bipWallet.WalletSupplierImpl - +BipWallet[DEPOSIT_BIP49]: BipWallet{id='DEPOSIT_BIP49', samouraiAccount=DEPOSIT, derivation=BipDerivation{purpose=49, accountIndex=0}, bipFormatDefault=SEGWIT_COMPAT, bipFormats=[SEGWIT_COMPAT], xPub='tpu...eV2', bipPub='upu...38D'}
12:10:19.065 [main] DEBUG com.samourai.wallet.bipWallet.WalletSupplierImpl - +BipWallet[DEPOSIT_BIP84]: BipWallet{id='DEPOSIT_BIP84', samouraiAccount=DEPOSIT, derivation=BipDerivation{purpose=84, accountIndex=0}, bipFormatDefault=SEGWIT_NATIVE, bipFormats=[SEGWIT_NATIVE], xPub='tpu...re9', bipPub='vpu...dCu'}
12:10:19.065 [main] DEBUG com.samourai.wallet.bipWallet.WalletSupplierImpl - +BipWallet[PREMIX_BIP84]: BipWallet{id='PREMIX_BIP84', samouraiAccount=PREMIX, derivation=BipDerivation{purpose=84, accountIndex=2147483645}, bipFormatDefault=SEGWIT_NATIVE, bipFormats=[SEGWIT_NATIVE], xPub='tpu...hvr', bipPub='vpu...4mL'}
12:10:19.065 [main] DEBUG com.samourai.wallet.bipWallet.WalletSupplierImpl - +BipWallet[POSTMIX_BIP84]: BipWallet{id='POSTMIX_BIP84', samouraiAccount=POSTMIX, derivation=BipDerivation{purpose=84, accountIndex=2147483646}, bipFormatDefault=SEGWIT_NATIVE, bipFormats=[SEGWIT_NATIVE, SEGWIT_COMPAT, LEGACY], xPub='tpu...sQD', bipPub='vpu...nrW'}
12:10:19.065 [main] DEBUG com.samourai.wallet.bipWallet.WalletSupplierImpl - +BipWallet[ASB_BIP84]: BipWallet{id='ASB_BIP84', samouraiAccount=SWAPS_ASB, derivation=BipDerivation{purpose=84, accountIndex=2147483641}, bipFormatDefault=SEGWIT_NATIVE, bipFormats=[SEGWIT_NATIVE], xPub='tpu...p4i', bipPub='vpu...sEH'}
12:10:19.065 [main] DEBUG com.samourai.wallet.bipWallet.WalletSupplierImpl - +BipWallet[SWAPS_DEPOSIT]: BipWallet{id='SWAPS_DEPOSIT', samouraiAccount=SWAPS_DEPOSIT, derivation=BipDerivation{purpose=84, accountIndex=2147483643}, bipFormatDefault=SEGWIT_NATIVE, bipFormats=[SEGWIT_NATIVE], xPub='tpu...3s7', bipPub='vpu...HpJ'}
12:10:19.065 [main] DEBUG com.samourai.wallet.bipWallet.WalletSupplierImpl - +BipWallet[SWAPS_REFUNDS]: BipWallet{id='SWAPS_REFUNDS', samouraiAccount=SWAPS_REFUNDS, derivation=BipDerivation{purpose=84, accountIndex=2147483642}, bipFormatDefault=SEGWIT_NATIVE, bipFormats=[SEGWIT_NATIVE], xPub='tpu...rMX', bipPub='vpu...Sr9'}
12:10:19.065 [main] DEBUG com.samourai.wallet.bipWallet.WalletSupplierImpl - +BipWallet[BADBANK_BIP84]: BipWallet{id='BADBANK_BIP84', samouraiAccount=BADBANK, derivation=BipDerivation{purpose=84, accountIndex=2147483644}, bipFormatDefault=SEGWIT_NATIVE, bipFormats=[SEGWIT_NATIVE], xPub='tpu...hmu', bipPub='vpu...tNY'}
12:10:19.065 [main] DEBUG com.samourai.wallet.bipWallet.WalletSupplierImpl - +BipWallet[RICOCHET_BIP84]: BipWallet{id='RICOCHET_BIP84', samouraiAccount=RICOCHET, derivation=BipDerivation{purpose=84, accountIndex=2147483647}, bipFormatDefault=SEGWIT_NATIVE, bipFormats=[SEGWIT_NATIVE], xPub='tpu...UMc', bipPub='vpu...knj'}
12:10:19.065 [main] DEBUG com.samourai.wallet.api.backend.BackendApi - urlBackend=https://api.samouraiwallet.com/test/v2, oAuth=no
12:10:19.065 [main] DEBUG com.samourai.wallet.util.LogbackUtils - Log level set to DEBUG for the logger 'com.samourai'
12:10:19.065 [main] DEBUG com.samourai.wallet.util.LogbackUtils - Log level set to DEBUG for the logger 'com.samourai.whirlpool.client'
12:10:19.065 [main] DEBUG com.samourai.wallet.util.LogbackUtils - Log level set to DEBUG for the logger 'com.samourai.whirlpool.client.mix.dialog'
12:10:19.065 [main] DEBUG com.samourai.wallet.util.LogbackUtils - Log level set to DEBUG for the logger 'com.samourai.stomp.client'
12:10:19.065 [main] DEBUG com.samourai.wallet.util.LogbackUtils - Log level set to DEBUG for the logger 'com.samourai.wallet.util.FeeUtil'
12:10:19.065 [main] DEBUG com.samourai.wallet.util.LogbackUtils - Log level set to DEBUG for the logger 'com.samourai.whirlpool.client.utils'
12:10:19.065 [main] DEBUG com.samourai.wallet.util.LogbackUtils - Log level set to DEBUG for the logger 'com.samourai.whirlpool.client.wallet'
12:10:19.065 [main] DEBUG com.samourai.wallet.util.LogbackUtils - Log level set to DEBUG for the logger 'com.samourai.wallet.cahoots'
12:10:19.065 [main] DEBUG com.samourai.wallet.util.LogbackUtils - Log level set to DEBUG for the logger 'com.samourai.wallet.cahoots.stowaway'
12:10:19.065 [main] DEBUG com.samourai.wallet.util.LogbackUtils - Log level set to DEBUG for the logger 'com.samourai.wallet.cahoots.stonewallx2'
12:10:19.065 [main] DEBUG com.samourai.wallet.util.LogbackUtils - Log level set to DEBUG for the logger 'com.samourai.wallet.sorobanClient'
12:10:19.065 [main] DEBUG com.samourai.wallet.util.LogbackUtils - Log level set to DEBUG for the logger 'com.samourai.soroban.client'
12:10:19.065 [main] DEBUG com.samourai.wallet.util.LogbackUtils - Log level set to DEBUG for the logger 'com.samourai.soroban.client.rpc'
12:10:19.065 [main] DEBUG com.samourai.wallet.util.LogbackUtils - Log level set to DEBUG for the logger 'com.samourai.soroban.client.dialog'
12:10:19.065 [main] DEBUG com.samourai.wallet.util.LogbackUtils - Log level set to DEBUG for the logger 'com.samourai.soroban.client.meeting'
12:10:19.065 [main] DEBUG com.samourai.wallet.util.LogbackUtils - Log level set to DEBUG for the logger 'com.samourai.whirlpool.client.wallet.orchestrator'
12:10:19.065 [main] DEBUG com.samourai.wallet.util.LogbackUtils - Log level set to ERROR for the logger 'org.bitcoinj'
12:10:19.065 [main] DEBUG com.samourai.wallet.util.LogbackUtils - Log level set to WARN for the logger 'org.bitcoin'
12:10:19.065 [main] DEBUG com.samourai.wallet.util.LogbackUtils - Log level set to INFO for the logger 'org.eclipse.jetty'
12:10:19.065 [main] DEBUG com.samourai.wallet.api.backend.BackendApi - fetchWallet
12:10:19.066 [RxCachedThreadScheduler-1] DEBUG com.samourai.http.client.JettyHttpClient - +GET: https://api.samouraiwallet.com/test/v2/wallet?active=vpub5SLqN2bLY4WeYBwMrtdanr5SfhRC7AyW1aEwbtVbt7t9y6kgBCS6ajVA4LL7Jy2iojpH1hjaiTMp5h4y9dG2dC64bAk9ZwuFCX6AvxFddaa ([])
]]></system-out>
  </testcase>
  <testcase name="fetchXPub" classname="com.samourai.wallet.api.backend.BackendApiTest" time="0.697">
    <system-out><![CDATA[12:10:19.631 [main] DEBUG com.samourai.http.client.JettyHttpClient - +httpClient: no proxy
12:10:19.792 [main] DEBUG com.samourai.wallet.bipWallet.WalletSupplierImpl - +BipWallet[DEPOSIT_BIP44]: BipWallet{id='DEPOSIT_BIP44', samouraiAccount=DEPOSIT, derivation=BipDerivation{purpose=44, accountIndex=0}, bipFormatDefault=LEGACY, bipFormats=[LEGACY], xPub='tpu...LwY', bipPub='tpu...LwY'}
12:10:19.792 [main] DEBUG com.samourai.wallet.bipWallet.WalletSupplierImpl - +BipWallet[DEPOSIT_BIP49]: BipWallet{id='DEPOSIT_BIP49', samouraiAccount=DEPOSIT, derivation=BipDerivation{purpose=49, accountIndex=0}, bipFormatDefault=SEGWIT_COMPAT, bipFormats=[SEGWIT_COMPAT], xPub='tpu...eV2', bipPub='upu...38D'}
12:10:19.792 [main] DEBUG com.samourai.wallet.bipWallet.WalletSupplierImpl - +BipWallet[DEPOSIT_BIP84]: BipWallet{id='DEPOSIT_BIP84', samouraiAccount=DEPOSIT, derivation=BipDerivation{purpose=84, accountIndex=0}, bipFormatDefault=SEGWIT_NATIVE, bipFormats=[SEGWIT_NATIVE], xPub='tpu...re9', bipPub='vpu...dCu'}
12:10:19.792 [main] DEBUG com.samourai.wallet.bipWallet.WalletSupplierImpl - +BipWallet[PREMIX_BIP84]: BipWallet{id='PREMIX_BIP84', samouraiAccount=PREMIX, derivation=BipDerivation{purpose=84, accountIndex=2147483645}, bipFormatDefault=SEGWIT_NATIVE, bipFormats=[SEGWIT_NATIVE], xPub='tpu...hvr', bipPub='vpu...4mL'}
12:10:19.792 [main] DEBUG com.samourai.wallet.bipWallet.WalletSupplierImpl - +BipWallet[POSTMIX_BIP84]: BipWallet{id='POSTMIX_BIP84', samouraiAccount=POSTMIX, derivation=BipDerivation{purpose=84, accountIndex=2147483646}, bipFormatDefault=SEGWIT_NATIVE, bipFormats=[SEGWIT_NATIVE, SEGWIT_COMPAT, LEGACY], xPub='tpu...sQD', bipPub='vpu...nrW'}
12:10:19.792 [main] DEBUG com.samourai.wallet.bipWallet.WalletSupplierImpl - +BipWallet[ASB_BIP84]: BipWallet{id='ASB_BIP84', samouraiAccount=SWAPS_ASB, derivation=BipDerivation{purpose=84, accountIndex=2147483641}, bipFormatDefault=SEGWIT_NATIVE, bipFormats=[SEGWIT_NATIVE], xPub='tpu...p4i', bipPub='vpu...sEH'}
12:10:19.792 [main] DEBUG com.samourai.wallet.bipWallet.WalletSupplierImpl - +BipWallet[SWAPS_DEPOSIT]: BipWallet{id='SWAPS_DEPOSIT', samouraiAccount=SWAPS_DEPOSIT, derivation=BipDerivation{purpose=84, accountIndex=2147483643}, bipFormatDefault=SEGWIT_NATIVE, bipFormats=[SEGWIT_NATIVE], xPub='tpu...3s7', bipPub='vpu...HpJ'}
12:10:19.792 [main] DEBUG com.samourai.wallet.bipWallet.WalletSupplierImpl - +BipWallet[SWAPS_REFUNDS]: BipWallet{id='SWAPS_REFUNDS', samouraiAccount=SWAPS_REFUNDS, derivation=BipDerivation{purpose=84, accountIndex=2147483642}, bipFormatDefault=SEGWIT_NATIVE, bipFormats=[SEGWIT_NATIVE], xPub='tpu...rMX', bipPub='vpu...Sr9'}
12:10:19.792 [main] DEBUG com.samourai.wallet.bipWallet.WalletSupplierImpl - +BipWallet[BADBANK_BIP84]: BipWallet{id='BADBANK_BIP84', samouraiAccount=BADBANK, derivation=BipDerivation{purpose=84, accountIndex=2147483644}, bipFormatDefault=SEGWIT_NATIVE, bipFormats=[SEGWIT_NATIVE], xPub='tpu...hmu', bipPub='vpu...tNY'}
12:10:19.792 [main] DEBUG com.samourai.wallet.bipWallet.WalletSupplierImpl - +BipWallet[RICOCHET_BIP84]: BipWallet{id='RICOCHET_BIP84', samouraiAccount=RICOCHET, derivation=BipDerivation{purpose=84, accountIndex=2147483647}, bipFormatDefault=SEGWIT_NATIVE, bipFormats=[SEGWIT_NATIVE], xPub='tpu...UMc', bipPub='vpu...knj'}
12:10:19.792 [main] DEBUG com.samourai.wallet.api.backend.BackendApi - urlBackend=https://api.samouraiwallet.com/test/v2, oAuth=no
12:10:19.792 [main] DEBUG com.samourai.wallet.util.LogbackUtils - Log level set to DEBUG for the logger 'com.samourai'
12:10:19.792 [main] DEBUG com.samourai.wallet.util.LogbackUtils - Log level set to DEBUG for the logger 'com.samourai.whirlpool.client'
12:10:19.792 [main] DEBUG com.samourai.wallet.util.LogbackUtils - Log level set to DEBUG for the logger 'com.samourai.whirlpool.client.mix.dialog'
12:10:19.792 [main] DEBUG com.samourai.wallet.util.LogbackUtils - Log level set to DEBUG for the logger 'com.samourai.stomp.client'
12:10:19.792 [main] DEBUG com.samourai.wallet.util.LogbackUtils - Log level set to DEBUG for the logger 'com.samourai.wallet.util.FeeUtil'
12:10:19.792 [main] DEBUG com.samourai.wallet.util.LogbackUtils - Log level set to DEBUG for the logger 'com.samourai.whirlpool.client.utils'
12:10:19.792 [main] DEBUG com.samourai.wallet.util.LogbackUtils - Log level set to DEBUG for the logger 'com.samourai.whirlpool.client.wallet'
12:10:19.792 [main] DEBUG com.samourai.wallet.util.LogbackUtils - Log level set to DEBUG for the logger 'com.samourai.wallet.cahoots'
12:10:19.792 [main] DEBUG com.samourai.wallet.util.LogbackUtils - Log level set to DEBUG for the logger 'com.samourai.wallet.cahoots.stowaway'
12:10:19.792 [main] DEBUG com.samourai.wallet.util.LogbackUtils - Log level set to DEBUG for the logger 'com.samourai.wallet.cahoots.stonewallx2'
12:10:19.792 [main] DEBUG com.samourai.wallet.util.LogbackUtils - Log level set to DEBUG for the logger 'com.samourai.wallet.sorobanClient'
12:10:19.792 [main] DEBUG com.samourai.wallet.util.LogbackUtils - Log level set to DEBUG for the logger 'com.samourai.soroban.client'
12:10:19.792 [main] DEBUG com.samourai.wallet.util.LogbackUtils - Log level set to DEBUG for the logger 'com.samourai.soroban.client.rpc'
12:10:19.792 [main] DEBUG com.samourai.wallet.util.LogbackUtils - Log level set to DEBUG for the logger 'com.samourai.soroban.client.dialog'
12:10:19.792 [main] DEBUG com.samourai.wallet.util.LogbackUtils - Log level set to DEBUG for the logger 'com.samourai.soroban.client.meeting'
12:10:19.792 [main] DEBUG com.samourai.wallet.util.LogbackUtils - Log level set to DEBUG for the logger 'com.samourai.whirlpool.client.wallet.orchestrator'
12:10:19.792 [main] DEBUG com.samourai.wallet.util.LogbackUtils - Log level set to ERROR for the logger 'org.bitcoinj'
12:10:19.792 [main] DEBUG com.samourai.wallet.util.LogbackUtils - Log level set to WARN for the logger 'org.bitcoin'
12:10:19.792 [main] DEBUG com.samourai.wallet.util.LogbackUtils - Log level set to INFO for the logger 'org.eclipse.jetty'
12:10:19.793 [main] DEBUG com.samourai.http.client.JettyHttpClient - +httpClient: no proxy
12:10:19.953 [main] DEBUG com.samourai.wallet.bipWallet.WalletSupplierImpl - +BipWallet[DEPOSIT_BIP44]: BipWallet{id='DEPOSIT_BIP44', samouraiAccount=DEPOSIT, derivation=BipDerivation{purpose=44, accountIndex=0}, bipFormatDefault=LEGACY, bipFormats=[LEGACY], xPub='tpu...LwY', bipPub='tpu...LwY'}
12:10:19.953 [main] DEBUG com.samourai.wallet.bipWallet.WalletSupplierImpl - +BipWallet[DEPOSIT_BIP49]: BipWallet{id='DEPOSIT_BIP49', samouraiAccount=DEPOSIT, derivation=BipDerivation{purpose=49, accountIndex=0}, bipFormatDefault=SEGWIT_COMPAT, bipFormats=[SEGWIT_COMPAT], xPub='tpu...eV2', bipPub='upu...38D'}
12:10:19.953 [main] DEBUG com.samourai.wallet.bipWallet.WalletSupplierImpl - +BipWallet[DEPOSIT_BIP84]: BipWallet{id='DEPOSIT_BIP84', samouraiAccount=DEPOSIT, derivation=BipDerivation{purpose=84, accountIndex=0}, bipFormatDefault=SEGWIT_NATIVE, bipFormats=[SEGWIT_NATIVE], xPub='tpu...re9', bipPub='vpu...dCu'}
12:10:19.953 [main] DEBUG com.samourai.wallet.bipWallet.WalletSupplierImpl - +BipWallet[PREMIX_BIP84]: BipWallet{id='PREMIX_BIP84', samouraiAccount=PREMIX, derivation=BipDerivation{purpose=84, accountIndex=2147483645}, bipFormatDefault=SEGWIT_NATIVE, bipFormats=[SEGWIT_NATIVE], xPub='tpu...hvr', bipPub='vpu...4mL'}
12:10:19.953 [main] DEBUG com.samourai.wallet.bipWallet.WalletSupplierImpl - +BipWallet[POSTMIX_BIP84]: BipWallet{id='POSTMIX_BIP84', samouraiAccount=POSTMIX, derivation=BipDerivation{purpose=84, accountIndex=2147483646}, bipFormatDefault=SEGWIT_NATIVE, bipFormats=[SEGWIT_NATIVE, SEGWIT_COMPAT, LEGACY], xPub='tpu...sQD', bipPub='vpu...nrW'}
12:10:19.953 [main] DEBUG com.samourai.wallet.bipWallet.WalletSupplierImpl - +BipWallet[ASB_BIP84]: BipWallet{id='ASB_BIP84', samouraiAccount=SWAPS_ASB, derivation=BipDerivation{purpose=84, accountIndex=2147483641}, bipFormatDefault=SEGWIT_NATIVE, bipFormats=[SEGWIT_NATIVE], xPub='tpu...p4i', bipPub='vpu...sEH'}
12:10:19.953 [main] DEBUG com.samourai.wallet.bipWallet.WalletSupplierImpl - +BipWallet[SWAPS_DEPOSIT]: BipWallet{id='SWAPS_DEPOSIT', samouraiAccount=SWAPS_DEPOSIT, derivation=BipDerivation{purpose=84, accountIndex=2147483643}, bipFormatDefault=SEGWIT_NATIVE, bipFormats=[SEGWIT_NATIVE], xPub='tpu...3s7', bipPub='vpu...HpJ'}
12:10:19.953 [main] DEBUG com.samourai.wallet.bipWallet.WalletSupplierImpl - +BipWallet[SWAPS_REFUNDS]: BipWallet{id='SWAPS_REFUNDS', samouraiAccount=SWAPS_REFUNDS, derivation=BipDerivation{purpose=84, accountIndex=2147483642}, bipFormatDefault=SEGWIT_NATIVE, bipFormats=[SEGWIT_NATIVE], xPub='tpu...rMX', bipPub='vpu...Sr9'}
12:10:19.953 [main] DEBUG com.samourai.wallet.bipWallet.WalletSupplierImpl - +BipWallet[BADBANK_BIP84]: BipWallet{id='BADBANK_BIP84', samouraiAccount=BADBANK, derivation=BipDerivation{purpose=84, accountIndex=2147483644}, bipFormatDefault=SEGWIT_NATIVE, bipFormats=[SEGWIT_NATIVE], xPub='tpu...hmu', bipPub='vpu...tNY'}
12:10:19.953 [main] DEBUG com.samourai.wallet.bipWallet.WalletSupplierImpl - +BipWallet[RICOCHET_BIP84]: BipWallet{id='RICOCHET_BIP84', samouraiAccount=RICOCHET, derivation=BipDerivation{purpose=84, accountIndex=2147483647}, bipFormatDefault=SEGWIT_NATIVE, bipFormats=[SEGWIT_NATIVE], xPub='tpu...UMc', bipPub='vpu...knj'}
12:10:19.953 [main] DEBUG com.samourai.wallet.api.backend.BackendApi - urlBackend=https://api.samouraiwallet.com/test/v2, oAuth=no
12:10:19.953 [main] DEBUG com.samourai.wallet.util.LogbackUtils - Log level set to DEBUG for the logger 'com.samourai'
12:10:19.953 [main] DEBUG com.samourai.wallet.util.LogbackUtils - Log level set to DEBUG for the logger 'com.samourai.whirlpool.client'
12:10:19.953 [main] DEBUG com.samourai.wallet.util.LogbackUtils - Log level set to DEBUG for the logger 'com.samourai.whirlpool.client.mix.dialog'
12:10:19.953 [main] DEBUG com.samourai.wallet.util.LogbackUtils - Log level set to DEBUG for the logger 'com.samourai.stomp.client'
12:10:19.953 [main] DEBUG com.samourai.wallet.util.LogbackUtils - Log level set to DEBUG for the logger 'com.samourai.wallet.util.FeeUtil'
12:10:19.953 [main] DEBUG com.samourai.wallet.util.LogbackUtils - Log level set to DEBUG for the logger 'com.samourai.whirlpool.client.utils'
12:10:19.953 [main] DEBUG com.samourai.wallet.util.LogbackUtils - Log level set to DEBUG for the logger 'com.samourai.whirlpool.client.wallet'
12:10:19.953 [main] DEBUG com.samourai.wallet.util.LogbackUtils - Log level set to DEBUG for the logger 'com.samourai.wallet.cahoots'
12:10:19.953 [main] DEBUG com.samourai.wallet.util.LogbackUtils - Log level set to DEBUG for the logger 'com.samourai.wallet.cahoots.stowaway'
12:10:19.953 [main] DEBUG com.samourai.wallet.util.LogbackUtils - Log level set to DEBUG for the logger 'com.samourai.wallet.cahoots.stonewallx2'
12:10:19.953 [main] DEBUG com.samourai.wallet.util.LogbackUtils - Log level set to DEBUG for the logger 'com.samourai.wallet.sorobanClient'
12:10:19.953 [main] DEBUG com.samourai.wallet.util.LogbackUtils - Log level set to DEBUG for the logger 'com.samourai.soroban.client'
12:10:19.954 [main] DEBUG com.samourai.wallet.util.LogbackUtils - Log level set to DEBUG for the logger 'com.samourai.soroban.client.rpc'
12:10:19.954 [main] DEBUG com.samourai.wallet.util.LogbackUtils - Log level set to DEBUG for the logger 'com.samourai.soroban.client.dialog'
12:10:19.954 [main] DEBUG com.samourai.wallet.util.LogbackUtils - Log level set to DEBUG for the logger 'com.samourai.soroban.client.meeting'
12:10:19.954 [main] DEBUG com.samourai.wallet.util.LogbackUtils - Log level set to DEBUG for the logger 'com.samourai.whirlpool.client.wallet.orchestrator'
12:10:19.954 [main] DEBUG com.samourai.wallet.util.LogbackUtils - Log level set to ERROR for the logger 'org.bitcoinj'
12:10:19.954 [main] DEBUG com.samourai.wallet.util.LogbackUtils - Log level set to WARN for the logger 'org.bitcoin'
12:10:19.954 [main] DEBUG com.samourai.wallet.util.LogbackUtils - Log level set to INFO for the logger 'org.eclipse.jetty'
12:10:19.954 [main] DEBUG com.samourai.wallet.api.backend.BackendApi - fetchXpub
12:10:19.955 [RxCachedThreadScheduler-2] DEBUG com.samourai.http.client.JettyHttpClient - +GET: https://api.samouraiwallet.com/test/v2/xpub/vpub5SLqN2bLY4WeYBwMrtdanr5SfhRC7AyW1aEwbtVbt7t9y6kgBCS6ajVA4LL7Jy2iojpH1hjaiTMp5h4y9dG2dC64bAk9ZwuFCX6AvxFddaa ([])
]]></system-out>
  </testcase>
  <testcase name="pushTx_failure" classname="com.samourai.wallet.api.backend.BackendApiTest" time="0.805">
    <system-out><![CDATA[12:10:20.498 [main] DEBUG com.samourai.http.client.JettyHttpClient - +httpClient: no proxy
12:10:20.653 [main] DEBUG com.samourai.wallet.bipWallet.WalletSupplierImpl - +BipWallet[DEPOSIT_BIP44]: BipWallet{id='DEPOSIT_BIP44', samouraiAccount=DEPOSIT, derivation=BipDerivation{purpose=44, accountIndex=0}, bipFormatDefault=LEGACY, bipFormats=[LEGACY], xPub='tpu...LwY', bipPub='tpu...LwY'}
12:10:20.653 [main] DEBUG com.samourai.wallet.bipWallet.WalletSupplierImpl - +BipWallet[DEPOSIT_BIP49]: BipWallet{id='DEPOSIT_BIP49', samouraiAccount=DEPOSIT, derivation=BipDerivation{purpose=49, accountIndex=0}, bipFormatDefault=SEGWIT_COMPAT, bipFormats=[SEGWIT_COMPAT], xPub='tpu...eV2', bipPub='upu...38D'}
12:10:20.653 [main] DEBUG com.samourai.wallet.bipWallet.WalletSupplierImpl - +BipWallet[DEPOSIT_BIP84]: BipWallet{id='DEPOSIT_BIP84', samouraiAccount=DEPOSIT, derivation=BipDerivation{purpose=84, accountIndex=0}, bipFormatDefault=SEGWIT_NATIVE, bipFormats=[SEGWIT_NATIVE], xPub='tpu...re9', bipPub='vpu...dCu'}
12:10:20.653 [main] DEBUG com.samourai.wallet.bipWallet.WalletSupplierImpl - +BipWallet[PREMIX_BIP84]: BipWallet{id='PREMIX_BIP84', samouraiAccount=PREMIX, derivation=BipDerivation{purpose=84, accountIndex=2147483645}, bipFormatDefault=SEGWIT_NATIVE, bipFormats=[SEGWIT_NATIVE], xPub='tpu...hvr', bipPub='vpu...4mL'}
12:10:20.653 [main] DEBUG com.samourai.wallet.bipWallet.WalletSupplierImpl - +BipWallet[POSTMIX_BIP84]: BipWallet{id='POSTMIX_BIP84', samouraiAccount=POSTMIX, derivation=BipDerivation{purpose=84, accountIndex=2147483646}, bipFormatDefault=SEGWIT_NATIVE, bipFormats=[SEGWIT_NATIVE, SEGWIT_COMPAT, LEGACY], xPub='tpu...sQD', bipPub='vpu...nrW'}
12:10:20.653 [main] DEBUG com.samourai.wallet.bipWallet.WalletSupplierImpl - +BipWallet[ASB_BIP84]: BipWallet{id='ASB_BIP84', samouraiAccount=SWAPS_ASB, derivation=BipDerivation{purpose=84, accountIndex=2147483641}, bipFormatDefault=SEGWIT_NATIVE, bipFormats=[SEGWIT_NATIVE], xPub='tpu...p4i', bipPub='vpu...sEH'}
12:10:20.653 [main] DEBUG com.samourai.wallet.bipWallet.WalletSupplierImpl - +BipWallet[SWAPS_DEPOSIT]: BipWallet{id='SWAPS_DEPOSIT', samouraiAccount=SWAPS_DEPOSIT, derivation=BipDerivation{purpose=84, accountIndex=2147483643}, bipFormatDefault=SEGWIT_NATIVE, bipFormats=[SEGWIT_NATIVE], xPub='tpu...3s7', bipPub='vpu...HpJ'}
12:10:20.653 [main] DEBUG com.samourai.wallet.bipWallet.WalletSupplierImpl - +BipWallet[SWAPS_REFUNDS]: BipWallet{id='SWAPS_REFUNDS', samouraiAccount=SWAPS_REFUNDS, derivation=BipDerivation{purpose=84, accountIndex=2147483642}, bipFormatDefault=SEGWIT_NATIVE, bipFormats=[SEGWIT_NATIVE], xPub='tpu...rMX', bipPub='vpu...Sr9'}
12:10:20.653 [main] DEBUG com.samourai.wallet.bipWallet.WalletSupplierImpl - +BipWallet[BADBANK_BIP84]: BipWallet{id='BADBANK_BIP84', samouraiAccount=BADBANK, derivation=BipDerivation{purpose=84, accountIndex=2147483644}, bipFormatDefault=SEGWIT_NATIVE, bipFormats=[SEGWIT_NATIVE], xPub='tpu...hmu', bipPub='vpu...tNY'}
12:10:20.653 [main] DEBUG com.samourai.wallet.bipWallet.WalletSupplierImpl - +BipWallet[RICOCHET_BIP84]: BipWallet{id='RICOCHET_BIP84', samouraiAccount=RICOCHET, derivation=BipDerivation{purpose=84, accountIndex=2147483647}, bipFormatDefault=SEGWIT_NATIVE, bipFormats=[SEGWIT_NATIVE], xPub='tpu...UMc', bipPub='vpu...knj'}
12:10:20.653 [main] DEBUG com.samourai.wallet.api.backend.BackendApi - urlBackend=https://api.samouraiwallet.com/test/v2, oAuth=no
12:10:20.653 [main] DEBUG com.samourai.wallet.util.LogbackUtils - Log level set to DEBUG for the logger 'com.samourai'
12:10:20.653 [main] DEBUG com.samourai.wallet.util.LogbackUtils - Log level set to DEBUG for the logger 'com.samourai.whirlpool.client'
12:10:20.653 [main] DEBUG com.samourai.wallet.util.LogbackUtils - Log level set to DEBUG for the logger 'com.samourai.whirlpool.client.mix.dialog'
12:10:20.653 [main] DEBUG com.samourai.wallet.util.LogbackUtils - Log level set to DEBUG for the logger 'com.samourai.stomp.client'
12:10:20.653 [main] DEBUG com.samourai.wallet.util.LogbackUtils - Log level set to DEBUG for the logger 'com.samourai.wallet.util.FeeUtil'
12:10:20.653 [main] DEBUG com.samourai.wallet.util.LogbackUtils - Log level set to DEBUG for the logger 'com.samourai.whirlpool.client.utils'
12:10:20.653 [main] DEBUG com.samourai.wallet.util.LogbackUtils - Log level set to DEBUG for the logger 'com.samourai.whirlpool.client.wallet'
12:10:20.653 [main] DEBUG com.samourai.wallet.util.LogbackUtils - Log level set to DEBUG for the logger 'com.samourai.wallet.cahoots'
12:10:20.653 [main] DEBUG com.samourai.wallet.util.LogbackUtils - Log level set to DEBUG for the logger 'com.samourai.wallet.cahoots.stowaway'
12:10:20.653 [main] DEBUG com.samourai.wallet.util.LogbackUtils - Log level set to DEBUG for the logger 'com.samourai.wallet.cahoots.stonewallx2'
12:10:20.653 [main] DEBUG com.samourai.wallet.util.LogbackUtils - Log level set to DEBUG for the logger 'com.samourai.wallet.sorobanClient'
12:10:20.653 [main] DEBUG com.samourai.wallet.util.LogbackUtils - Log level set to DEBUG for the logger 'com.samourai.soroban.client'
12:10:20.653 [main] DEBUG com.samourai.wallet.util.LogbackUtils - Log level set to DEBUG for the logger 'com.samourai.soroban.client.rpc'
12:10:20.653 [main] DEBUG com.samourai.wallet.util.LogbackUtils - Log level set to DEBUG for the logger 'com.samourai.soroban.client.dialog'
12:10:20.653 [main] DEBUG com.samourai.wallet.util.LogbackUtils - Log level set to DEBUG for the logger 'com.samourai.soroban.client.meeting'
12:10:20.653 [main] DEBUG com.samourai.wallet.util.LogbackUtils - Log level set to DEBUG for the logger 'com.samourai.whirlpool.client.wallet.orchestrator'
12:10:20.653 [main] DEBUG com.samourai.wallet.util.LogbackUtils - Log level set to ERROR for the logger 'org.bitcoinj'
12:10:20.654 [main] DEBUG com.samourai.wallet.util.LogbackUtils - Log level set to WARN for the logger 'org.bitcoin'
12:10:20.654 [main] DEBUG com.samourai.wallet.util.LogbackUtils - Log level set to INFO for the logger 'org.eclipse.jetty'
12:10:20.654 [main] DEBUG com.samourai.http.client.JettyHttpClient - +httpClient: no proxy
12:10:20.813 [main] DEBUG com.samourai.wallet.bipWallet.WalletSupplierImpl - +BipWallet[DEPOSIT_BIP44]: BipWallet{id='DEPOSIT_BIP44', samouraiAccount=DEPOSIT, derivation=BipDerivation{purpose=44, accountIndex=0}, bipFormatDefault=LEGACY, bipFormats=[LEGACY], xPub='tpu...LwY', bipPub='tpu...LwY'}
12:10:20.813 [main] DEBUG com.samourai.wallet.bipWallet.WalletSupplierImpl - +BipWallet[DEPOSIT_BIP49]: BipWallet{id='DEPOSIT_BIP49', samouraiAccount=DEPOSIT, derivation=BipDerivation{purpose=49, accountIndex=0}, bipFormatDefault=SEGWIT_COMPAT, bipFormats=[SEGWIT_COMPAT], xPub='tpu...eV2', bipPub='upu...38D'}
12:10:20.813 [main] DEBUG com.samourai.wallet.bipWallet.WalletSupplierImpl - +BipWallet[DEPOSIT_BIP84]: BipWallet{id='DEPOSIT_BIP84', samouraiAccount=DEPOSIT, derivation=BipDerivation{purpose=84, accountIndex=0}, bipFormatDefault=SEGWIT_NATIVE, bipFormats=[SEGWIT_NATIVE], xPub='tpu...re9', bipPub='vpu...dCu'}
12:10:20.813 [main] DEBUG com.samourai.wallet.bipWallet.WalletSupplierImpl - +BipWallet[PREMIX_BIP84]: BipWallet{id='PREMIX_BIP84', samouraiAccount=PREMIX, derivation=BipDerivation{purpose=84, accountIndex=2147483645}, bipFormatDefault=SEGWIT_NATIVE, bipFormats=[SEGWIT_NATIVE], xPub='tpu...hvr', bipPub='vpu...4mL'}
12:10:20.813 [main] DEBUG com.samourai.wallet.bipWallet.WalletSupplierImpl - +BipWallet[POSTMIX_BIP84]: BipWallet{id='POSTMIX_BIP84', samouraiAccount=POSTMIX, derivation=BipDerivation{purpose=84, accountIndex=2147483646}, bipFormatDefault=SEGWIT_NATIVE, bipFormats=[SEGWIT_NATIVE, SEGWIT_COMPAT, LEGACY], xPub='tpu...sQD', bipPub='vpu...nrW'}
12:10:20.813 [main] DEBUG com.samourai.wallet.bipWallet.WalletSupplierImpl - +BipWallet[ASB_BIP84]: BipWallet{id='ASB_BIP84', samouraiAccount=SWAPS_ASB, derivation=BipDerivation{purpose=84, accountIndex=2147483641}, bipFormatDefault=SEGWIT_NATIVE, bipFormats=[SEGWIT_NATIVE], xPub='tpu...p4i', bipPub='vpu...sEH'}
12:10:20.813 [main] DEBUG com.samourai.wallet.bipWallet.WalletSupplierImpl - +BipWallet[SWAPS_DEPOSIT]: BipWallet{id='SWAPS_DEPOSIT', samouraiAccount=SWAPS_DEPOSIT, derivation=BipDerivation{purpose=84, accountIndex=2147483643}, bipFormatDefault=SEGWIT_NATIVE, bipFormats=[SEGWIT_NATIVE], xPub='tpu...3s7', bipPub='vpu...HpJ'}
12:10:20.813 [main] DEBUG com.samourai.wallet.bipWallet.WalletSupplierImpl - +BipWallet[SWAPS_REFUNDS]: BipWallet{id='SWAPS_REFUNDS', samouraiAccount=SWAPS_REFUNDS, derivation=BipDerivation{purpose=84, accountIndex=2147483642}, bipFormatDefault=SEGWIT_NATIVE, bipFormats=[SEGWIT_NATIVE], xPub='tpu...rMX', bipPub='vpu...Sr9'}
12:10:20.813 [main] DEBUG com.samourai.wallet.bipWallet.WalletSupplierImpl - +BipWallet[BADBANK_BIP84]: BipWallet{id='BADBANK_BIP84', samouraiAccount=BADBANK, derivation=BipDerivation{purpose=84, accountIndex=2147483644}, bipFormatDefault=SEGWIT_NATIVE, bipFormats=[SEGWIT_NATIVE], xPub='tpu...hmu', bipPub='vpu...tNY'}
12:10:20.813 [main] DEBUG com.samourai.wallet.bipWallet.WalletSupplierImpl - +BipWallet[RICOCHET_BIP84]: BipWallet{id='RICOCHET_BIP84', samouraiAccount=RICOCHET, derivation=BipDerivation{purpose=84, accountIndex=2147483647}, bipFormatDefault=SEGWIT_NATIVE, bipFormats=[SEGWIT_NATIVE], xPub='tpu...UMc', bipPub='vpu...knj'}
12:10:20.813 [main] DEBUG com.samourai.wallet.api.backend.BackendApi - urlBackend=https://api.samouraiwallet.com/test/v2, oAuth=no
12:10:20.813 [main] DEBUG com.samourai.wallet.util.LogbackUtils - Log level set to DEBUG for the logger 'com.samourai'
12:10:20.813 [main] DEBUG com.samourai.wallet.util.LogbackUtils - Log level set to DEBUG for the logger 'com.samourai.whirlpool.client'
12:10:20.813 [main] DEBUG com.samourai.wallet.util.LogbackUtils - Log level set to DEBUG for the logger 'com.samourai.whirlpool.client.mix.dialog'
12:10:20.813 [main] DEBUG com.samourai.wallet.util.LogbackUtils - Log level set to DEBUG for the logger 'com.samourai.stomp.client'
12:10:20.813 [main] DEBUG com.samourai.wallet.util.LogbackUtils - Log level set to DEBUG for the logger 'com.samourai.wallet.util.FeeUtil'
12:10:20.813 [main] DEBUG com.samourai.wallet.util.LogbackUtils - Log level set to DEBUG for the logger 'com.samourai.whirlpool.client.utils'
12:10:20.813 [main] DEBUG com.samourai.wallet.util.LogbackUtils - Log level set to DEBUG for the logger 'com.samourai.whirlpool.client.wallet'
12:10:20.813 [main] DEBUG com.samourai.wallet.util.LogbackUtils - Log level set to DEBUG for the logger 'com.samourai.wallet.cahoots'
12:10:20.813 [main] DEBUG com.samourai.wallet.util.LogbackUtils - Log level set to DEBUG for the logger 'com.samourai.wallet.cahoots.stowaway'
12:10:20.813 [main] DEBUG com.samourai.wallet.util.LogbackUtils - Log level set to DEBUG for the logger 'com.samourai.wallet.cahoots.stonewallx2'
12:10:20.813 [main] DEBUG com.samourai.wallet.util.LogbackUtils - Log level set to DEBUG for the logger 'com.samourai.wallet.sorobanClient'
12:10:20.813 [main] DEBUG com.samourai.wallet.util.LogbackUtils - Log level set to DEBUG for the logger 'com.samourai.soroban.client'
12:10:20.813 [main] DEBUG com.samourai.wallet.util.LogbackUtils - Log level set to DEBUG for the logger 'com.samourai.soroban.client.rpc'
12:10:20.813 [main] DEBUG com.samourai.wallet.util.LogbackUtils - Log level set to DEBUG for the logger 'com.samourai.soroban.client.dialog'
12:10:20.813 [main] DEBUG com.samourai.wallet.util.LogbackUtils - Log level set to DEBUG for the logger 'com.samourai.soroban.client.meeting'
12:10:20.813 [main] DEBUG com.samourai.wallet.util.LogbackUtils - Log level set to DEBUG for the logger 'com.samourai.whirlpool.client.wallet.orchestrator'
12:10:20.813 [main] DEBUG com.samourai.wallet.util.LogbackUtils - Log level set to ERROR for the logger 'org.bitcoinj'
12:10:20.813 [main] DEBUG com.samourai.wallet.util.LogbackUtils - Log level set to WARN for the logger 'org.bitcoin'
12:10:20.813 [main] DEBUG com.samourai.wallet.util.LogbackUtils - Log level set to INFO for the logger 'org.eclipse.jetty'
12:10:20.814 [main] DEBUG com.samourai.wallet.send.SendFactoryGeneric - signInput #0: value=999999, addressType=SEGWIT_NATIVE, address=tb1qsuqysx6a906h0shdmum66jas530vx6s595gsg4
12:10:20.814 [main] DEBUG com.samourai.wallet.api.backend.BackendApi - pushTx... 0100000000010184143c8a660fb32b72ac1887974d4b13f8edc9e137a1f94c76bf3a75fd5d7b040000000000ffffffff01102700000000000017a91430a3a154ab9b649fc4f57dff2ac8ec3a400c825b8702483045022100f40c14f1672159daba64549a14bbe27a268553fec923b04e9b59ed861abcc6f20220769626da14c52beb5b8c5858ccfcf387d34ea6b9fa7973100f83a5dd0c3a81ee012102429e462672146870085d58b4acc8c614bc782ae25aef891e61032355f5a7c76000000000
12:10:20.814 [RxCachedThreadScheduler-1] DEBUG com.samourai.http.client.JettyHttpClient - +POST: https://api.samouraiwallet.com/test/v2/pushtx/ ([])
12:10:21.459 [RxCachedThreadScheduler-1] ERROR com.samourai.http.client.JettyHttpClient - Http query failed: status=400, responseBody={
  "status": "error",
  "error": "bad-txns-inputs-missingorspent"
}
12:10:21.459 [RxCachedThreadScheduler-1] ERROR com.samourai.wallet.httpClient.JacksonHttpClient - postUrlEncoded failed: https://api.samouraiwallet.com/test/v2/pushtx/: HttpResponseException{message=response statusCode=400, responseBody='{
  "status": "error",
  "error": "bad-txns-inputs-missingorspent"
}'}
12:10:21.459 [main] ERROR com.samourai.wallet.api.backend.BackendApi - pushTx failed: PushTxResponse{status=error, data='null', error=bad-txns-inputs-missingorspent}
]]></system-out>
  </testcase>
  <testcase name="pushTx_fail" classname="com.samourai.wallet.api.backend.BackendApiTest" time="0.685">
    <system-out><![CDATA[12:10:21.466 [main] DEBUG com.samourai.http.client.JettyHttpClient - +httpClient: no proxy
12:10:21.617 [main] DEBUG com.samourai.wallet.bipWallet.WalletSupplierImpl - +BipWallet[DEPOSIT_BIP44]: BipWallet{id='DEPOSIT_BIP44', samouraiAccount=DEPOSIT, derivation=BipDerivation{purpose=44, accountIndex=0}, bipFormatDefault=LEGACY, bipFormats=[LEGACY], xPub='tpu...LwY', bipPub='tpu...LwY'}
12:10:21.617 [main] DEBUG com.samourai.wallet.bipWallet.WalletSupplierImpl - +BipWallet[DEPOSIT_BIP49]: BipWallet{id='DEPOSIT_BIP49', samouraiAccount=DEPOSIT, derivation=BipDerivation{purpose=49, accountIndex=0}, bipFormatDefault=SEGWIT_COMPAT, bipFormats=[SEGWIT_COMPAT], xPub='tpu...eV2', bipPub='upu...38D'}
12:10:21.617 [main] DEBUG com.samourai.wallet.bipWallet.WalletSupplierImpl - +BipWallet[DEPOSIT_BIP84]: BipWallet{id='DEPOSIT_BIP84', samouraiAccount=DEPOSIT, derivation=BipDerivation{purpose=84, accountIndex=0}, bipFormatDefault=SEGWIT_NATIVE, bipFormats=[SEGWIT_NATIVE], xPub='tpu...re9', bipPub='vpu...dCu'}
12:10:21.617 [main] DEBUG com.samourai.wallet.bipWallet.WalletSupplierImpl - +BipWallet[PREMIX_BIP84]: BipWallet{id='PREMIX_BIP84', samouraiAccount=PREMIX, derivation=BipDerivation{purpose=84, accountIndex=2147483645}, bipFormatDefault=SEGWIT_NATIVE, bipFormats=[SEGWIT_NATIVE], xPub='tpu...hvr', bipPub='vpu...4mL'}
12:10:21.617 [main] DEBUG com.samourai.wallet.bipWallet.WalletSupplierImpl - +BipWallet[POSTMIX_BIP84]: BipWallet{id='POSTMIX_BIP84', samouraiAccount=POSTMIX, derivation=BipDerivation{purpose=84, accountIndex=2147483646}, bipFormatDefault=SEGWIT_NATIVE, bipFormats=[SEGWIT_NATIVE, SEGWIT_COMPAT, LEGACY], xPub='tpu...sQD', bipPub='vpu...nrW'}
12:10:21.617 [main] DEBUG com.samourai.wallet.bipWallet.WalletSupplierImpl - +BipWallet[ASB_BIP84]: BipWallet{id='ASB_BIP84', samouraiAccount=SWAPS_ASB, derivation=BipDerivation{purpose=84, accountIndex=2147483641}, bipFormatDefault=SEGWIT_NATIVE, bipFormats=[SEGWIT_NATIVE], xPub='tpu...p4i', bipPub='vpu...sEH'}
12:10:21.617 [main] DEBUG com.samourai.wallet.bipWallet.WalletSupplierImpl - +BipWallet[SWAPS_DEPOSIT]: BipWallet{id='SWAPS_DEPOSIT', samouraiAccount=SWAPS_DEPOSIT, derivation=BipDerivation{purpose=84, accountIndex=2147483643}, bipFormatDefault=SEGWIT_NATIVE, bipFormats=[SEGWIT_NATIVE], xPub='tpu...3s7', bipPub='vpu...HpJ'}
12:10:21.617 [main] DEBUG com.samourai.wallet.bipWallet.WalletSupplierImpl - +BipWallet[SWAPS_REFUNDS]: BipWallet{id='SWAPS_REFUNDS', samouraiAccount=SWAPS_REFUNDS, derivation=BipDerivation{purpose=84, accountIndex=2147483642}, bipFormatDefault=SEGWIT_NATIVE, bipFormats=[SEGWIT_NATIVE], xPub='tpu...rMX', bipPub='vpu...Sr9'}
12:10:21.617 [main] DEBUG com.samourai.wallet.bipWallet.WalletSupplierImpl - +BipWallet[BADBANK_BIP84]: BipWallet{id='BADBANK_BIP84', samouraiAccount=BADBANK, derivation=BipDerivation{purpose=84, accountIndex=2147483644}, bipFormatDefault=SEGWIT_NATIVE, bipFormats=[SEGWIT_NATIVE], xPub='tpu...hmu', bipPub='vpu...tNY'}
12:10:21.617 [main] DEBUG com.samourai.wallet.bipWallet.WalletSupplierImpl - +BipWallet[RICOCHET_BIP84]: BipWallet{id='RICOCHET_BIP84', samouraiAccount=RICOCHET, derivation=BipDerivation{purpose=84, accountIndex=2147483647}, bipFormatDefault=SEGWIT_NATIVE, bipFormats=[SEGWIT_NATIVE], xPub='tpu...UMc', bipPub='vpu...knj'}
12:10:21.617 [main] DEBUG com.samourai.wallet.api.backend.BackendApi - urlBackend=https://api.samouraiwallet.com/test/v2, oAuth=no
12:10:21.617 [main] DEBUG com.samourai.wallet.util.LogbackUtils - Log level set to DEBUG for the logger 'com.samourai'
12:10:21.617 [main] DEBUG com.samourai.wallet.util.LogbackUtils - Log level set to DEBUG for the logger 'com.samourai.whirlpool.client'
12:10:21.617 [main] DEBUG com.samourai.wallet.util.LogbackUtils - Log level set to DEBUG for the logger 'com.samourai.whirlpool.client.mix.dialog'
12:10:21.617 [main] DEBUG com.samourai.wallet.util.LogbackUtils - Log level set to DEBUG for the logger 'com.samourai.stomp.client'
12:10:21.617 [main] DEBUG com.samourai.wallet.util.LogbackUtils - Log level set to DEBUG for the logger 'com.samourai.wallet.util.FeeUtil'
12:10:21.617 [main] DEBUG com.samourai.wallet.util.LogbackUtils - Log level set to DEBUG for the logger 'com.samourai.whirlpool.client.utils'
12:10:21.617 [main] DEBUG com.samourai.wallet.util.LogbackUtils - Log level set to DEBUG for the logger 'com.samourai.whirlpool.client.wallet'
12:10:21.617 [main] DEBUG com.samourai.wallet.util.LogbackUtils - Log level set to DEBUG for the logger 'com.samourai.wallet.cahoots'
12:10:21.617 [main] DEBUG com.samourai.wallet.util.LogbackUtils - Log level set to DEBUG for the logger 'com.samourai.wallet.cahoots.stowaway'
12:10:21.617 [main] DEBUG com.samourai.wallet.util.LogbackUtils - Log level set to DEBUG for the logger 'com.samourai.wallet.cahoots.stonewallx2'
12:10:21.617 [main] DEBUG com.samourai.wallet.util.LogbackUtils - Log level set to DEBUG for the logger 'com.samourai.wallet.sorobanClient'
12:10:21.617 [main] DEBUG com.samourai.wallet.util.LogbackUtils - Log level set to DEBUG for the logger 'com.samourai.soroban.client'
12:10:21.618 [main] DEBUG com.samourai.wallet.util.LogbackUtils - Log level set to DEBUG for the logger 'com.samourai.soroban.client.rpc'
12:10:21.618 [main] DEBUG com.samourai.wallet.util.LogbackUtils - Log level set to DEBUG for the logger 'com.samourai.soroban.client.dialog'
12:10:21.618 [main] DEBUG com.samourai.wallet.util.LogbackUtils - Log level set to DEBUG for the logger 'com.samourai.soroban.client.meeting'
12:10:21.618 [main] DEBUG com.samourai.wallet.util.LogbackUtils - Log level set to DEBUG for the logger 'com.samourai.whirlpool.client.wallet.orchestrator'
12:10:21.618 [main] DEBUG com.samourai.wallet.util.LogbackUtils - Log level set to ERROR for the logger 'org.bitcoinj'
12:10:21.618 [main] DEBUG com.samourai.wallet.util.LogbackUtils - Log level set to WARN for the logger 'org.bitcoin'
12:10:21.618 [main] DEBUG com.samourai.wallet.util.LogbackUtils - Log level set to INFO for the logger 'org.eclipse.jetty'
12:10:21.619 [main] DEBUG com.samourai.http.client.JettyHttpClient - +httpClient: no proxy
12:10:21.777 [main] DEBUG com.samourai.wallet.bipWallet.WalletSupplierImpl - +BipWallet[DEPOSIT_BIP44]: BipWallet{id='DEPOSIT_BIP44', samouraiAccount=DEPOSIT, derivation=BipDerivation{purpose=44, accountIndex=0}, bipFormatDefault=LEGACY, bipFormats=[LEGACY], xPub='tpu...LwY', bipPub='tpu...LwY'}
12:10:21.777 [main] DEBUG com.samourai.wallet.bipWallet.WalletSupplierImpl - +BipWallet[DEPOSIT_BIP49]: BipWallet{id='DEPOSIT_BIP49', samouraiAccount=DEPOSIT, derivation=BipDerivation{purpose=49, accountIndex=0}, bipFormatDefault=SEGWIT_COMPAT, bipFormats=[SEGWIT_COMPAT], xPub='tpu...eV2', bipPub='upu...38D'}
12:10:21.777 [main] DEBUG com.samourai.wallet.bipWallet.WalletSupplierImpl - +BipWallet[DEPOSIT_BIP84]: BipWallet{id='DEPOSIT_BIP84', samouraiAccount=DEPOSIT, derivation=BipDerivation{purpose=84, accountIndex=0}, bipFormatDefault=SEGWIT_NATIVE, bipFormats=[SEGWIT_NATIVE], xPub='tpu...re9', bipPub='vpu...dCu'}
12:10:21.777 [main] DEBUG com.samourai.wallet.bipWallet.WalletSupplierImpl - +BipWallet[PREMIX_BIP84]: BipWallet{id='PREMIX_BIP84', samouraiAccount=PREMIX, derivation=BipDerivation{purpose=84, accountIndex=2147483645}, bipFormatDefault=SEGWIT_NATIVE, bipFormats=[SEGWIT_NATIVE], xPub='tpu...hvr', bipPub='vpu...4mL'}
12:10:21.777 [main] DEBUG com.samourai.wallet.bipWallet.WalletSupplierImpl - +BipWallet[POSTMIX_BIP84]: BipWallet{id='POSTMIX_BIP84', samouraiAccount=POSTMIX, derivation=BipDerivation{purpose=84, accountIndex=2147483646}, bipFormatDefault=SEGWIT_NATIVE, bipFormats=[SEGWIT_NATIVE, SEGWIT_COMPAT, LEGACY], xPub='tpu...sQD', bipPub='vpu...nrW'}
12:10:21.777 [main] DEBUG com.samourai.wallet.bipWallet.WalletSupplierImpl - +BipWallet[ASB_BIP84]: BipWallet{id='ASB_BIP84', samouraiAccount=SWAPS_ASB, derivation=BipDerivation{purpose=84, accountIndex=2147483641}, bipFormatDefault=SEGWIT_NATIVE, bipFormats=[SEGWIT_NATIVE], xPub='tpu...p4i', bipPub='vpu...sEH'}
12:10:21.777 [main] DEBUG com.samourai.wallet.bipWallet.WalletSupplierImpl - +BipWallet[SWAPS_DEPOSIT]: BipWallet{id='SWAPS_DEPOSIT', samouraiAccount=SWAPS_DEPOSIT, derivation=BipDerivation{purpose=84, accountIndex=2147483643}, bipFormatDefault=SEGWIT_NATIVE, bipFormats=[SEGWIT_NATIVE], xPub='tpu...3s7', bipPub='vpu...HpJ'}
12:10:21.777 [main] DEBUG com.samourai.wallet.bipWallet.WalletSupplierImpl - +BipWallet[SWAPS_REFUNDS]: BipWallet{id='SWAPS_REFUNDS', samouraiAccount=SWAPS_REFUNDS, derivation=BipDerivation{purpose=84, accountIndex=2147483642}, bipFormatDefault=SEGWIT_NATIVE, bipFormats=[SEGWIT_NATIVE], xPub='tpu...rMX', bipPub='vpu...Sr9'}
12:10:21.777 [main] DEBUG com.samourai.wallet.bipWallet.WalletSupplierImpl - +BipWallet[BADBANK_BIP84]: BipWallet{id='BADBANK_BIP84', samouraiAccount=BADBANK, derivation=BipDerivation{purpose=84, accountIndex=2147483644}, bipFormatDefault=SEGWIT_NATIVE, bipFormats=[SEGWIT_NATIVE], xPub='tpu...hmu', bipPub='vpu...tNY'}
12:10:21.777 [main] DEBUG com.samourai.wallet.bipWallet.WalletSupplierImpl - +BipWallet[RICOCHET_BIP84]: BipWallet{id='RICOCHET_BIP84', samouraiAccount=RICOCHET, derivation=BipDerivation{purpose=84, accountIndex=2147483647}, bipFormatDefault=SEGWIT_NATIVE, bipFormats=[SEGWIT_NATIVE], xPub='tpu...UMc', bipPub='vpu...knj'}
12:10:21.777 [main] DEBUG com.samourai.wallet.api.backend.BackendApi - urlBackend=https://api.samouraiwallet.com/test/v2, oAuth=no
12:10:21.777 [main] DEBUG com.samourai.wallet.util.LogbackUtils - Log level set to DEBUG for the logger 'com.samourai'
12:10:21.777 [main] DEBUG com.samourai.wallet.util.LogbackUtils - Log level set to DEBUG for the logger 'com.samourai.whirlpool.client'
12:10:21.777 [main] DEBUG com.samourai.wallet.util.LogbackUtils - Log level set to DEBUG for the logger 'com.samourai.whirlpool.client.mix.dialog'
12:10:21.777 [main] DEBUG com.samourai.wallet.util.LogbackUtils - Log level set to DEBUG for the logger 'com.samourai.stomp.client'
12:10:21.777 [main] DEBUG com.samourai.wallet.util.LogbackUtils - Log level set to DEBUG for the logger 'com.samourai.wallet.util.FeeUtil'
12:10:21.777 [main] DEBUG com.samourai.wallet.util.LogbackUtils - Log level set to DEBUG for the logger 'com.samourai.whirlpool.client.utils'
12:10:21.777 [main] DEBUG com.samourai.wallet.util.LogbackUtils - Log level set to DEBUG for the logger 'com.samourai.whirlpool.client.wallet'
12:10:21.777 [main] DEBUG com.samourai.wallet.util.LogbackUtils - Log level set to DEBUG for the logger 'com.samourai.wallet.cahoots'
12:10:21.777 [main] DEBUG com.samourai.wallet.util.LogbackUtils - Log level set to DEBUG for the logger 'com.samourai.wallet.cahoots.stowaway'
12:10:21.777 [main] DEBUG com.samourai.wallet.util.LogbackUtils - Log level set to DEBUG for the logger 'com.samourai.wallet.cahoots.stonewallx2'
12:10:21.777 [main] DEBUG com.samourai.wallet.util.LogbackUtils - Log level set to DEBUG for the logger 'com.samourai.wallet.sorobanClient'
12:10:21.777 [main] DEBUG com.samourai.wallet.util.LogbackUtils - Log level set to DEBUG for the logger 'com.samourai.soroban.client'
12:10:21.777 [main] DEBUG com.samourai.wallet.util.LogbackUtils - Log level set to DEBUG for the logger 'com.samourai.soroban.client.rpc'
12:10:21.777 [main] DEBUG com.samourai.wallet.util.LogbackUtils - Log level set to DEBUG for the logger 'com.samourai.soroban.client.dialog'
12:10:21.777 [main] DEBUG com.samourai.wallet.util.LogbackUtils - Log level set to DEBUG for the logger 'com.samourai.soroban.client.meeting'
12:10:21.777 [main] DEBUG com.samourai.wallet.util.LogbackUtils - Log level set to DEBUG for the logger 'com.samourai.whirlpool.client.wallet.orchestrator'
12:10:21.777 [main] DEBUG com.samourai.wallet.util.LogbackUtils - Log level set to ERROR for the logger 'org.bitcoinj'
12:10:21.777 [main] DEBUG com.samourai.wallet.util.LogbackUtils - Log level set to WARN for the logger 'org.bitcoin'
12:10:21.777 [main] DEBUG com.samourai.wallet.util.LogbackUtils - Log level set to INFO for the logger 'org.eclipse.jetty'
12:10:21.778 [main] DEBUG com.samourai.wallet.api.backend.BackendApi - pushTx... 010000000001015f5e263ccc20a0d6b34d9b26eb8ac14ff7623b68dd55f8b2fb35d02e49cc9fcf0000000000ffffffff050000000000000000536a4c506ccfebfe774392f9b35bd2440e36370f1f904b7b0bab5bc4437b04748f02fa705bb14939be6d926a66fa65983ade03633d1fdb8c858e44f83ce8d625d5b27cc445663e665ecfd20d811a06061baad401881300000000000016001484a3fbbfdbd4166e5835e99b6ca7cd112c3c9c5559370000000000001600142c0038638b6ee7cd9a11653e1cf3a8fccf249fb8a687010000000000160014022ffa36b5b8dc9ee0a8ca4e6b51ec1745a70df0a68701000000000016001423d282ec3309b6de0b3f76f642150dbd54a8d4d402483045022100f48c654b60a90cc7298590da04e1bc63f90431554c73408064bcc1c5906b29d902205bdc9e3b081136aa1d9d56d3105f75a6308f5c2b38ac3126fbb98c14bc1b392a012103900b856c3780555390f1e70a68bdd3e341efc0110db071bdf190b76fe041657900000000
12:10:21.778 [RxCachedThreadScheduler-2] DEBUG com.samourai.http.client.JettyHttpClient - +POST: https://api.samouraiwallet.com/test/v2/pushtx/ ([])
12:10:22.303 [RxCachedThreadScheduler-2] ERROR com.samourai.http.client.JettyHttpClient - Http query failed: status=400, responseBody={
  "status": "error",
  "error": "bad-txns-inputs-missingorspent"
}
12:10:22.303 [RxCachedThreadScheduler-2] ERROR com.samourai.wallet.httpClient.JacksonHttpClient - postUrlEncoded failed: https://api.samouraiwallet.com/test/v2/pushtx/: HttpResponseException{message=response statusCode=400, responseBody='{
  "status": "error",
  "error": "bad-txns-inputs-missingorspent"
}'}
12:10:22.303 [main] ERROR com.samourai.wallet.api.backend.BackendApi - pushTx failed: PushTxResponse{status=error, data='null', error=bad-txns-inputs-missingorspent}
]]></system-out>
  </testcase>
  <testcase name="fetchTx" classname="com.samourai.wallet.api.backend.BackendApiTest" time="0.698">
    <system-out><![CDATA[12:10:22.310 [main] DEBUG com.samourai.http.client.JettyHttpClient - +httpClient: no proxy
12:10:22.464 [main] DEBUG com.samourai.wallet.bipWallet.WalletSupplierImpl - +BipWallet[DEPOSIT_BIP44]: BipWallet{id='DEPOSIT_BIP44', samouraiAccount=DEPOSIT, derivation=BipDerivation{purpose=44, accountIndex=0}, bipFormatDefault=LEGACY, bipFormats=[LEGACY], xPub='tpu...LwY', bipPub='tpu...LwY'}
12:10:22.464 [main] DEBUG com.samourai.wallet.bipWallet.WalletSupplierImpl - +BipWallet[DEPOSIT_BIP49]: BipWallet{id='DEPOSIT_BIP49', samouraiAccount=DEPOSIT, derivation=BipDerivation{purpose=49, accountIndex=0}, bipFormatDefault=SEGWIT_COMPAT, bipFormats=[SEGWIT_COMPAT], xPub='tpu...eV2', bipPub='upu...38D'}
12:10:22.464 [main] DEBUG com.samourai.wallet.bipWallet.WalletSupplierImpl - +BipWallet[DEPOSIT_BIP84]: BipWallet{id='DEPOSIT_BIP84', samouraiAccount=DEPOSIT, derivation=BipDerivation{purpose=84, accountIndex=0}, bipFormatDefault=SEGWIT_NATIVE, bipFormats=[SEGWIT_NATIVE], xPub='tpu...re9', bipPub='vpu...dCu'}
12:10:22.464 [main] DEBUG com.samourai.wallet.bipWallet.WalletSupplierImpl - +BipWallet[PREMIX_BIP84]: BipWallet{id='PREMIX_BIP84', samouraiAccount=PREMIX, derivation=BipDerivation{purpose=84, accountIndex=2147483645}, bipFormatDefault=SEGWIT_NATIVE, bipFormats=[SEGWIT_NATIVE], xPub='tpu...hvr', bipPub='vpu...4mL'}
12:10:22.464 [main] DEBUG com.samourai.wallet.bipWallet.WalletSupplierImpl - +BipWallet[POSTMIX_BIP84]: BipWallet{id='POSTMIX_BIP84', samouraiAccount=POSTMIX, derivation=BipDerivation{purpose=84, accountIndex=2147483646}, bipFormatDefault=SEGWIT_NATIVE, bipFormats=[SEGWIT_NATIVE, SEGWIT_COMPAT, LEGACY], xPub='tpu...sQD', bipPub='vpu...nrW'}
12:10:22.464 [main] DEBUG com.samourai.wallet.bipWallet.WalletSupplierImpl - +BipWallet[ASB_BIP84]: BipWallet{id='ASB_BIP84', samouraiAccount=SWAPS_ASB, derivation=BipDerivation{purpose=84, accountIndex=2147483641}, bipFormatDefault=SEGWIT_NATIVE, bipFormats=[SEGWIT_NATIVE], xPub='tpu...p4i', bipPub='vpu...sEH'}
12:10:22.464 [main] DEBUG com.samourai.wallet.bipWallet.WalletSupplierImpl - +BipWallet[SWAPS_DEPOSIT]: BipWallet{id='SWAPS_DEPOSIT', samouraiAccount=SWAPS_DEPOSIT, derivation=BipDerivation{purpose=84, accountIndex=2147483643}, bipFormatDefault=SEGWIT_NATIVE, bipFormats=[SEGWIT_NATIVE], xPub='tpu...3s7', bipPub='vpu...HpJ'}
12:10:22.464 [main] DEBUG com.samourai.wallet.bipWallet.WalletSupplierImpl - +BipWallet[SWAPS_REFUNDS]: BipWallet{id='SWAPS_REFUNDS', samouraiAccount=SWAPS_REFUNDS, derivation=BipDerivation{purpose=84, accountIndex=2147483642}, bipFormatDefault=SEGWIT_NATIVE, bipFormats=[SEGWIT_NATIVE], xPub='tpu...rMX', bipPub='vpu...Sr9'}
12:10:22.464 [main] DEBUG com.samourai.wallet.bipWallet.WalletSupplierImpl - +BipWallet[BADBANK_BIP84]: BipWallet{id='BADBANK_BIP84', samouraiAccount=BADBANK, derivation=BipDerivation{purpose=84, accountIndex=2147483644}, bipFormatDefault=SEGWIT_NATIVE, bipFormats=[SEGWIT_NATIVE], xPub='tpu...hmu', bipPub='vpu...tNY'}
12:10:22.464 [main] DEBUG com.samourai.wallet.bipWallet.WalletSupplierImpl - +BipWallet[RICOCHET_BIP84]: BipWallet{id='RICOCHET_BIP84', samouraiAccount=RICOCHET, derivation=BipDerivation{purpose=84, accountIndex=2147483647}, bipFormatDefault=SEGWIT_NATIVE, bipFormats=[SEGWIT_NATIVE], xPub='tpu...UMc', bipPub='vpu...knj'}
12:10:22.464 [main] DEBUG com.samourai.wallet.api.backend.BackendApi - urlBackend=https://api.samouraiwallet.com/test/v2, oAuth=no
12:10:22.464 [main] DEBUG com.samourai.wallet.util.LogbackUtils - Log level set to DEBUG for the logger 'com.samourai'
12:10:22.464 [main] DEBUG com.samourai.wallet.util.LogbackUtils - Log level set to DEBUG for the logger 'com.samourai.whirlpool.client'
12:10:22.464 [main] DEBUG com.samourai.wallet.util.LogbackUtils - Log level set to DEBUG for the logger 'com.samourai.whirlpool.client.mix.dialog'
12:10:22.464 [main] DEBUG com.samourai.wallet.util.LogbackUtils - Log level set to DEBUG for the logger 'com.samourai.stomp.client'
12:10:22.464 [main] DEBUG com.samourai.wallet.util.LogbackUtils - Log level set to DEBUG for the logger 'com.samourai.wallet.util.FeeUtil'
12:10:22.464 [main] DEBUG com.samourai.wallet.util.LogbackUtils - Log level set to DEBUG for the logger 'com.samourai.whirlpool.client.utils'
12:10:22.464 [main] DEBUG com.samourai.wallet.util.LogbackUtils - Log level set to DEBUG for the logger 'com.samourai.whirlpool.client.wallet'
12:10:22.464 [main] DEBUG com.samourai.wallet.util.LogbackUtils - Log level set to DEBUG for the logger 'com.samourai.wallet.cahoots'
12:10:22.464 [main] DEBUG com.samourai.wallet.util.LogbackUtils - Log level set to DEBUG for the logger 'com.samourai.wallet.cahoots.stowaway'
12:10:22.464 [main] DEBUG com.samourai.wallet.util.LogbackUtils - Log level set to DEBUG for the logger 'com.samourai.wallet.cahoots.stonewallx2'
12:10:22.464 [main] DEBUG com.samourai.wallet.util.LogbackUtils - Log level set to DEBUG for the logger 'com.samourai.wallet.sorobanClient'
12:10:22.464 [main] DEBUG com.samourai.wallet.util.LogbackUtils - Log level set to DEBUG for the logger 'com.samourai.soroban.client'
12:10:22.464 [main] DEBUG com.samourai.wallet.util.LogbackUtils - Log level set to DEBUG for the logger 'com.samourai.soroban.client.rpc'
12:10:22.464 [main] DEBUG com.samourai.wallet.util.LogbackUtils - Log level set to DEBUG for the logger 'com.samourai.soroban.client.dialog'
12:10:22.464 [main] DEBUG com.samourai.wallet.util.LogbackUtils - Log level set to DEBUG for the logger 'com.samourai.soroban.client.meeting'
12:10:22.464 [main] DEBUG com.samourai.wallet.util.LogbackUtils - Log level set to DEBUG for the logger 'com.samourai.whirlpool.client.wallet.orchestrator'
12:10:22.464 [main] DEBUG com.samourai.wallet.util.LogbackUtils - Log level set to ERROR for the logger 'org.bitcoinj'
12:10:22.464 [main] DEBUG com.samourai.wallet.util.LogbackUtils - Log level set to WARN for the logger 'org.bitcoin'
12:10:22.464 [main] DEBUG com.samourai.wallet.util.LogbackUtils - Log level set to INFO for the logger 'org.eclipse.jetty'
12:10:22.465 [main] DEBUG com.samourai.http.client.JettyHttpClient - +httpClient: no proxy
12:10:22.617 [main] DEBUG com.samourai.wallet.bipWallet.WalletSupplierImpl - +BipWallet[DEPOSIT_BIP44]: BipWallet{id='DEPOSIT_BIP44', samouraiAccount=DEPOSIT, derivation=BipDerivation{purpose=44, accountIndex=0}, bipFormatDefault=LEGACY, bipFormats=[LEGACY], xPub='tpu...LwY', bipPub='tpu...LwY'}
12:10:22.617 [main] DEBUG com.samourai.wallet.bipWallet.WalletSupplierImpl - +BipWallet[DEPOSIT_BIP49]: BipWallet{id='DEPOSIT_BIP49', samouraiAccount=DEPOSIT, derivation=BipDerivation{purpose=49, accountIndex=0}, bipFormatDefault=SEGWIT_COMPAT, bipFormats=[SEGWIT_COMPAT], xPub='tpu...eV2', bipPub='upu...38D'}
12:10:22.617 [main] DEBUG com.samourai.wallet.bipWallet.WalletSupplierImpl - +BipWallet[DEPOSIT_BIP84]: BipWallet{id='DEPOSIT_BIP84', samouraiAccount=DEPOSIT, derivation=BipDerivation{purpose=84, accountIndex=0}, bipFormatDefault=SEGWIT_NATIVE, bipFormats=[SEGWIT_NATIVE], xPub='tpu...re9', bipPub='vpu...dCu'}
12:10:22.617 [main] DEBUG com.samourai.wallet.bipWallet.WalletSupplierImpl - +BipWallet[PREMIX_BIP84]: BipWallet{id='PREMIX_BIP84', samouraiAccount=PREMIX, derivation=BipDerivation{purpose=84, accountIndex=2147483645}, bipFormatDefault=SEGWIT_NATIVE, bipFormats=[SEGWIT_NATIVE], xPub='tpu...hvr', bipPub='vpu...4mL'}
12:10:22.617 [main] DEBUG com.samourai.wallet.bipWallet.WalletSupplierImpl - +BipWallet[POSTMIX_BIP84]: BipWallet{id='POSTMIX_BIP84', samouraiAccount=POSTMIX, derivation=BipDerivation{purpose=84, accountIndex=2147483646}, bipFormatDefault=SEGWIT_NATIVE, bipFormats=[SEGWIT_NATIVE, SEGWIT_COMPAT, LEGACY], xPub='tpu...sQD', bipPub='vpu...nrW'}
12:10:22.617 [main] DEBUG com.samourai.wallet.bipWallet.WalletSupplierImpl - +BipWallet[ASB_BIP84]: BipWallet{id='ASB_BIP84', samouraiAccount=SWAPS_ASB, derivation=BipDerivation{purpose=84, accountIndex=2147483641}, bipFormatDefault=SEGWIT_NATIVE, bipFormats=[SEGWIT_NATIVE], xPub='tpu...p4i', bipPub='vpu...sEH'}
12:10:22.617 [main] DEBUG com.samourai.wallet.bipWallet.WalletSupplierImpl - +BipWallet[SWAPS_DEPOSIT]: BipWallet{id='SWAPS_DEPOSIT', samouraiAccount=SWAPS_DEPOSIT, derivation=BipDerivation{purpose=84, accountIndex=2147483643}, bipFormatDefault=SEGWIT_NATIVE, bipFormats=[SEGWIT_NATIVE], xPub='tpu...3s7', bipPub='vpu...HpJ'}
12:10:22.617 [main] DEBUG com.samourai.wallet.bipWallet.WalletSupplierImpl - +BipWallet[SWAPS_REFUNDS]: BipWallet{id='SWAPS_REFUNDS', samouraiAccount=SWAPS_REFUNDS, derivation=BipDerivation{purpose=84, accountIndex=2147483642}, bipFormatDefault=SEGWIT_NATIVE, bipFormats=[SEGWIT_NATIVE], xPub='tpu...rMX', bipPub='vpu...Sr9'}
12:10:22.617 [main] DEBUG com.samourai.wallet.bipWallet.WalletSupplierImpl - +BipWallet[BADBANK_BIP84]: BipWallet{id='BADBANK_BIP84', samouraiAccount=BADBANK, derivation=BipDerivation{purpose=84, accountIndex=2147483644}, bipFormatDefault=SEGWIT_NATIVE, bipFormats=[SEGWIT_NATIVE], xPub='tpu...hmu', bipPub='vpu...tNY'}
12:10:22.617 [main] DEBUG com.samourai.wallet.bipWallet.WalletSupplierImpl - +BipWallet[RICOCHET_BIP84]: BipWallet{id='RICOCHET_BIP84', samouraiAccount=RICOCHET, derivation=BipDerivation{purpose=84, accountIndex=2147483647}, bipFormatDefault=SEGWIT_NATIVE, bipFormats=[SEGWIT_NATIVE], xPub='tpu...UMc', bipPub='vpu...knj'}
12:10:22.617 [main] DEBUG com.samourai.wallet.api.backend.BackendApi - urlBackend=https://api.samouraiwallet.com/test/v2, oAuth=no
12:10:22.617 [main] DEBUG com.samourai.wallet.util.LogbackUtils - Log level set to DEBUG for the logger 'com.samourai'
12:10:22.617 [main] DEBUG com.samourai.wallet.util.LogbackUtils - Log level set to DEBUG for the logger 'com.samourai.whirlpool.client'
12:10:22.617 [main] DEBUG com.samourai.wallet.util.LogbackUtils - Log level set to DEBUG for the logger 'com.samourai.whirlpool.client.mix.dialog'
12:10:22.617 [main] DEBUG com.samourai.wallet.util.LogbackUtils - Log level set to DEBUG for the logger 'com.samourai.stomp.client'
12:10:22.617 [main] DEBUG com.samourai.wallet.util.LogbackUtils - Log level set to DEBUG for the logger 'com.samourai.wallet.util.FeeUtil'
12:10:22.617 [main] DEBUG com.samourai.wallet.util.LogbackUtils - Log level set to DEBUG for the logger 'com.samourai.whirlpool.client.utils'
12:10:22.617 [main] DEBUG com.samourai.wallet.util.LogbackUtils - Log level set to DEBUG for the logger 'com.samourai.whirlpool.client.wallet'
12:10:22.617 [main] DEBUG com.samourai.wallet.util.LogbackUtils - Log level set to DEBUG for the logger 'com.samourai.wallet.cahoots'
12:10:22.617 [main] DEBUG com.samourai.wallet.util.LogbackUtils - Log level set to DEBUG for the logger 'com.samourai.wallet.cahoots.stowaway'
12:10:22.617 [main] DEBUG com.samourai.wallet.util.LogbackUtils - Log level set to DEBUG for the logger 'com.samourai.wallet.cahoots.stonewallx2'
12:10:22.617 [main] DEBUG com.samourai.wallet.util.LogbackUtils - Log level set to DEBUG for the logger 'com.samourai.wallet.sorobanClient'
12:10:22.617 [main] DEBUG com.samourai.wallet.util.LogbackUtils - Log level set to DEBUG for the logger 'com.samourai.soroban.client'
12:10:22.617 [main] DEBUG com.samourai.wallet.util.LogbackUtils - Log level set to DEBUG for the logger 'com.samourai.soroban.client.rpc'
12:10:22.617 [main] DEBUG com.samourai.wallet.util.LogbackUtils - Log level set to DEBUG for the logger 'com.samourai.soroban.client.dialog'
12:10:22.617 [main] DEBUG com.samourai.wallet.util.LogbackUtils - Log level set to DEBUG for the logger 'com.samourai.soroban.client.meeting'
12:10:22.617 [main] DEBUG com.samourai.wallet.util.LogbackUtils - Log level set to DEBUG for the logger 'com.samourai.whirlpool.client.wallet.orchestrator'
12:10:22.617 [main] DEBUG com.samourai.wallet.util.LogbackUtils - Log level set to ERROR for the logger 'org.bitcoinj'
12:10:22.617 [main] DEBUG com.samourai.wallet.util.LogbackUtils - Log level set to WARN for the logger 'org.bitcoin'
12:10:22.617 [main] DEBUG com.samourai.wallet.util.LogbackUtils - Log level set to INFO for the logger 'org.eclipse.jetty'
12:10:22.617 [main] DEBUG com.samourai.wallet.api.backend.BackendApi - fetchTx: 0ba8c89afc51b65f133ac40131de7e170a41f87c5a4943502ff5705aae6341a8
12:10:22.619 [RxCachedThreadScheduler-1] DEBUG com.samourai.http.client.JettyHttpClient - +GET: https://api.samouraiwallet.com/test/v2/tx/0ba8c89afc51b65f133ac40131de7e170a41f87c5a4943502ff5705aae6341a8?fees=1 ([])
]]></system-out>
  </testcase>
  <testcase name="initBip84" classname="com.samourai.wallet.api.backend.BackendApiTest" time="0.84">
    <system-out><![CDATA[12:10:23.170 [main] DEBUG com.samourai.http.client.JettyHttpClient - +httpClient: no proxy
12:10:23.324 [main] DEBUG com.samourai.wallet.bipWallet.WalletSupplierImpl - +BipWallet[DEPOSIT_BIP44]: BipWallet{id='DEPOSIT_BIP44', samouraiAccount=DEPOSIT, derivation=BipDerivation{purpose=44, accountIndex=0}, bipFormatDefault=LEGACY, bipFormats=[LEGACY], xPub='tpu...LwY', bipPub='tpu...LwY'}
12:10:23.324 [main] DEBUG com.samourai.wallet.bipWallet.WalletSupplierImpl - +BipWallet[DEPOSIT_BIP49]: BipWallet{id='DEPOSIT_BIP49', samouraiAccount=DEPOSIT, derivation=BipDerivation{purpose=49, accountIndex=0}, bipFormatDefault=SEGWIT_COMPAT, bipFormats=[SEGWIT_COMPAT], xPub='tpu...eV2', bipPub='upu...38D'}
12:10:23.324 [main] DEBUG com.samourai.wallet.bipWallet.WalletSupplierImpl - +BipWallet[DEPOSIT_BIP84]: BipWallet{id='DEPOSIT_BIP84', samouraiAccount=DEPOSIT, derivation=BipDerivation{purpose=84, accountIndex=0}, bipFormatDefault=SEGWIT_NATIVE, bipFormats=[SEGWIT_NATIVE], xPub='tpu...re9', bipPub='vpu...dCu'}
[...]
12:10:28.288 [main] DEBUG com.samourai.wallet.util.LogbackUtils - Log level set to DEBUG for the logger 'com.samourai.whirlpool.client.wallet.orchestrator'
12:10:28.288 [main] DEBUG com.samourai.wallet.util.LogbackUtils - Log level set to ERROR for the logger 'org.bitcoinj'
12:10:28.288 [main] DEBUG com.samourai.wallet.util.LogbackUtils - Log level set to WARN for the logger 'org.bitcoin'
12:10:28.288 [main] DEBUG com.samourai.wallet.util.LogbackUtils - Log level set to INFO for the logger 'org.eclipse.jetty'
12:10:28.289 [main] DEBUG com.samourai.wallet.api.backend.BackendApi - fetchWallet
12:10:28.289 [RxCachedThreadScheduler-2] DEBUG com.samourai.http.client.JettyHttpClient - +GET: https://api.samouraiwallet.com/test/v2/wallet?active=vpub5SLqN2bLY4WeYBwMrtdanr5SfhRC7AyW1aEwbtVbt7t9y6kgBCS6ajVA4LL7Jy2iojpH1hjaiTMp5h4y9dG2dC64bAk9ZwuFCX6AvxFddaa%7Cvpub5b14oTd3mpWGzbxkqgaESn4Pq1MkbLbzvWZju8Y6LiqsN9JXX7ZzvdCp1qDDxLqeHGr6BUssz2yFmUDm5Fp9jTdz4madyxK6mwgsCvYdK5S ([])
]]></system-out>
  </testcase>
  <testcase name="fetchAddressForSweep" classname="com.samourai.wallet.api.backend.BackendApiTest" time="0.0">
    <skipped message="public void com.samourai.wallet.api.backend.BackendApiTest.fetchAddressForSweep() throws java.lang.Exception is @Disabled"/>
    <system-out><![CDATA[12:10:28.856 [main] DEBUG com.samourai.http.client.JettyHttpClient - +httpClient: no proxy
12:10:29.104 [main] DEBUG com.samourai.wallet.bipWallet.WalletSupplierImpl - +BipWallet[DEPOSIT_BIP44]: BipWallet{id='DEPOSIT_BIP44', samouraiAccount=DEPOSIT, derivation=BipDerivation{purpose=44, accountIndex=0}, bipFormatDefault=LEGACY, bipFormats=[LEGACY], xPub='tpu...LwY', bipPub='tpu...LwY'}
12:10:29.104 [main] DEBUG com.samourai.wallet.bipWallet.WalletSupplierImpl - +BipWallet[DEPOSIT_BIP49]: BipWallet{id='DEPOSIT_BIP49', samouraiAccount=DEPOSIT, derivation=BipDerivation{purpose=49, accountIndex=0}, bipFormatDefault=SEGWIT_COMPAT, bipFormats=[SEGWIT_COMPAT], xPub='tpu...eV2', bipPub='upu...38D'}
12:10:29.104 [main] DEBUG com.samourai.wallet.bipWallet.WalletSupplierImpl - +BipWallet[DEPOSIT_BIP84]: BipWallet{id='DEPOSIT_BIP84', samouraiAccount=DEPOSIT, derivation=BipDerivation{purpose=84, accountIndex=0}, bipFormatDefault=SEGWIT_NATIVE, bipFormats=[SEGWIT_NATIVE], xPub='tpu...re9', bipPub='vpu...dCu'}
12:10:29.104 [main] DEBUG com.samourai.wallet.bipWallet.WalletSupplierImpl - +BipWallet[PREMIX_BIP84]: BipWallet{id='PREMIX_BIP84', samouraiAccount=PREMIX, derivation=BipDerivation{purpose=84, accountIndex=2147483645}, bipFormatDefault=SEGWIT_NATIVE, bipFormats=[SEGWIT_NATIVE], xPub='tpu...hvr', bipPub='vpu...4mL'}
12:10:29.104 [main] DEBUG com.samourai.wallet.bipWallet.WalletSupplierImpl - +BipWallet[POSTMIX_BIP84]: BipWallet{id='POSTMIX_BIP84', samouraiAccount=POSTMIX, derivation=BipDerivation{purpose=84, accountIndex=2147483646}, bipFormatDefault=SEGWIT_NATIVE, bipFormats=[SEGWIT_NATIVE, SEGWIT_COMPAT, LEGACY], xPub='tpu...sQD', bipPub='vpu...nrW'}
12:10:29.104 [main] DEBUG com.samourai.wallet.bipWallet.WalletSupplierImpl - +BipWallet[ASB_BIP84]: BipWallet{id='ASB_BIP84', samouraiAccount=SWAPS_ASB, derivation=BipDerivation{purpose=84, accountIndex=2147483641}, bipFormatDefault=SEGWIT_NATIVE, bipFormats=[SEGWIT_NATIVE], xPub='tpu...p4i', bipPub='vpu...sEH'}
12:10:29.104 [main] DEBUG com.samourai.wallet.bipWallet.WalletSupplierImpl - +BipWallet[SWAPS_DEPOSIT]: BipWallet{id='SWAPS_DEPOSIT', samouraiAccount=SWAPS_DEPOSIT, derivation=BipDerivation{purpose=84, accountIndex=2147483643}, bipFormatDefault=SEGWIT_NATIVE, bipFormats=[SEGWIT_NATIVE], xPub='tpu...3s7', bipPub='vpu...HpJ'}
12:10:29.104 [main] DEBUG com.samourai.wallet.bipWallet.WalletSupplierImpl - +BipWallet[SWAPS_REFUNDS]: BipWallet{id='SWAPS_REFUNDS', samouraiAccount=SWAPS_REFUNDS, derivation=BipDerivation{purpose=84, accountIndex=2147483642}, bipFormatDefault=SEGWIT_NATIVE, bipFormats=[SEGWIT_NATIVE], xPub='tpu...rMX', bipPub='vpu...Sr9'}
12:10:29.104 [main] DEBUG com.samourai.wallet.bipWallet.WalletSupplierImpl - +BipWallet[BADBANK_BIP84]: BipWallet{id='BADBANK_BIP84', samouraiAccount=BADBANK, derivation=BipDerivation{purpose=84, accountIndex=2147483644}, bipFormatDefault=SEGWIT_NATIVE, bipFormats=[SEGWIT_NATIVE], xPub='tpu...hmu', bipPub='vpu...tNY'}
12:10:29.104 [main] DEBUG com.samourai.wallet.bipWallet.WalletSupplierImpl - +BipWallet[RICOCHET_BIP84]: BipWallet{id='RICOCHET_BIP84', samouraiAccount=RICOCHET, derivation=BipDerivation{purpose=84, accountIndex=2147483647}, bipFormatDefault=SEGWIT_NATIVE, bipFormats=[SEGWIT_NATIVE], xPub='tpu...UMc', bipPub='vpu...knj'}
12:10:29.104 [main] DEBUG com.samourai.wallet.api.backend.BackendApi - urlBackend=https://api.samouraiwallet.com/test/v2, oAuth=no
12:10:29.104 [main] DEBUG com.samourai.wallet.util.LogbackUtils - Log level set to DEBUG for the logger 'com.samourai'
12:10:29.104 [main] DEBUG com.samourai.wallet.util.LogbackUtils - Log level set to DEBUG for the logger 'com.samourai.whirlpool.client'
12:10:29.104 [main] DEBUG com.samourai.wallet.util.LogbackUtils - Log level set to DEBUG for the logger 'com.samourai.whirlpool.client.mix.dialog'
12:10:29.104 [main] DEBUG com.samourai.wallet.util.LogbackUtils - Log level set to DEBUG for the logger 'com.samourai.stomp.client'
12:10:29.104 [main] DEBUG com.samourai.wallet.util.LogbackUtils - Log level set to DEBUG for the logger 'com.samourai.wallet.util.FeeUtil'
12:10:29.104 [main] DEBUG com.samourai.wallet.util.LogbackUtils - Log level set to DEBUG for the logger 'com.samourai.whirlpool.client.utils'
12:10:29.104 [main] DEBUG com.samourai.wallet.util.LogbackUtils - Log level set to DEBUG for the logger 'com.samourai.whirlpool.client.wallet'
12:10:29.104 [main] DEBUG com.samourai.wallet.util.LogbackUtils - Log level set to DEBUG for the logger 'com.samourai.wallet.cahoots'
12:10:29.104 [main] DEBUG com.samourai.wallet.util.LogbackUtils - Log level set to DEBUG for the logger 'com.samourai.wallet.cahoots.stowaway'
12:10:29.104 [main] DEBUG com.samourai.wallet.util.LogbackUtils - Log level set to DEBUG for the logger 'com.samourai.wallet.cahoots.stonewallx2'
12:10:29.104 [main] DEBUG com.samourai.wallet.util.LogbackUtils - Log level set to DEBUG for the logger 'com.samourai.wallet.sorobanClient'
12:10:29.104 [main] DEBUG com.samourai.wallet.util.LogbackUtils - Log level set to DEBUG for the logger 'com.samourai.soroban.client'
12:10:29.104 [main] DEBUG com.samourai.wallet.util.LogbackUtils - Log level set to DEBUG for the logger 'com.samourai.soroban.client.rpc'
12:10:29.104 [main] DEBUG com.samourai.wallet.util.LogbackUtils - Log level set to DEBUG for the logger 'com.samourai.soroban.client.dialog'
12:10:29.104 [main] DEBUG com.samourai.wallet.util.LogbackUtils - Log level set to DEBUG for the logger 'com.samourai.soroban.client.meeting'
12:10:29.104 [main] DEBUG com.samourai.wallet.util.LogbackUtils - Log level set to DEBUG for the logger 'com.samourai.whirlpool.client.wallet.orchestrator'
12:10:29.104 [main] DEBUG com.samourai.wallet.util.LogbackUtils - Log level set to ERROR for the logger 'org.bitcoinj'
12:10:29.104 [main] DEBUG com.samourai.wallet.util.LogbackUtils - Log level set to WARN for the logger 'org.bitcoin'
12:10:29.104 [main] DEBUG com.samourai.wallet.util.LogbackUtils - Log level set to INFO for the logger 'org.eclipse.jetty'
]]></system-out>
  </testcase>
  <testcase name="fetchWallet_multi" classname="com.samourai.wallet.api.backend.BackendApiTest" time="0.717">
    <system-out><![CDATA[12:10:29.113 [main] DEBUG com.samourai.http.client.JettyHttpClient - +httpClient: no proxy
12:10:29.281 [main] DEBUG com.samourai.wallet.bipWallet.WalletSupplierImpl - +BipWallet[DEPOSIT_BIP44]: BipWallet{id='DEPOSIT_BIP44', samouraiAccount=DEPOSIT, derivation=BipDerivation{purpose=44, accountIndex=0}, bipFormatDefault=LEGACY, bipFormats=[LEGACY], xPub='tpu...LwY', bipPub='tpu...LwY'}
12:10:29.281 [main] DEBUG com.samourai.wallet.bipWallet.WalletSupplierImpl - +BipWallet[DEPOSIT_BIP49]: BipWallet{id='DEPOSIT_BIP49', samouraiAccount=DEPOSIT, derivation=BipDerivation{purpose=49, accountIndex=0}, bipFormatDefault=SEGWIT_COMPAT, bipFormats=[SEGWIT_COMPAT], xPub='tpu...eV2', bipPub='upu...38D'}
12:10:29.281 [main] DEBUG com.samourai.wallet.bipWallet.WalletSupplierImpl - +BipWallet[DEPOSIT_BIP84]: BipWallet{id='DEPOSIT_BIP84', samouraiAccount=DEPOSIT, derivation=BipDerivation{purpose=84, accountIndex=0}, bipFormatDefault=SEGWIT_NATIVE, bipFormats=[SEGWIT_NATIVE], xPub='tpu...re9', bipPub='vpu...dCu'}
12:10:29.281 [main] DEBUG com.samourai.wallet.bipWallet.WalletSupplierImpl - +BipWallet[PREMIX_BIP84]: BipWallet{id='PREMIX_BIP84', samouraiAccount=PREMIX, derivation=BipDerivation{purpose=84, accountIndex=2147483645}, bipFormatDefault=SEGWIT_NATIVE, bipFormats=[SEGWIT_NATIVE], xPub='tpu...hvr', bipPub='vpu...4mL'}
12:10:29.281 [main] DEBUG com.samourai.wallet.bipWallet.WalletSupplierImpl - +BipWallet[POSTMIX_BIP84]: BipWallet{id='POSTMIX_BIP84', samouraiAccount=POSTMIX, derivation=BipDerivation{purpose=84, accountIndex=2147483646}, bipFormatDefault=SEGWIT_NATIVE, bipFormats=[SEGWIT_NATIVE, SEGWIT_COMPAT, LEGACY], xPub='tpu...sQD', bipPub='vpu...nrW'}
12:10:29.281 [main] DEBUG com.samourai.wallet.bipWallet.WalletSupplierImpl - +BipWallet[ASB_BIP84]: BipWallet{id='ASB_BIP84', samouraiAccount=SWAPS_ASB, derivation=BipDerivation{purpose=84, accountIndex=2147483641}, bipFormatDefault=SEGWIT_NATIVE, bipFormats=[SEGWIT_NATIVE], xPub='tpu...p4i', bipPub='vpu...sEH'}
12:10:29.281 [main] DEBUG com.samourai.wallet.bipWallet.WalletSupplierImpl - +BipWallet[SWAPS_DEPOSIT]: BipWallet{id='SWAPS_DEPOSIT', samouraiAccount=SWAPS_DEPOSIT, derivation=BipDerivation{purpose=84, accountIndex=2147483643}, bipFormatDefault=SEGWIT_NATIVE, bipFormats=[SEGWIT_NATIVE], xPub='tpu...3s7', bipPub='vpu...HpJ'}
12:10:29.281 [main] DEBUG com.samourai.wallet.bipWallet.WalletSupplierImpl - +BipWallet[SWAPS_REFUNDS]: BipWallet{id='SWAPS_REFUNDS', samouraiAccount=SWAPS_REFUNDS, derivation=BipDerivation{purpose=84, accountIndex=2147483642}, bipFormatDefault=SEGWIT_NATIVE, bipFormats=[SEGWIT_NATIVE], xPub='tpu...rMX', bipPub='vpu...Sr9'}
12:10:29.281 [main] DEBUG com.samourai.wallet.bipWallet.WalletSupplierImpl - +BipWallet[BADBANK_BIP84]: BipWallet{id='BADBANK_BIP84', samouraiAccount=BADBANK, derivation=BipDerivation{purpose=84, accountIndex=2147483644}, bipFormatDefault=SEGWIT_NATIVE, bipFormats=[SEGWIT_NATIVE], xPub='tpu...hmu', bipPub='vpu...tNY'}
12:10:29.281 [main] DEBUG com.samourai.wallet.bipWallet.WalletSupplierImpl - +BipWallet[RICOCHET_BIP84]: BipWallet{id='RICOCHET_BIP84', samouraiAccount=RICOCHET, derivation=BipDerivation{purpose=84, accountIndex=2147483647}, bipFormatDefault=SEGWIT_NATIVE, bipFormats=[SEGWIT_NATIVE], xPub='tpu...UMc', bipPub='vpu...knj'}
12:10:29.281 [main] DEBUG com.samourai.wallet.api.backend.BackendApi - urlBackend=https://api.samouraiwallet.com/test/v2, oAuth=no
12:10:29.281 [main] DEBUG com.samourai.wallet.util.LogbackUtils - Log level set to DEBUG for the logger 'com.samourai'
12:10:29.281 [main] DEBUG com.samourai.wallet.util.LogbackUtils - Log level set to DEBUG for the logger 'com.samourai.whirlpool.client'
12:10:29.281 [main] DEBUG com.samourai.wallet.util.LogbackUtils - Log level set to DEBUG for the logger 'com.samourai.whirlpool.client.mix.dialog'
12:10:29.281 [main] DEBUG com.samourai.wallet.util.LogbackUtils - Log level set to DEBUG for the logger 'com.samourai.stomp.client'
12:10:29.281 [main] DEBUG com.samourai.wallet.util.LogbackUtils - Log level set to DEBUG for the logger 'com.samourai.wallet.util.FeeUtil'
12:10:29.281 [main] DEBUG com.samourai.wallet.util.LogbackUtils - Log level set to DEBUG for the logger 'com.samourai.whirlpool.client.utils'
12:10:29.281 [main] DEBUG com.samourai.wallet.util.LogbackUtils - Log level set to DEBUG for the logger 'com.samourai.whirlpool.client.wallet'
12:10:29.281 [main] DEBUG com.samourai.wallet.util.LogbackUtils - Log level set to DEBUG for the logger 'com.samourai.wallet.cahoots'
12:10:29.281 [main] DEBUG com.samourai.wallet.util.LogbackUtils - Log level set to DEBUG for the logger 'com.samourai.wallet.cahoots.stowaway'
12:10:29.281 [main] DEBUG com.samourai.wallet.util.LogbackUtils - Log level set to DEBUG for the logger 'com.samourai.wallet.cahoots.stonewallx2'
12:10:29.281 [main] DEBUG com.samourai.wallet.util.LogbackUtils - Log level set to DEBUG for the logger 'com.samourai.wallet.sorobanClient'
12:10:29.281 [main] DEBUG com.samourai.wallet.util.LogbackUtils - Log level set to DEBUG for the logger 'com.samourai.soroban.client'
12:10:29.281 [main] DEBUG com.samourai.wallet.util.LogbackUtils - Log level set to DEBUG for the logger 'com.samourai.soroban.client.rpc'
12:10:29.281 [main] DEBUG com.samourai.wallet.util.LogbackUtils - Log level set to DEBUG for the logger 'com.samourai.soroban.client.dialog'
12:10:29.281 [main] DEBUG com.samourai.wallet.util.LogbackUtils - Log level set to DEBUG for the logger 'com.samourai.soroban.client.meeting'
12:10:29.281 [main] DEBUG com.samourai.wallet.util.LogbackUtils - Log level set to DEBUG for the logger 'com.samourai.whirlpool.client.wallet.orchestrator'
12:10:29.281 [main] DEBUG com.samourai.wallet.util.LogbackUtils - Log level set to ERROR for the logger 'org.bitcoinj'
12:10:29.281 [main] DEBUG com.samourai.wallet.util.LogbackUtils - Log level set to WARN for the logger 'org.bitcoin'
12:10:29.281 [main] DEBUG com.samourai.wallet.util.LogbackUtils - Log level set to INFO for the logger 'org.eclipse.jetty'
12:10:29.282 [main] DEBUG com.samourai.http.client.JettyHttpClient - +httpClient: no proxy
12:10:29.437 [main] DEBUG com.samourai.wallet.bipWallet.WalletSupplierImpl - +BipWallet[DEPOSIT_BIP44]: BipWallet{id='DEPOSIT_BIP44', samouraiAccount=DEPOSIT, derivation=BipDerivation{purpose=44, accountIndex=0}, bipFormatDefault=LEGACY, bipFormats=[LEGACY], xPub='tpu...LwY', bipPub='tpu...LwY'}
12:10:29.437 [main] DEBUG com.samourai.wallet.bipWallet.WalletSupplierImpl - +BipWallet[DEPOSIT_BIP49]: BipWallet{id='DEPOSIT_BIP49', samouraiAccount=DEPOSIT, derivation=BipDerivation{purpose=49, accountIndex=0}, bipFormatDefault=SEGWIT_COMPAT, bipFormats=[SEGWIT_COMPAT], xPub='tpu...eV2', bipPub='upu...38D'}
12:10:29.437 [main] DEBUG com.samourai.wallet.bipWallet.WalletSupplierImpl - +BipWallet[DEPOSIT_BIP84]: BipWallet{id='DEPOSIT_BIP84', samouraiAccount=DEPOSIT, derivation=BipDerivation{purpose=84, accountIndex=0}, bipFormatDefault=SEGWIT_NATIVE, bipFormats=[SEGWIT_NATIVE], xPub='tpu...re9', bipPub='vpu...dCu'}
12:10:29.437 [main] DEBUG com.samourai.wallet.bipWallet.WalletSupplierImpl - +BipWallet[PREMIX_BIP84]: BipWallet{id='PREMIX_BIP84', samouraiAccount=PREMIX, derivation=BipDerivation{purpose=84, accountIndex=2147483645}, bipFormatDefault=SEGWIT_NATIVE, bipFormats=[SEGWIT_NATIVE], xPub='tpu...hvr', bipPub='vpu...4mL'}
12:10:29.437 [main] DEBUG com.samourai.wallet.bipWallet.WalletSupplierImpl - +BipWallet[POSTMIX_BIP84]: BipWallet{id='POSTMIX_BIP84', samouraiAccount=POSTMIX, derivation=BipDerivation{purpose=84, accountIndex=2147483646}, bipFormatDefault=SEGWIT_NATIVE, bipFormats=[SEGWIT_NATIVE, SEGWIT_COMPAT, LEGACY], xPub='tpu...sQD', bipPub='vpu...nrW'}
12:10:29.437 [main] DEBUG com.samourai.wallet.bipWallet.WalletSupplierImpl - +BipWallet[ASB_BIP84]: BipWallet{id='ASB_BIP84', samouraiAccount=SWAPS_ASB, derivation=BipDerivation{purpose=84, accountIndex=2147483641}, bipFormatDefault=SEGWIT_NATIVE, bipFormats=[SEGWIT_NATIVE], xPub='tpu...p4i', bipPub='vpu...sEH'}
12:10:29.437 [main] DEBUG com.samourai.wallet.bipWallet.WalletSupplierImpl - +BipWallet[SWAPS_DEPOSIT]: BipWallet{id='SWAPS_DEPOSIT', samouraiAccount=SWAPS_DEPOSIT, derivation=BipDerivation{purpose=84, accountIndex=2147483643}, bipFormatDefault=SEGWIT_NATIVE, bipFormats=[SEGWIT_NATIVE], xPub='tpu...3s7', bipPub='vpu...HpJ'}
12:10:29.437 [main] DEBUG com.samourai.wallet.bipWallet.WalletSupplierImpl - +BipWallet[SWAPS_REFUNDS]: BipWallet{id='SWAPS_REFUNDS', samouraiAccount=SWAPS_REFUNDS, derivation=BipDerivation{purpose=84, accountIndex=2147483642}, bipFormatDefault=SEGWIT_NATIVE, bipFormats=[SEGWIT_NATIVE], xPub='tpu...rMX', bipPub='vpu...Sr9'}
12:10:29.437 [main] DEBUG com.samourai.wallet.bipWallet.WalletSupplierImpl - +BipWallet[BADBANK_BIP84]: BipWallet{id='BADBANK_BIP84', samouraiAccount=BADBANK, derivation=BipDerivation{purpose=84, accountIndex=2147483644}, bipFormatDefault=SEGWIT_NATIVE, bipFormats=[SEGWIT_NATIVE], xPub='tpu...hmu', bipPub='vpu...tNY'}
12:10:29.437 [main] DEBUG com.samourai.wallet.bipWallet.WalletSupplierImpl - +BipWallet[RICOCHET_BIP84]: BipWallet{id='RICOCHET_BIP84', samouraiAccount=RICOCHET, derivation=BipDerivation{purpose=84, accountIndex=2147483647}, bipFormatDefault=SEGWIT_NATIVE, bipFormats=[SEGWIT_NATIVE], xPub='tpu...UMc', bipPub='vpu...knj'}
12:10:29.437 [main] DEBUG com.samourai.wallet.api.backend.BackendApi - urlBackend=https://api.samouraiwallet.com/test/v2, oAuth=no
12:10:29.437 [main] DEBUG com.samourai.wallet.util.LogbackUtils - Log level set to DEBUG for the logger 'com.samourai'
12:10:29.437 [main] DEBUG com.samourai.wallet.util.LogbackUtils - Log level set to DEBUG for the logger 'com.samourai.whirlpool.client'
12:10:29.437 [main] DEBUG com.samourai.wallet.util.LogbackUtils - Log level set to DEBUG for the logger 'com.samourai.whirlpool.client.mix.dialog'
12:10:29.437 [main] DEBUG com.samourai.wallet.util.LogbackUtils - Log level set to DEBUG for the logger 'com.samourai.stomp.client'
12:10:29.437 [main] DEBUG com.samourai.wallet.util.LogbackUtils - Log level set to DEBUG for the logger 'com.samourai.wallet.util.FeeUtil'
12:10:29.437 [main] DEBUG com.samourai.wallet.util.LogbackUtils - Log level set to DEBUG for the logger 'com.samourai.whirlpool.client.utils'
12:10:29.437 [main] DEBUG com.samourai.wallet.util.LogbackUtils - Log level set to DEBUG for the logger 'com.samourai.whirlpool.client.wallet'
12:10:29.437 [main] DEBUG com.samourai.wallet.util.LogbackUtils - Log level set to DEBUG for the logger 'com.samourai.wallet.cahoots'
12:10:29.437 [main] DEBUG com.samourai.wallet.util.LogbackUtils - Log level set to DEBUG for the logger 'com.samourai.wallet.cahoots.stowaway'
12:10:29.437 [main] DEBUG com.samourai.wallet.util.LogbackUtils - Log level set to DEBUG for the logger 'com.samourai.wallet.cahoots.stonewallx2'
12:10:29.437 [main] DEBUG com.samourai.wallet.util.LogbackUtils - Log level set to DEBUG for the logger 'com.samourai.wallet.sorobanClient'
12:10:29.437 [main] DEBUG com.samourai.wallet.util.LogbackUtils - Log level set to DEBUG for the logger 'com.samourai.soroban.client'
12:10:29.437 [main] DEBUG com.samourai.wallet.util.LogbackUtils - Log level set to DEBUG for the logger 'com.samourai.soroban.client.rpc'
12:10:29.437 [main] DEBUG com.samourai.wallet.util.LogbackUtils - Log level set to DEBUG for the logger 'com.samourai.soroban.client.dialog'
12:10:29.437 [main] DEBUG com.samourai.wallet.util.LogbackUtils - Log level set to DEBUG for the logger 'com.samourai.soroban.client.meeting'
12:10:29.437 [main] DEBUG com.samourai.wallet.util.LogbackUtils - Log level set to DEBUG for the logger 'com.samourai.whirlpool.client.wallet.orchestrator'
12:10:29.437 [main] DEBUG com.samourai.wallet.util.LogbackUtils - Log level set to ERROR for the logger 'org.bitcoinj'
12:10:29.437 [main] DEBUG com.samourai.wallet.util.LogbackUtils - Log level set to WARN for the logger 'org.bitcoin'
12:10:29.437 [main] DEBUG com.samourai.wallet.util.LogbackUtils - Log level set to INFO for the logger 'org.eclipse.jetty'
12:10:29.437 [main] DEBUG com.samourai.wallet.api.backend.BackendApi - fetchWallet
12:10:29.437 [RxCachedThreadScheduler-1] DEBUG com.samourai.http.client.JettyHttpClient - +GET: https://api.samouraiwallet.com/test/v2/wallet?active=vpub5SLqN2bLY4WeYBwMrtdanr5SfhRC7AyW1aEwbtVbt7t9y6kgBCS6ajVA4LL7Jy2iojpH1hjaiTMp5h4y9dG2dC64bAk9ZwuFCX6AvxFddaa%7Cvpub5b14oTd3mpWGzbxkqgaESn4Pq1MkbLbzvWZju8Y6LiqsN9JXX7ZzvdCp1qDDxLqeHGr6BUssz2yFmUDm5Fp9jTdz4madyxK6mwgsCvYdK5S ([])
]]></system-out>
  </testcase>
</testsuite>